Starging at Tue Mar 26 01:47:16 CET 2024
:: initializing oneAPI environment ...
   BASH version = 4.2.46(2)-release
:: dev-utilities -- latest
:: tbb -- latest
:: compiler -- latest
:: dpl -- latest
:: mkl -- latest
:: ipp -- latest
:: mpi -- latest
:: ccl -- latest
:: vtune -- latest
:: dpcpp-ct -- latest
:: dal -- latest
:: intelpython -- latest
:: ippcp -- latest
:: debugger -- latest
:: inspector -- latest
:: clck -- latest
:: itac -- latest
:: oneAPI environment initialized ::
     using /nfsexports/SOFTWARE/intel/oneapi/mpi/2021.1.1/bin/mpirun
Using Python 3.11.8
Python path: /lustre/home/mmollo/.cache/pypoetry/virtualenvs/tesi-magistrale-jxuYGkd5-py3.11/bin/python
Default dtype float64 does not match model dtype float32, converting models to float64.
Optimization started at 2024-03-26 01:47:30.216757
Optimization finished after 0:00:36.469157
Displacements started at 2024-03-26 01:48:06.686723
Displacements finished after 0:00:00.524089
Forces calculation started at 2024-03-26 01:48:07.210852
Forces calculation finished after 0:03:13.560981
Force constants calculation started at 2024-03-26 01:51:20.771893
Force constants calculation finished after 0:00:02.601619
Goodbye from Python!
Tue Mar 26 01:51:41 CET 2024
FINISHED!!!
