Starging at Thu Mar 14 02:05:35 CET 2024
:: initializing oneAPI environment ...
   BASH version = 4.2.46(2)-release
:: dev-utilities -- latest
:: tbb -- latest
:: compiler -- latest
:: dpl -- latest
:: mkl -- latest
:: ipp -- latest
:: mpi -- latest
:: ccl -- latest
:: vtune -- latest
:: dpcpp-ct -- latest
:: dal -- latest
:: intelpython -- latest
:: ippcp -- latest
:: debugger -- latest
:: inspector -- latest
:: clck -- latest
:: itac -- latest
:: oneAPI environment initialized ::
     using /nfsexports/SOFTWARE/intel/oneapi/mpi/2021.1.1/bin/mpirun
Using Python 3.11.8
Python path: /lustre/home/mmollo/.cache/pypoetry/virtualenvs/tesi-magistrale-jxuYGkd5-py3.11/bin/python
/lustre/home/mmollo/.cache/pypoetry/virtualenvs/tesi-magistrale-jxuYGkd5-py3.11/lib/python3.11/site-packages/torch_dftd/torch_dftd3_calculator.py:98: UserWarning: Creating a tensor from a list of numpy.ndarrays is extremely slow. Please consider converting the list to a single numpy.ndarray with numpy.array() before converting to a tensor. (Triggered internally at ../torch/csrc/utils/tensor_new.cpp:275.)
  cell: Optional[Tensor] = torch.tensor(
spglib: Attempt 0 tolerance = 1.000000e-05 failed(line 800, /project/src/spacegroup.c).
spglib: No point group was found (line 405, /project/src/pointgroup.c).
spglib: Attempt 1 tolerance = 9.500000e-06 failed(line 800, /project/src/spacegroup.c).
spglib: Attempt 0 tolerance = 1.000000e-05 failed(line 800, /project/src/spacegroup.c).
spglib: No point group was found (line 405, /project/src/pointgroup.c).
spglib: Attempt 1 tolerance = 9.500000e-06 failed(line 800, /project/src/spacegroup.c).
spglib: Attempt 0 tolerance = 1.000000e-05 failed(line 800, /project/src/spacegroup.c).
spglib: No point group was found (line 405, /project/src/pointgroup.c).
spglib: Attempt 1 tolerance = 9.500000e-06 failed(line 800, /project/src/spacegroup.c).
Using Materials Project MACE for MACECalculator with /lustre/home/mmollo/.cache/mace/5yyxdm76
Using float64 for MACECalculator, which is slower but more accurate. Recommended for geometry optimization.
Using TorchDFTD3Calculator for D3 dispersion corrections (see https://github.com/pfnet-research/torch-dftd)
optimisation started at 2024-03-14 02:05:52.175074
phonons optimization finished after 0:01:11.749355
phonons displacements started at 2024-03-14 02:07:03.924976
phonons displacements finished after 0:00:00.126179
phonons forces started at 2024-03-14 02:07:04.051188
phonons forces finished after 0:00:53.323158
phonons force constants started at 2024-03-14 02:07:57.374382
phonons force constants finished after 0:00:00.286921
phonons thermal started at 2024-03-14 02:07:57.661336
phonons thermal finished after 0:00:03.048702
phonons save started at 2024-03-14 02:08:00.710070
phonons save finished after 0:00:02.125250
phonons band auto started at 2024-03-14 02:08:02.835366
phonons band auto finished after 0:00:03.481796
phonons save cv started at 2024-03-14 02:08:06.317223
phonons save cv&co finished after 0:00:00.042593
phonons dos started at 2024-03-14 02:08:06.359857
phonons dos finished after 0:00:00.269584
phonons pdos started at 2024-03-14 02:08:06.629472
phonons pdos finished after 0:00:00.365727
Python calculations since optimization start finished after 0:02:14.820172
Thu Mar 14 02:08:08 CET 2024
FINISHED!!!
