Energy: -5635.113732815746
Forces:
 [[-8.61416416e-04 -1.70265724e-03 -6.73347629e-01]
 [ 6.67150900e-03 -2.89426891e-03 -6.72835680e-01]
 [-5.67885723e-03  4.45083970e-03 -6.72650143e-01]
 [-5.64982928e-03  4.20562679e-04 -6.56982506e-01]
 [-7.18915773e-03 -1.22745415e-02 -7.26777022e-01]
 [ 3.10359447e-03 -4.81738876e-03 -6.56845182e-01]
 [ 6.24258518e-01  6.30486205e-03  2.05072342e-01]
 [-2.95836272e-01 -5.12887453e-01  2.32648460e-01]
 [-3.06745851e-01  5.44030139e-01  2.05178558e-01]
 [-6.17499568e-01  6.28065883e-04  1.96555658e-01]
 [ 2.95195608e-01  5.11765145e-01  1.93068104e-01]
 [ 3.09347780e-01 -5.34577777e-01  1.96708730e-01]
 [ 2.99383345e-01  5.29531424e-01 -2.13856881e-01]
 [ 2.96883972e-01 -5.28622840e-01 -2.13465755e-01]
 [ 1.98912944e-01 -1.44261849e-01  6.43718564e-02]
 [-6.06135099e-01 -7.09428567e-03 -2.13378376e-01]
 [ 3.08791677e-01  5.24041544e-01 -2.13587213e-01]
 [-3.14016111e-01  5.27593151e-01 -2.20713574e-01]
 [-3.01787104e-01 -5.34378182e-01 -2.20802087e-01]
 [-3.10123019e-01  5.50764465e-01 -2.28688006e-01]
 [ 6.31881261e-01  6.70232918e-03 -2.28541850e-01]
 [-3.11797743e-01 -5.28561911e-01 -2.20535323e-01]
 [ 6.13867077e-01 -8.17957087e-03 -2.20680928e-01]
 [-2.24279988e-01  1.00140287e-01  6.44045561e-02]
 [ 2.88812990e-01  5.01351197e-01  4.47333873e-01]
 [-6.55789886e-01  3.99753159e-02  4.46789579e-01]
 [ 3.62384458e-01 -5.48239045e-01  4.46518379e-01]
 [ 6.28786392e-01 -7.45733379e-04  4.53943377e-01]
 [-3.14900724e-01  5.44300044e-01  4.53671235e-01]
 [-6.12370201e-01 -1.68953653e-03  4.35540017e-01]
 [ 3.04948966e-01 -5.31560126e-01  4.35169016e-01]
 [-2.98354285e-01 -5.16491285e-01  4.62910749e-01]
 [ 6.16033092e-01 -9.57070774e-03  4.61751503e-01]
 [-3.16492883e-01  5.29172059e-01  4.61301658e-01]
 [-3.06926454e-01 -5.32634471e-01  5.92331256e-01]
 [ 2.31712657e-02  4.00121981e-02 -2.01580752e-01]]
