Il mio programma sta iniziando...
Using Python 3.11.7
                Step[ FC]     Time          Energy          fmax
*Force-consistent energies used in optimization.
BFGSLineSearch:    0[  0] 19:42:16    -5635.113733*       0.8537
BFGSLineSearch:    1[  2] 19:42:17    -5635.246590*       0.1996
BFGSLineSearch:    2[  4] 19:42:17    -5635.254589*       0.4076
BFGSLineSearch:    3[  6] 19:42:17    -5635.257774*       0.0779
BFGSLineSearch:    4[  8] 19:42:17    -5635.257971*       0.0640
BFGSLineSearch:    5[  9] 19:42:17    -5635.258280*       0.0482
BFGSLineSearch:    6[ 11] 19:42:18    -5635.258332*       0.0263
                Step[ FC]     Time          Energy          fmax
*Force-consistent energies used in optimization.
BFGSLineSearch:    0[  0] 19:42:18    -5632.808369*       0.8537
BFGSLineSearch:    1[  2] 19:42:18    -5632.941912*       0.1987
BFGSLineSearch:    2[  4] 19:42:18    -5632.950446*       0.4219
BFGSLineSearch:    3[  6] 19:42:18    -5632.953972*       0.0725
BFGSLineSearch:    4[  8] 19:42:18    -5632.954464*       0.0959
BFGSLineSearch:    5[  9] 19:42:19    -5632.956698*       0.0751
BFGSLineSearch:    6[ 11] 19:42:19    -5632.957385*       0.1575
BFGSLineSearch:    7[ 13] 19:42:19    -5632.966387*       0.3485
BFGSLineSearch:    8[ 15] 19:42:19    -5632.972962*       0.1834
BFGSLineSearch:    9[ 16] 19:42:19    -5632.984853*       0.1483
BFGSLineSearch:   10[ 18] 19:42:19    -5632.990978*       0.1905
BFGSLineSearch:   11[ 20] 19:42:20    -5632.998724*       0.1839
BFGSLineSearch:   12[ 22] 19:42:20    -5633.002871*       0.1724
BFGSLineSearch:   13[ 23] 19:42:20    -5633.008819*       0.1325
BFGSLineSearch:   14[ 25] 19:42:20    -5633.011075*       0.0828
BFGSLineSearch:   15[ 27] 19:42:20    -5633.012582*       0.1075
BFGSLineSearch:   16[ 29] 19:42:21    -5633.013363*       0.0333
BFGSLineSearch:   17[ 30] 19:42:21    -5633.013812*       0.0502
BFGSLineSearch:   18[ 32] 19:42:21    -5633.014268*       0.0302
BFGSLineSearch:   19[ 34] 19:42:21    -5633.014398*       0.0304
BFGSLineSearch:   20[ 36] 19:42:22    -5633.014590*       0.0128
    FINISHED!!!
