Starging at Thu Mar 14 03:03:38 CET 2024
:: initializing oneAPI environment ...
   BASH version = 4.2.46(2)-release
:: dev-utilities -- latest
:: tbb -- latest
:: compiler -- latest
:: dpl -- latest
:: mkl -- latest
:: ipp -- latest
:: mpi -- latest
:: ccl -- latest
:: vtune -- latest
:: dpcpp-ct -- latest
:: dal -- latest
:: intelpython -- latest
:: ippcp -- latest
:: debugger -- latest
:: inspector -- latest
:: clck -- latest
:: itac -- latest
:: oneAPI environment initialized ::
     using /nfsexports/SOFTWARE/intel/oneapi/mpi/2021.1.1/bin/mpirun
Using Python 3.11.8
Python path: /lustre/home/mmollo/.cache/pypoetry/virtualenvs/tesi-magistrale-jxuYGkd5-py3.11/bin/python
/lustre/home/mmollo/.cache/pypoetry/virtualenvs/tesi-magistrale-jxuYGkd5-py3.11/lib/python3.11/site-packages/torch_dftd/torch_dftd3_calculator.py:98: UserWarning: Creating a tensor from a list of numpy.ndarrays is extremely slow. Please consider converting the list to a single numpy.ndarray with numpy.array() before converting to a tensor. (Triggered internally at ../torch/csrc/utils/tensor_new.cpp:275.)
  cell: Optional[Tensor] = torch.tensor(
spglib: Attempt 0 tolerance = 1.000000e-05 failed(line 800, /project/src/spacegroup.c).
spglib: No point group was found (line 405, /project/src/pointgroup.c).
spglib: Attempt 1 tolerance = 9.500000e-06 failed(line 800, /project/src/spacegroup.c).
spglib: Attempt 0 tolerance = 1.000000e-05 failed(line 800, /project/src/spacegroup.c).
spglib: No point group was found (line 405, /project/src/pointgroup.c).
spglib: Attempt 1 tolerance = 9.500000e-06 failed(line 800, /project/src/spacegroup.c).
spglib: Attempt 0 tolerance = 1.000000e-05 failed(line 800, /project/src/spacegroup.c).
spglib: No point group was found (line 405, /project/src/pointgroup.c).
spglib: Attempt 1 tolerance = 9.500000e-06 failed(line 800, /project/src/spacegroup.c).
Using Materials Project MACE for MACECalculator with /lustre/home/mmollo/.cache/mace/5yyxdm76
Using float64 for MACECalculator, which is slower but more accurate. Recommended for geometry optimization.
Using TorchDFTD3Calculator for D3 dispersion corrections (see https://github.com/pfnet-research/torch-dftd)
optimisation started at 2024-03-14 03:03:56.118052
phonons optimization finished after 0:01:19.613003
phonons displacements started at 2024-03-14 03:05:15.731670
phonons displacements finished after 0:00:00.126259
phonons forces started at 2024-03-14 03:05:15.857963
phonons forces finished after 0:00:53.372469
phonons force constants started at 2024-03-14 03:06:09.230468
phonons force constants finished after 0:00:00.276175
phonons thermal started at 2024-03-14 03:06:09.506675
phonons thermal finished after 0:00:02.896760
phonons save started at 2024-03-14 03:06:12.403477
phonons save finished after 0:00:01.279426
phonons band auto started at 2024-03-14 03:06:13.682947
phonons band auto finished after 0:00:03.852075
phonons save cv started at 2024-03-14 03:06:17.535064
phonons save cv&co finished after 0:00:00.020930
phonons dos started at 2024-03-14 03:06:17.556037
phonons dos finished after 0:17:14.280253
phonons pdos started at 2024-03-14 03:23:31.836317
Traceback (most recent call last):
  File "/ibiscostorage/mmollo/tesi-magistrale/simulazioni/02_water/04_crystal_phonons/phonopy/MACE-MP-0-d3-medium/ICE-Ih/supercell=2/kgrid=64/./phonons.py", line 334, in <module>
    result["phonon"].run_projected_dos()
  File "/lustre/home/mmollo/.cache/pypoetry/virtualenvs/tesi-magistrale-jxuYGkd5-py3.11/lib/python3.11/site-packages/phonopy/api_phonopy.py", line 2368, in run_projected_dos
    self._pdos.run()
  File "/lustre/home/mmollo/.cache/pypoetry/virtualenvs/tesi-magistrale-jxuYGkd5-py3.11/lib/python3.11/site-packages/phonopy/phonon/dos.py", line 361, in run
    self._run_tetrahedron_method_dos()
  File "/lustre/home/mmollo/.cache/pypoetry/virtualenvs/tesi-magistrale-jxuYGkd5-py3.11/lib/python3.11/site-packages/phonopy/phonon/dos.py", line 462, in _run_tetrahedron_method_dos
    pdos = run_tetrahedron_method_dos(
           ^^^^^^^^^^^^^^^^^^^^^^^^^^^
  File "/lustre/home/mmollo/.cache/pypoetry/virtualenvs/tesi-magistrale-jxuYGkd5-py3.11/lib/python3.11/site-packages/phonopy/phonon/dos.py", line 706, in run_tetrahedron_method_dos
    dos = np.zeros(arr_shape, dtype="double")
          ^^^^^^^^^^^^^^^^^^^^^^^^^^^^^^^^^^^
numpy.core._exceptions._ArrayMemoryError: Unable to allocate 1.49 TiB for an array with shape (262144, 108, 201, 36) and data type float64
Thu Mar 14 03:42:56 CET 2024
FINISHED!!!
