:: initializing oneAPI environment ...
   BASH version = 4.2.46(2)-release
:: dev-utilities -- latest
:: tbb -- latest
:: compiler -- latest
:: dpl -- latest
:: mkl -- latest
:: ipp -- latest
:: mpi -- latest
:: ccl -- latest
:: vtune -- latest
:: dpcpp-ct -- latest
:: dal -- latest
:: intelpython -- latest
:: ippcp -- latest
:: debugger -- latest
:: inspector -- latest
:: clck -- latest
:: itac -- latest
:: oneAPI environment initialized ::
     using /nfsexports/SOFTWARE/intel/oneapi/mpi/2021.1.1/bin/mpirun
Using Python 3.11.5
Python path: /lustre/home/mmollo/.cache/pypoetry/virtualenvs/tesi-magistrale-jxuYGkd5-py3.11/bin/python
/lustre/home/mmollo/.cache/pypoetry/virtualenvs/tesi-magistrale-jxuYGkd5-py3.11/lib/python3.11/site-packages/torch_dftd/torch_dftd3_calculator.py:98: UserWarning: Creating a tensor from a list of numpy.ndarrays is extremely slow. Please consider converting the list to a single numpy.ndarray with numpy.array() before converting to a tensor. (Triggered internally at ../torch/csrc/utils/tensor_new.cpp:275.)
  cell: Optional[Tensor] = torch.tensor(
Using float64 for MACECalculator, which is slower but more accurate. Recommended for geometry optimization.
Default dtype float64 does not match model dtype float32, converting models to float64.
Using TorchDFTD3Calculator for D3 dispersion corrections (see https://github.com/pfnet-research/torch-dftd)
FINISHED!!!
