:: initializing oneAPI environment ...
   BASH version = 4.2.46(2)-release
:: dev-utilities -- latest
:: tbb -- latest
:: compiler -- latest
:: dpl -- latest
:: mkl -- latest
:: ipp -- latest
:: mpi -- latest
:: ccl -- latest
:: vtune -- latest
:: dpcpp-ct -- latest
:: dal -- latest
:: intelpython -- latest
:: ippcp -- latest
:: debugger -- latest
:: inspector -- latest
:: clck -- latest
:: itac -- latest
:: oneAPI environment initialized ::
     using /nfsexports/SOFTWARE/intel/oneapi/mpi/2021.1.1/bin/mpirun
Using Python 3.11.8
Python path: /lustre/home/mmollo/.cache/pypoetry/virtualenvs/tesi-magistrale-jxuYGkd5-py3.11/bin/python
Using Materials Project MACE for MACECalculator with /lustre/home/mmollo/.cache/mace/5yyxdm76
Using float64 for MACECalculator, which is slower but more accurate. Recommended for geometry optimization.
Molecular dynamics started at 2024-04-22 23:00:35.225751
Molecular dynamics finished after 0:35:23.214557
FINISHED!!!
