Starging at Wed Mar 20 02:22:36 CET 2024
:: initializing oneAPI environment ...
   BASH version = 4.2.46(2)-release
:: dev-utilities -- latest
:: tbb -- latest
:: compiler -- latest
:: dpl -- latest
:: mkl -- latest
:: ipp -- latest
:: mpi -- latest
:: ccl -- latest
:: vtune -- latest
:: dpcpp-ct -- latest
:: dal -- latest
:: intelpython -- latest
:: ippcp -- latest
:: debugger -- latest
:: inspector -- latest
:: clck -- latest
:: itac -- latest
:: oneAPI environment initialized ::
     using /nfsexports/SOFTWARE/intel/oneapi/mpi/2021.1.1/bin/mpirun
Using Python 3.11.8
Python path: /lustre/home/mmollo/.cache/pypoetry/virtualenvs/tesi-magistrale-jxuYGkd5-py3.11/bin/python
Default dtype float64 does not match model dtype float32, converting models to float64.
Optimization started at 2024-03-20 02:22:41.104503
Optimization finished after 0:00:44.760090
Displacements started at 2024-03-20 02:23:25.864809
Displacements finished after 0:00:00.253556
Forces calculation started at 2024-03-20 02:23:26.118386
Forces calculation finished after 0:00:21.480530
Force constants calculation started at 2024-03-20 02:23:47.598947
Force constants calculation finished after 0:00:00.338589
Goodbye from Python!
Wed Mar 20 02:23:55 CET 2024
FINISHED!!!
