Starging at Tue Mar 19 23:36:38 CET 2024
:: initializing oneAPI environment ...
   BASH version = 4.2.46(2)-release
:: dev-utilities -- latest
:: tbb -- latest
:: compiler -- latest
:: dpl -- latest
:: mkl -- latest
:: ipp -- latest
:: mpi -- latest
:: ccl -- latest
:: vtune -- latest
:: dpcpp-ct -- latest
:: dal -- latest
:: intelpython -- latest
:: ippcp -- latest
:: debugger -- latest
:: inspector -- latest
:: clck -- latest
:: itac -- latest
:: oneAPI environment initialized ::
     using /nfsexports/SOFTWARE/intel/oneapi/mpi/2021.1.1/bin/mpirun
Using Python 3.11.8
Python path: /lustre/home/mmollo/.cache/pypoetry/virtualenvs/tesi-magistrale-jxuYGkd5-py3.11/bin/python
Default dtype float64 does not match model dtype float32, converting models to float64.
Optimization started at 2024-03-19 23:36:59.897629
Optimization finished after 0:00:44.211065
Displacements started at 2024-03-19 23:37:44.108939
Displacements finished after 0:00:00.430060
Forces calculation started at 2024-03-19 23:37:44.539011
Forces calculation finished after 0:00:08.348860
Force constants calculation started at 2024-03-19 23:37:52.887897
Force constants calculation finished after 0:00:00.226998
Goodbye from Python!
Tue Mar 19 23:37:55 CET 2024
FINISHED!!!
