Using Python 3.11.7
WARNING, 2 imaginary frequencies at q = ( 0.00,  0.00,  0.00) ; (omega_q = 1.429e-02*i)
WARNING, 3 imaginary frequencies at q = ( 0.05,  0.00,  0.00) ; (omega_q = 1.667e-01*i)
WARNING, 5 imaginary frequencies at q = ( 0.09,  0.00,  0.00) ; (omega_q = 3.031e-01*i)
WARNING, 5 imaginary frequencies at q = ( 0.14,  0.00,  0.00) ; (omega_q = 3.949e-01*i)
WARNING, 6 imaginary frequencies at q = ( 0.18,  0.00,  0.00) ; (omega_q = 4.526e-01*i)
WARNING, 6 imaginary frequencies at q = ( 0.23,  0.00,  0.00) ; (omega_q = 4.810e-01*i)
WARNING, 7 imaginary frequencies at q = ( 0.27,  0.00,  0.00) ; (omega_q = 4.815e-01*i)
WARNING, 6 imaginary frequencies at q = ( 0.32,  0.00,  0.00) ; (omega_q = 4.537e-01*i)
WARNING, 5 imaginary frequencies at q = ( 0.36,  0.00,  0.00) ; (omega_q = 3.953e-01*i)
WARNING, 4 imaginary frequencies at q = ( 0.41,  0.00,  0.00) ; (omega_q = 2.999e-01*i)
WARNING, 3 imaginary frequencies at q = ( 0.45,  0.00,  0.00) ; (omega_q = 1.425e-01*i)
WARNING, 4 imaginary frequencies at q = ( 0.47, -0.06,  0.00) ; (omega_q = 2.139e-01*i)
WARNING, 7 imaginary frequencies at q = ( 0.44, -0.11,  0.00) ; (omega_q = 3.799e-01*i)
WARNING, 8 imaginary frequencies at q = ( 0.42, -0.17,  0.00) ; (omega_q = 4.723e-01*i)
WARNING, 10 imaginary frequencies at q = ( 0.39, -0.22,  0.00) ; (omega_q = 5.153e-01*i)
WARNING, 10 imaginary frequencies at q = ( 0.36, -0.28,  0.00) ; (omega_q = 5.205e-01*i)
WARNING, 10 imaginary frequencies at q = ( 0.33, -0.33,  0.00) ; (omega_q = 5.010e-01*i)
WARNING, 10 imaginary frequencies at q = ( 0.31, -0.31,  0.00) ; (omega_q = 5.293e-01*i)
WARNING, 10 imaginary frequencies at q = ( 0.28, -0.28,  0.00) ; (omega_q = 5.473e-01*i)
WARNING, 10 imaginary frequencies at q = ( 0.26, -0.26,  0.00) ; (omega_q = 5.551e-01*i)
WARNING, 10 imaginary frequencies at q = ( 0.23, -0.23,  0.00) ; (omega_q = 5.528e-01*i)
WARNING, 9 imaginary frequencies at q = ( 0.21, -0.21,  0.00) ; (omega_q = 5.405e-01*i)
WARNING, 9 imaginary frequencies at q = ( 0.18, -0.18,  0.00) ; (omega_q = 5.177e-01*i)
WARNING, 9 imaginary frequencies at q = ( 0.15, -0.15,  0.00) ; (omega_q = 4.841e-01*i)
WARNING, 9 imaginary frequencies at q = ( 0.13, -0.13,  0.00) ; (omega_q = 4.388e-01*i)
WARNING, 7 imaginary frequencies at q = ( 0.10, -0.10,  0.00) ; (omega_q = 3.804e-01*i)
WARNING, 7 imaginary frequencies at q = ( 0.08, -0.08,  0.00) ; (omega_q = 3.070e-01*i)
WARNING, 5 imaginary frequencies at q = ( 0.05, -0.05,  0.00) ; (omega_q = 2.170e-01*i)
WARNING, 3 imaginary frequencies at q = ( 0.03, -0.03,  0.00) ; (omega_q = 1.156e-01*i)
WARNING, 2 imaginary frequencies at q = ( 0.00,  0.00,  0.00) ; (omega_q = 1.429e-02*i)
WARNING, 4 imaginary frequencies at q = ( 0.00,  0.00, -0.05) ; (omega_q = 1.718e-01*i)
WARNING, 4 imaginary frequencies at q = ( 0.00,  0.00, -0.09) ; (omega_q = 3.586e-01*i)
WARNING, 6 imaginary frequencies at q = ( 0.00,  0.00, -0.14) ; (omega_q = 4.886e-01*i)
WARNING, 7 imaginary frequencies at q = ( 0.00,  0.00, -0.18) ; (omega_q = 5.661e-01*i)
WARNING, 7 imaginary frequencies at q = ( 0.00,  0.00, -0.23) ; (omega_q = 6.030e-01*i)
WARNING, 7 imaginary frequencies at q = ( 0.00,  0.00, -0.27) ; (omega_q = 6.030e-01*i)
WARNING, 7 imaginary frequencies at q = ( 0.00,  0.00, -0.32) ; (omega_q = 5.659e-01*i)
WARNING, 6 imaginary frequencies at q = ( 0.00,  0.00, -0.36) ; (omega_q = 4.882e-01*i)
WARNING, 5 imaginary frequencies at q = ( 0.00,  0.00, -0.41) ; (omega_q = 3.576e-01*i)
WARNING, 3 imaginary frequencies at q = ( 0.00,  0.00, -0.45) ; (omega_q = 1.679e-01*i)
WARNING, 3 imaginary frequencies at q = ( 0.04,  0.00, -0.50) ; (omega_q = 1.393e-01*i)
WARNING, 5 imaginary frequencies at q = ( 0.08,  0.00, -0.50) ; (omega_q = 2.866e-01*i)
WARNING, 6 imaginary frequencies at q = ( 0.12,  0.00, -0.50) ; (omega_q = 3.834e-01*i)
WARNING, 6 imaginary frequencies at q = ( 0.17,  0.00, -0.50) ; (omega_q = 4.473e-01*i)
WARNING, 6 imaginary frequencies at q = ( 0.21,  0.00, -0.50) ; (omega_q = 4.842e-01*i)
WARNING, 7 imaginary frequencies at q = ( 0.25,  0.00, -0.50) ; (omega_q = 4.963e-01*i)
WARNING, 7 imaginary frequencies at q = ( 0.29,  0.00, -0.50) ; (omega_q = 4.839e-01*i)
WARNING, 7 imaginary frequencies at q = ( 0.33,  0.00, -0.50) ; (omega_q = 4.465e-01*i)
WARNING, 6 imaginary frequencies at q = ( 0.38,  0.00, -0.50) ; (omega_q = 3.820e-01*i)
WARNING, 5 imaginary frequencies at q = ( 0.42,  0.00, -0.50) ; (omega_q = 2.833e-01*i)
WARNING, 2 imaginary frequencies at q = ( 0.46,  0.00, -0.50) ; (omega_q = 1.136e-01*i)
WARNING, 4 imaginary frequencies at q = ( 0.48, -0.05, -0.50) ; (omega_q = 1.737e-01*i)
WARNING, 8 imaginary frequencies at q = ( 0.45, -0.10, -0.50) ; (omega_q = 3.465e-01*i)
WARNING, 9 imaginary frequencies at q = ( 0.43, -0.14, -0.50) ; (omega_q = 4.464e-01*i)
WARNING, 9 imaginary frequencies at q = ( 0.40, -0.19, -0.50) ; (omega_q = 5.037e-01*i)
WARNING, 9 imaginary frequencies at q = ( 0.38, -0.24, -0.50) ; (omega_q = 5.282e-01*i)
WARNING, 10 imaginary frequencies at q = ( 0.36, -0.29, -0.50) ; (omega_q = 5.279e-01*i)
WARNING, 10 imaginary frequencies at q = ( 0.33, -0.33, -0.50) ; (omega_q = 5.126e-01*i)
WARNING, 10 imaginary frequencies at q = ( 0.31, -0.31, -0.50) ; (omega_q = 5.392e-01*i)
WARNING, 10 imaginary frequencies at q = ( 0.29, -0.29, -0.50) ; (omega_q = 5.565e-01*i)
WARNING, 10 imaginary frequencies at q = ( 0.26, -0.26, -0.50) ; (omega_q = 5.648e-01*i)
WARNING, 10 imaginary frequencies at q = ( 0.24, -0.24, -0.50) ; (omega_q = 5.643e-01*i)
WARNING, 10 imaginary frequencies at q = ( 0.21, -0.21, -0.50) ; (omega_q = 5.551e-01*i)
WARNING, 10 imaginary frequencies at q = ( 0.19, -0.19, -0.50) ; (omega_q = 5.371e-01*i)
WARNING, 10 imaginary frequencies at q = ( 0.17, -0.17, -0.50) ; (omega_q = 5.100e-01*i)
WARNING, 9 imaginary frequencies at q = ( 0.14, -0.14, -0.50) ; (omega_q = 4.732e-01*i)
WARNING, 8 imaginary frequencies at q = ( 0.12, -0.12, -0.50) ; (omega_q = 4.257e-01*i)
WARNING, 8 imaginary frequencies at q = ( 0.10, -0.10, -0.50) ; (omega_q = 3.665e-01*i)
WARNING, 7 imaginary frequencies at q = ( 0.07, -0.07, -0.50) ; (omega_q = 2.951e-01*i)
WARNING, 5 imaginary frequencies at q = ( 0.05, -0.05, -0.50) ; (omega_q = 2.085e-01*i)
WARNING, 2 imaginary frequencies at q = ( 0.02, -0.02, -0.50) ; (omega_q = 8.242e-02*i)
WARNING, 3 imaginary frequencies at q = ( 0.50,  0.00, -0.45) ; (omega_q = 1.809e-01*i)
WARNING, 5 imaginary frequencies at q = ( 0.50,  0.00, -0.41) ; (omega_q = 3.756e-01*i)
WARNING, 6 imaginary frequencies at q = ( 0.50,  0.00, -0.36) ; (omega_q = 4.906e-01*i)
WARNING, 7 imaginary frequencies at q = ( 0.50,  0.00, -0.32) ; (omega_q = 5.605e-01*i)
WARNING, 7 imaginary frequencies at q = ( 0.50,  0.00, -0.27) ; (omega_q = 5.940e-01*i)
WARNING, 7 imaginary frequencies at q = ( 0.50,  0.00, -0.23) ; (omega_q = 5.941e-01*i)
WARNING, 7 imaginary frequencies at q = ( 0.50,  0.00, -0.18) ; (omega_q = 5.608e-01*i)
WARNING, 6 imaginary frequencies at q = ( 0.50,  0.00, -0.14) ; (omega_q = 4.914e-01*i)
WARNING, 5 imaginary frequencies at q = ( 0.50,  0.00, -0.09) ; (omega_q = 3.775e-01*i)
WARNING, 4 imaginary frequencies at q = ( 0.50,  0.00, -0.05) ; (omega_q = 1.923e-01*i)
WARNING, 10 imaginary frequencies at q = ( 0.33, -0.33,  0.00) ; (omega_q = 5.010e-01*i)
WARNING, 10 imaginary frequencies at q = ( 0.33, -0.33, -0.04) ; (omega_q = 4.974e-01*i)
WARNING, 9 imaginary frequencies at q = ( 0.33, -0.33, -0.08) ; (omega_q = 5.062e-01*i)
WARNING, 9 imaginary frequencies at q = ( 0.33, -0.33, -0.12) ; (omega_q = 5.175e-01*i)
WARNING, 9 imaginary frequencies at q = ( 0.33, -0.33, -0.17) ; (omega_q = 5.239e-01*i)
WARNING, 10 imaginary frequencies at q = ( 0.33, -0.33, -0.21) ; (omega_q = 5.253e-01*i)
WARNING, 10 imaginary frequencies at q = ( 0.33, -0.33, -0.25) ; (omega_q = 5.230e-01*i)
WARNING, 10 imaginary frequencies at q = ( 0.33, -0.33, -0.29) ; (omega_q = 5.181e-01*i)
WARNING, 10 imaginary frequencies at q = ( 0.33, -0.33, -0.33) ; (omega_q = 5.126e-01*i)
WARNING, 10 imaginary frequencies at q = ( 0.33, -0.33, -0.38) ; (omega_q = 5.115e-01*i)
WARNING, 10 imaginary frequencies at q = ( 0.33, -0.33, -0.42) ; (omega_q = 5.141e-01*i)
WARNING, 10 imaginary frequencies at q = ( 0.33, -0.33, -0.46) ; (omega_q = 5.150e-01*i)
WARNING, 10 imaginary frequencies at q = ( 0.33, -0.33, -0.50) ; (omega_q = 5.126e-01*i)
WARNING, 8 imaginary frequencies at q = (-0.45, -0.45, -0.45) ; (omega_q = 3.867e-01*i)
WARNING, 9 imaginary frequencies at q = (-0.45, -0.45, -0.35) ; (omega_q = 5.641e-01*i)
WARNING, 9 imaginary frequencies at q = (-0.45, -0.45, -0.25) ; (omega_q = 5.824e-01*i)
WARNING, 8 imaginary frequencies at q = (-0.45, -0.45, -0.15) ; (omega_q = 4.464e-01*i)
WARNING, 5 imaginary frequencies at q = (-0.45, -0.45, -0.05) ; (omega_q = 2.274e-01*i)
WARNING, 7 imaginary frequencies at q = (-0.45, -0.45,  0.05) ; (omega_q = 3.917e-01*i)
WARNING, 8 imaginary frequencies at q = (-0.45, -0.45,  0.15) ; (omega_q = 5.663e-01*i)
WARNING, 9 imaginary frequencies at q = (-0.45, -0.45,  0.25) ; (omega_q = 5.840e-01*i)
WARNING, 8 imaginary frequencies at q = (-0.45, -0.45,  0.35) ; (omega_q = 4.477e-01*i)
WARNING, 4 imaginary frequencies at q = (-0.45, -0.45,  0.45) ; (omega_q = 2.269e-01*i)
WARNING, 10 imaginary frequencies at q = (-0.45, -0.35, -0.45) ; (omega_q = 4.867e-01*i)
WARNING, 11 imaginary frequencies at q = (-0.45, -0.35, -0.35) ; (omega_q = 5.651e-01*i)
WARNING, 10 imaginary frequencies at q = (-0.45, -0.35, -0.25) ; (omega_q = 5.476e-01*i)
WARNING, 9 imaginary frequencies at q = (-0.45, -0.35, -0.15) ; (omega_q = 4.361e-01*i)
WARNING, 7 imaginary frequencies at q = (-0.45, -0.35, -0.05) ; (omega_q = 4.230e-01*i)
WARNING, 9 imaginary frequencies at q = (-0.45, -0.35,  0.05) ; (omega_q = 4.902e-01*i)
WARNING, 11 imaginary frequencies at q = (-0.45, -0.35,  0.15) ; (omega_q = 5.678e-01*i)
WARNING, 10 imaginary frequencies at q = (-0.45, -0.35,  0.25) ; (omega_q = 5.510e-01*i)
WARNING, 9 imaginary frequencies at q = (-0.45, -0.35,  0.35) ; (omega_q = 4.426e-01*i)
WARNING, 8 imaginary frequencies at q = (-0.45, -0.35,  0.45) ; (omega_q = 4.250e-01*i)
WARNING, 10 imaginary frequencies at q = (-0.45, -0.25, -0.45) ; (omega_q = 4.947e-01*i)
WARNING, 10 imaginary frequencies at q = (-0.45, -0.25, -0.35) ; (omega_q = 5.202e-01*i)
WARNING, 10 imaginary frequencies at q = (-0.45, -0.25, -0.25) ; (omega_q = 5.287e-01*i)
WARNING, 9 imaginary frequencies at q = (-0.45, -0.25, -0.15) ; (omega_q = 4.849e-01*i)
WARNING, 7 imaginary frequencies at q = (-0.45, -0.25, -0.05) ; (omega_q = 4.907e-01*i)
WARNING, 9 imaginary frequencies at q = (-0.45, -0.25,  0.05) ; (omega_q = 4.926e-01*i)
WARNING, 10 imaginary frequencies at q = (-0.45, -0.25,  0.15) ; (omega_q = 5.238e-01*i)
WARNING, 9 imaginary frequencies at q = (-0.45, -0.25,  0.25) ; (omega_q = 5.341e-01*i)
WARNING, 10 imaginary frequencies at q = (-0.45, -0.25,  0.35) ; (omega_q = 4.953e-01*i)
WARNING, 9 imaginary frequencies at q = (-0.45, -0.25,  0.45) ; (omega_q = 4.896e-01*i)
WARNING, 9 imaginary frequencies at q = (-0.45, -0.15, -0.45) ; (omega_q = 4.027e-01*i)
WARNING, 9 imaginary frequencies at q = (-0.45, -0.15, -0.35) ; (omega_q = 4.828e-01*i)
WARNING, 10 imaginary frequencies at q = (-0.45, -0.15, -0.25) ; (omega_q = 5.473e-01*i)
WARNING, 10 imaginary frequencies at q = (-0.45, -0.15, -0.15) ; (omega_q = 5.321e-01*i)
WARNING, 7 imaginary frequencies at q = (-0.45, -0.15, -0.05) ; (omega_q = 4.561e-01*i)
WARNING, 8 imaginary frequencies at q = (-0.45, -0.15,  0.05) ; (omega_q = 4.011e-01*i)
WARNING, 9 imaginary frequencies at q = (-0.45, -0.15,  0.15) ; (omega_q = 4.900e-01*i)
WARNING, 9 imaginary frequencies at q = (-0.45, -0.15,  0.25) ; (omega_q = 5.444e-01*i)
WARNING, 10 imaginary frequencies at q = (-0.45, -0.15,  0.35) ; (omega_q = 5.312e-01*i)
WARNING, 8 imaginary frequencies at q = (-0.45, -0.15,  0.45) ; (omega_q = 4.557e-01*i)
WARNING, 6 imaginary frequencies at q = (-0.45, -0.05, -0.45) ; (omega_q = 2.879e-01*i)
WARNING, 8 imaginary frequencies at q = (-0.45, -0.05, -0.35) ; (omega_q = 5.121e-01*i)
WARNING, 8 imaginary frequencies at q = (-0.45, -0.05, -0.25) ; (omega_q = 5.865e-01*i)
WARNING, 8 imaginary frequencies at q = (-0.45, -0.05, -0.15) ; (omega_q = 5.193e-01*i)
WARNING, 6 imaginary frequencies at q = (-0.45, -0.05, -0.05) ; (omega_q = 2.977e-01*i)
WARNING, 6 imaginary frequencies at q = (-0.45, -0.05,  0.05) ; (omega_q = 2.939e-01*i)
WARNING, 8 imaginary frequencies at q = (-0.45, -0.05,  0.15) ; (omega_q = 5.114e-01*i)
WARNING, 8 imaginary frequencies at q = (-0.45, -0.05,  0.25) ; (omega_q = 5.859e-01*i)
WARNING, 8 imaginary frequencies at q = (-0.45, -0.05,  0.35) ; (omega_q = 5.191e-01*i)
WARNING, 6 imaginary frequencies at q = (-0.45, -0.05,  0.45) ; (omega_q = 2.940e-01*i)
WARNING, 7 imaginary frequencies at q = (-0.45,  0.05, -0.45) ; (omega_q = 3.895e-01*i)
WARNING, 9 imaginary frequencies at q = (-0.45,  0.05, -0.35) ; (omega_q = 5.679e-01*i)
WARNING, 9 imaginary frequencies at q = (-0.45,  0.05, -0.25) ; (omega_q = 5.825e-01*i)
WARNING, 8 imaginary frequencies at q = (-0.45,  0.05, -0.15) ; (omega_q = 4.420e-01*i)
WARNING, 5 imaginary frequencies at q = (-0.45,  0.05, -0.05) ; (omega_q = 2.204e-01*i)
WARNING, 6 imaginary frequencies at q = (-0.45,  0.05,  0.05) ; (omega_q = 3.942e-01*i)
WARNING, 8 imaginary frequencies at q = (-0.45,  0.05,  0.15) ; (omega_q = 5.694e-01*i)
WARNING, 9 imaginary frequencies at q = (-0.45,  0.05,  0.25) ; (omega_q = 5.835e-01*i)
WARNING, 7 imaginary frequencies at q = (-0.45,  0.05,  0.35) ; (omega_q = 4.423e-01*i)
WARNING, 5 imaginary frequencies at q = (-0.45,  0.05,  0.45) ; (omega_q = 2.229e-01*i)
WARNING, 9 imaginary frequencies at q = (-0.45,  0.15, -0.45) ; (omega_q = 4.983e-01*i)
WARNING, 10 imaginary frequencies at q = (-0.45,  0.15, -0.35) ; (omega_q = 5.696e-01*i)
WARNING, 10 imaginary frequencies at q = (-0.45,  0.15, -0.25) ; (omega_q = 5.414e-01*i)
WARNING, 9 imaginary frequencies at q = (-0.45,  0.15, -0.15) ; (omega_q = 4.348e-01*i)
WARNING, 7 imaginary frequencies at q = (-0.45,  0.15, -0.05) ; (omega_q = 4.059e-01*i)
WARNING, 9 imaginary frequencies at q = (-0.45,  0.15,  0.05) ; (omega_q = 4.963e-01*i)
WARNING, 10 imaginary frequencies at q = (-0.45,  0.15,  0.15) ; (omega_q = 5.710e-01*i)
WARNING, 10 imaginary frequencies at q = (-0.45,  0.15,  0.25) ; (omega_q = 5.399e-01*i)
WARNING, 9 imaginary frequencies at q = (-0.45,  0.15,  0.35) ; (omega_q = 4.311e-01*i)
WARNING, 8 imaginary frequencies at q = (-0.45,  0.15,  0.45) ; (omega_q = 4.139e-01*i)
WARNING, 9 imaginary frequencies at q = (-0.45,  0.25, -0.45) ; (omega_q = 5.044e-01*i)
WARNING, 10 imaginary frequencies at q = (-0.45,  0.25, -0.35) ; (omega_q = 5.213e-01*i)
WARNING, 10 imaginary frequencies at q = (-0.45,  0.25, -0.25) ; (omega_q = 5.412e-01*i)
WARNING, 10 imaginary frequencies at q = (-0.45,  0.25, -0.15) ; (omega_q = 4.819e-01*i)
WARNING, 8 imaginary frequencies at q = (-0.45,  0.25, -0.05) ; (omega_q = 4.792e-01*i)
WARNING, 9 imaginary frequencies at q = (-0.45,  0.25,  0.05) ; (omega_q = 4.998e-01*i)
WARNING, 10 imaginary frequencies at q = (-0.45,  0.25,  0.15) ; (omega_q = 5.206e-01*i)
WARNING, 10 imaginary frequencies at q = (-0.45,  0.25,  0.25) ; (omega_q = 5.365e-01*i)
WARNING, 10 imaginary frequencies at q = (-0.45,  0.25,  0.35) ; (omega_q = 4.848e-01*i)
WARNING, 8 imaginary frequencies at q = (-0.45,  0.25,  0.45) ; (omega_q = 4.877e-01*i)
WARNING, 9 imaginary frequencies at q = (-0.45,  0.35, -0.45) ; (omega_q = 4.078e-01*i)
WARNING, 10 imaginary frequencies at q = (-0.45,  0.35, -0.35) ; (omega_q = 5.009e-01*i)
WARNING, 11 imaginary frequencies at q = (-0.45,  0.35, -0.25) ; (omega_q = 5.597e-01*i)
WARNING, 10 imaginary frequencies at q = (-0.45,  0.35, -0.15) ; (omega_q = 5.225e-01*i)
WARNING, 7 imaginary frequencies at q = (-0.45,  0.35, -0.05) ; (omega_q = 4.509e-01*i)
WARNING, 8 imaginary frequencies at q = (-0.45,  0.35,  0.05) ; (omega_q = 4.014e-01*i)
WARNING, 9 imaginary frequencies at q = (-0.45,  0.35,  0.15) ; (omega_q = 4.995e-01*i)
WARNING, 10 imaginary frequencies at q = (-0.45,  0.35,  0.25) ; (omega_q = 5.572e-01*i)
WARNING, 10 imaginary frequencies at q = (-0.45,  0.35,  0.35) ; (omega_q = 5.248e-01*i)
WARNING, 8 imaginary frequencies at q = (-0.45,  0.35,  0.45) ; (omega_q = 4.549e-01*i)
WARNING, 6 imaginary frequencies at q = (-0.45,  0.45, -0.45) ; (omega_q = 3.022e-01*i)
WARNING, 8 imaginary frequencies at q = (-0.45,  0.45, -0.35) ; (omega_q = 5.227e-01*i)
WARNING, 8 imaginary frequencies at q = (-0.45,  0.45, -0.25) ; (omega_q = 5.863e-01*i)
WARNING, 8 imaginary frequencies at q = (-0.45,  0.45, -0.15) ; (omega_q = 5.093e-01*i)
WARNING, 6 imaginary frequencies at q = (-0.45,  0.45, -0.05) ; (omega_q = 3.025e-01*i)
WARNING, 6 imaginary frequencies at q = (-0.45,  0.45,  0.05) ; (omega_q = 3.134e-01*i)
WARNING, 8 imaginary frequencies at q = (-0.45,  0.45,  0.15) ; (omega_q = 5.220e-01*i)
WARNING, 8 imaginary frequencies at q = (-0.45,  0.45,  0.25) ; (omega_q = 5.867e-01*i)
WARNING, 8 imaginary frequencies at q = (-0.45,  0.45,  0.35) ; (omega_q = 5.117e-01*i)
WARNING, 6 imaginary frequencies at q = (-0.45,  0.45,  0.45) ; (omega_q = 2.984e-01*i)
WARNING, 8 imaginary frequencies at q = (-0.35, -0.45, -0.45) ; (omega_q = 5.011e-01*i)
WARNING, 10 imaginary frequencies at q = (-0.35, -0.45, -0.35) ; (omega_q = 5.768e-01*i)
WARNING, 9 imaginary frequencies at q = (-0.35, -0.45, -0.25) ; (omega_q = 5.558e-01*i)
WARNING, 9 imaginary frequencies at q = (-0.35, -0.45, -0.15) ; (omega_q = 4.418e-01*i)
WARNING, 7 imaginary frequencies at q = (-0.35, -0.45, -0.05) ; (omega_q = 4.036e-01*i)
WARNING, 8 imaginary frequencies at q = (-0.35, -0.45,  0.05) ; (omega_q = 5.003e-01*i)
WARNING, 9 imaginary frequencies at q = (-0.35, -0.45,  0.15) ; (omega_q = 5.784e-01*i)
WARNING, 9 imaginary frequencies at q = (-0.35, -0.45,  0.25) ; (omega_q = 5.574e-01*i)
WARNING, 9 imaginary frequencies at q = (-0.35, -0.45,  0.35) ; (omega_q = 4.428e-01*i)
WARNING, 7 imaginary frequencies at q = (-0.35, -0.45,  0.45) ; (omega_q = 4.198e-01*i)
WARNING, 10 imaginary frequencies at q = (-0.35, -0.35, -0.45) ; (omega_q = 5.444e-01*i)
WARNING, 11 imaginary frequencies at q = (-0.35, -0.35, -0.35) ; (omega_q = 5.674e-01*i)
WARNING, 10 imaginary frequencies at q = (-0.35, -0.35, -0.25) ; (omega_q = 5.151e-01*i)
WARNING, 9 imaginary frequencies at q = (-0.35, -0.35, -0.15) ; (omega_q = 4.978e-01*i)
WARNING, 9 imaginary frequencies at q = (-0.35, -0.35, -0.05) ; (omega_q = 4.969e-01*i)
WARNING, 9 imaginary frequencies at q = (-0.35, -0.35,  0.05) ; (omega_q = 5.443e-01*i)
WARNING, 10 imaginary frequencies at q = (-0.35, -0.35,  0.15) ; (omega_q = 5.689e-01*i)
WARNING, 10 imaginary frequencies at q = (-0.35, -0.35,  0.25) ; (omega_q = 5.158e-01*i)
WARNING, 9 imaginary frequencies at q = (-0.35, -0.35,  0.35) ; (omega_q = 4.988e-01*i)
WARNING, 9 imaginary frequencies at q = (-0.35, -0.35,  0.45) ; (omega_q = 4.987e-01*i)
WARNING, 10 imaginary frequencies at q = (-0.35, -0.25, -0.45) ; (omega_q = 5.420e-01*i)
WARNING, 10 imaginary frequencies at q = (-0.35, -0.25, -0.35) ; (omega_q = 5.326e-01*i)
WARNING, 9 imaginary frequencies at q = (-0.35, -0.25, -0.25) ; (omega_q = 5.321e-01*i)
WARNING, 9 imaginary frequencies at q = (-0.35, -0.25, -0.15) ; (omega_q = 5.283e-01*i)
WARNING, 9 imaginary frequencies at q = (-0.35, -0.25, -0.05) ; (omega_q = 5.286e-01*i)
WARNING, 10 imaginary frequencies at q = (-0.35, -0.25,  0.05) ; (omega_q = 5.322e-01*i)
WARNING, 10 imaginary frequencies at q = (-0.35, -0.25,  0.15) ; (omega_q = 5.390e-01*i)
WARNING, 9 imaginary frequencies at q = (-0.35, -0.25,  0.25) ; (omega_q = 5.341e-01*i)
WARNING, 10 imaginary frequencies at q = (-0.35, -0.25,  0.35) ; (omega_q = 5.268e-01*i)
WARNING, 10 imaginary frequencies at q = (-0.35, -0.25,  0.45) ; (omega_q = 5.296e-01*i)
WARNING, 10 imaginary frequencies at q = (-0.35, -0.15, -0.45) ; (omega_q = 4.899e-01*i)
WARNING, 10 imaginary frequencies at q = (-0.35, -0.15, -0.35) ; (omega_q = 5.019e-01*i)
WARNING, 10 imaginary frequencies at q = (-0.35, -0.15, -0.25) ; (omega_q = 5.193e-01*i)
WARNING, 9 imaginary frequencies at q = (-0.35, -0.15, -0.15) ; (omega_q = 5.156e-01*i)
WARNING, 9 imaginary frequencies at q = (-0.35, -0.15, -0.05) ; (omega_q = 4.779e-01*i)
WARNING, 9 imaginary frequencies at q = (-0.35, -0.15,  0.05) ; (omega_q = 4.851e-01*i)
WARNING, 9 imaginary frequencies at q = (-0.35, -0.15,  0.15) ; (omega_q = 5.058e-01*i)
WARNING, 10 imaginary frequencies at q = (-0.35, -0.15,  0.25) ; (omega_q = 5.148e-01*i)
WARNING, 10 imaginary frequencies at q = (-0.35, -0.15,  0.35) ; (omega_q = 5.138e-01*i)
WARNING, 10 imaginary frequencies at q = (-0.35, -0.15,  0.45) ; (omega_q = 4.861e-01*i)
WARNING, 8 imaginary frequencies at q = (-0.35, -0.05, -0.45) ; (omega_q = 4.550e-01*i)
WARNING, 9 imaginary frequencies at q = (-0.35, -0.05, -0.35) ; (omega_q = 5.239e-01*i)
WARNING, 9 imaginary frequencies at q = (-0.35, -0.05, -0.25) ; (omega_q = 5.573e-01*i)
WARNING, 8 imaginary frequencies at q = (-0.35, -0.05, -0.15) ; (omega_q = 5.046e-01*i)
WARNING, 8 imaginary frequencies at q = (-0.35, -0.05, -0.05) ; (omega_q = 4.016e-01*i)
WARNING, 7 imaginary frequencies at q = (-0.35, -0.05,  0.05) ; (omega_q = 4.532e-01*i)
WARNING, 9 imaginary frequencies at q = (-0.35, -0.05,  0.15) ; (omega_q = 5.238e-01*i)
WARNING, 9 imaginary frequencies at q = (-0.35, -0.05,  0.25) ; (omega_q = 5.568e-01*i)
WARNING, 9 imaginary frequencies at q = (-0.35, -0.05,  0.35) ; (omega_q = 5.025e-01*i)
WARNING, 8 imaginary frequencies at q = (-0.35, -0.05,  0.45) ; (omega_q = 4.174e-01*i)
WARNING, 8 imaginary frequencies at q = (-0.35,  0.05, -0.45) ; (omega_q = 4.907e-01*i)
WARNING, 9 imaginary frequencies at q = (-0.35,  0.05, -0.35) ; (omega_q = 5.685e-01*i)
WARNING, 9 imaginary frequencies at q = (-0.35,  0.05, -0.25) ; (omega_q = 5.529e-01*i)
WARNING, 7 imaginary frequencies at q = (-0.35,  0.05, -0.15) ; (omega_q = 4.386e-01*i)
WARNING, 6 imaginary frequencies at q = (-0.35,  0.05, -0.05) ; (omega_q = 4.005e-01*i)
WARNING, 8 imaginary frequencies at q = (-0.35,  0.05,  0.05) ; (omega_q = 4.946e-01*i)
WARNING, 9 imaginary frequencies at q = (-0.35,  0.05,  0.15) ; (omega_q = 5.702e-01*i)
WARNING, 9 imaginary frequencies at q = (-0.35,  0.05,  0.25) ; (omega_q = 5.514e-01*i)
WARNING, 8 imaginary frequencies at q = (-0.35,  0.05,  0.35) ; (omega_q = 4.353e-01*i)
WARNING, 7 imaginary frequencies at q = (-0.35,  0.05,  0.45) ; (omega_q = 4.121e-01*i)
WARNING, 10 imaginary frequencies at q = (-0.35,  0.15, -0.45) ; (omega_q = 5.474e-01*i)
WARNING, 11 imaginary frequencies at q = (-0.35,  0.15, -0.35) ; (omega_q = 5.613e-01*i)
WARNING, 10 imaginary frequencies at q = (-0.35,  0.15, -0.25) ; (omega_q = 5.120e-01*i)
WARNING, 8 imaginary frequencies at q = (-0.35,  0.15, -0.15) ; (omega_q = 4.804e-01*i)
WARNING, 8 imaginary frequencies at q = (-0.35,  0.15, -0.05) ; (omega_q = 4.790e-01*i)
WARNING, 10 imaginary frequencies at q = (-0.35,  0.15,  0.05) ; (omega_q = 5.466e-01*i)
WARNING, 11 imaginary frequencies at q = (-0.35,  0.15,  0.15) ; (omega_q = 5.612e-01*i)
WARNING, 9 imaginary frequencies at q = (-0.35,  0.15,  0.25) ; (omega_q = 5.051e-01*i)
WARNING, 9 imaginary frequencies at q = (-0.35,  0.15,  0.35) ; (omega_q = 4.846e-01*i)
WARNING, 9 imaginary frequencies at q = (-0.35,  0.15,  0.45) ; (omega_q = 4.895e-01*i)
WARNING, 10 imaginary frequencies at q = (-0.35,  0.25, -0.45) ; (omega_q = 5.461e-01*i)
WARNING, 11 imaginary frequencies at q = (-0.35,  0.25, -0.35) ; (omega_q = 5.389e-01*i)
WARNING, 9 imaginary frequencies at q = (-0.35,  0.25, -0.25) ; (omega_q = 5.264e-01*i)
WARNING, 9 imaginary frequencies at q = (-0.35,  0.25, -0.15) ; (omega_q = 5.144e-01*i)
WARNING, 9 imaginary frequencies at q = (-0.35,  0.25, -0.05) ; (omega_q = 5.217e-01*i)
WARNING, 10 imaginary frequencies at q = (-0.35,  0.25,  0.05) ; (omega_q = 5.380e-01*i)
WARNING, 10 imaginary frequencies at q = (-0.35,  0.25,  0.15) ; (omega_q = 5.338e-01*i)
WARNING, 9 imaginary frequencies at q = (-0.35,  0.25,  0.25) ; (omega_q = 5.278e-01*i)
WARNING, 10 imaginary frequencies at q = (-0.35,  0.25,  0.35) ; (omega_q = 5.196e-01*i)
WARNING, 10 imaginary frequencies at q = (-0.35,  0.25,  0.45) ; (omega_q = 5.297e-01*i)
WARNING, 9 imaginary frequencies at q = (-0.35,  0.35, -0.45) ; (omega_q = 4.876e-01*i)
WARNING, 10 imaginary frequencies at q = (-0.35,  0.35, -0.35) ; (omega_q = 5.220e-01*i)
WARNING, 10 imaginary frequencies at q = (-0.35,  0.35, -0.25) ; (omega_q = 5.307e-01*i)
WARNING, 10 imaginary frequencies at q = (-0.35,  0.35, -0.15) ; (omega_q = 5.106e-01*i)
WARNING, 9 imaginary frequencies at q = (-0.35,  0.35, -0.05) ; (omega_q = 4.850e-01*i)
WARNING, 9 imaginary frequencies at q = (-0.35,  0.35,  0.05) ; (omega_q = 4.787e-01*i)
WARNING, 9 imaginary frequencies at q = (-0.35,  0.35,  0.15) ; (omega_q = 5.227e-01*i)
WARNING, 10 imaginary frequencies at q = (-0.35,  0.35,  0.25) ; (omega_q = 5.297e-01*i)
WARNING, 9 imaginary frequencies at q = (-0.35,  0.35,  0.35) ; (omega_q = 5.097e-01*i)
WARNING, 9 imaginary frequencies at q = (-0.35,  0.35,  0.45) ; (omega_q = 4.940e-01*i)
WARNING, 7 imaginary frequencies at q = (-0.35,  0.45, -0.45) ; (omega_q = 4.644e-01*i)
WARNING, 9 imaginary frequencies at q = (-0.35,  0.45, -0.35) ; (omega_q = 5.456e-01*i)
WARNING, 9 imaginary frequencies at q = (-0.35,  0.45, -0.25) ; (omega_q = 5.616e-01*i)
WARNING, 9 imaginary frequencies at q = (-0.35,  0.45, -0.15) ; (omega_q = 4.991e-01*i)
WARNING, 8 imaginary frequencies at q = (-0.35,  0.45, -0.05) ; (omega_q = 3.976e-01*i)
WARNING, 8 imaginary frequencies at q = (-0.35,  0.45,  0.05) ; (omega_q = 4.647e-01*i)
WARNING, 9 imaginary frequencies at q = (-0.35,  0.45,  0.15) ; (omega_q = 5.444e-01*i)
WARNING, 9 imaginary frequencies at q = (-0.35,  0.45,  0.25) ; (omega_q = 5.634e-01*i)
WARNING, 9 imaginary frequencies at q = (-0.35,  0.45,  0.35) ; (omega_q = 5.011e-01*i)
WARNING, 8 imaginary frequencies at q = (-0.35,  0.45,  0.45) ; (omega_q = 4.137e-01*i)
WARNING, 9 imaginary frequencies at q = (-0.25, -0.45, -0.45) ; (omega_q = 5.162e-01*i)
WARNING, 10 imaginary frequencies at q = (-0.25, -0.45, -0.35) ; (omega_q = 5.412e-01*i)
WARNING, 9 imaginary frequencies at q = (-0.25, -0.45, -0.25) ; (omega_q = 5.482e-01*i)
WARNING, 9 imaginary frequencies at q = (-0.25, -0.45, -0.15) ; (omega_q = 4.789e-01*i)
WARNING, 8 imaginary frequencies at q = (-0.25, -0.45, -0.05) ; (omega_q = 4.858e-01*i)
WARNING, 9 imaginary frequencies at q = (-0.25, -0.45,  0.05) ; (omega_q = 5.061e-01*i)
WARNING, 9 imaginary frequencies at q = (-0.25, -0.45,  0.15) ; (omega_q = 5.424e-01*i)
WARNING, 9 imaginary frequencies at q = (-0.25, -0.45,  0.25) ; (omega_q = 5.511e-01*i)
WARNING, 9 imaginary frequencies at q = (-0.25, -0.45,  0.35) ; (omega_q = 4.936e-01*i)
WARNING, 8 imaginary frequencies at q = (-0.25, -0.45,  0.45) ; (omega_q = 5.016e-01*i)
WARNING, 10 imaginary frequencies at q = (-0.25, -0.35, -0.45) ; (omega_q = 5.488e-01*i)
WARNING, 10 imaginary frequencies at q = (-0.25, -0.35, -0.35) ; (omega_q = 5.445e-01*i)
WARNING, 10 imaginary frequencies at q = (-0.25, -0.35, -0.25) ; (omega_q = 5.305e-01*i)
WARNING, 9 imaginary frequencies at q = (-0.25, -0.35, -0.15) ; (omega_q = 5.255e-01*i)
WARNING, 9 imaginary frequencies at q = (-0.25, -0.35, -0.05) ; (omega_q = 5.246e-01*i)
WARNING, 9 imaginary frequencies at q = (-0.25, -0.35,  0.05) ; (omega_q = 5.379e-01*i)
WARNING, 10 imaginary frequencies at q = (-0.25, -0.35,  0.15) ; (omega_q = 5.382e-01*i)
WARNING, 10 imaginary frequencies at q = (-0.25, -0.35,  0.25) ; (omega_q = 5.303e-01*i)
WARNING, 9 imaginary frequencies at q = (-0.25, -0.35,  0.35) ; (omega_q = 5.280e-01*i)
WARNING, 10 imaginary frequencies at q = (-0.25, -0.35,  0.45) ; (omega_q = 5.344e-01*i)
WARNING, 11 imaginary frequencies at q = (-0.25, -0.25, -0.45) ; (omega_q = 5.641e-01*i)
WARNING, 10 imaginary frequencies at q = (-0.25, -0.25, -0.35) ; (omega_q = 5.594e-01*i)
WARNING, 9 imaginary frequencies at q = (-0.25, -0.25, -0.25) ; (omega_q = 5.562e-01*i)
WARNING, 9 imaginary frequencies at q = (-0.25, -0.25, -0.15) ; (omega_q = 5.519e-01*i)
WARNING, 9 imaginary frequencies at q = (-0.25, -0.25, -0.05) ; (omega_q = 5.501e-01*i)
WARNING, 10 imaginary frequencies at q = (-0.25, -0.25,  0.05) ; (omega_q = 5.544e-01*i)
WARNING, 10 imaginary frequencies at q = (-0.25, -0.25,  0.15) ; (omega_q = 5.523e-01*i)
WARNING, 9 imaginary frequencies at q = (-0.25, -0.25,  0.25) ; (omega_q = 5.514e-01*i)
WARNING, 10 imaginary frequencies at q = (-0.25, -0.25,  0.35) ; (omega_q = 5.519e-01*i)
WARNING, 10 imaginary frequencies at q = (-0.25, -0.25,  0.45) ; (omega_q = 5.607e-01*i)
WARNING, 10 imaginary frequencies at q = (-0.25, -0.15, -0.45) ; (omega_q = 5.344e-01*i)
WARNING, 9 imaginary frequencies at q = (-0.25, -0.15, -0.35) ; (omega_q = 5.303e-01*i)
WARNING, 9 imaginary frequencies at q = (-0.25, -0.15, -0.25) ; (omega_q = 5.284e-01*i)
WARNING, 9 imaginary frequencies at q = (-0.25, -0.15, -0.15) ; (omega_q = 5.363e-01*i)
WARNING, 9 imaginary frequencies at q = (-0.25, -0.15, -0.05) ; (omega_q = 5.346e-01*i)
WARNING, 9 imaginary frequencies at q = (-0.25, -0.15,  0.05) ; (omega_q = 5.210e-01*i)
WARNING, 9 imaginary frequencies at q = (-0.25, -0.15,  0.15) ; (omega_q = 5.173e-01*i)
WARNING, 9 imaginary frequencies at q = (-0.25, -0.15,  0.25) ; (omega_q = 5.236e-01*i)
WARNING, 10 imaginary frequencies at q = (-0.25, -0.15,  0.35) ; (omega_q = 5.403e-01*i)
WARNING, 10 imaginary frequencies at q = (-0.25, -0.15,  0.45) ; (omega_q = 5.395e-01*i)
WARNING, 8 imaginary frequencies at q = (-0.25, -0.05, -0.45) ; (omega_q = 4.951e-01*i)
WARNING, 9 imaginary frequencies at q = (-0.25, -0.05, -0.35) ; (omega_q = 4.862e-01*i)
WARNING, 9 imaginary frequencies at q = (-0.25, -0.05, -0.25) ; (omega_q = 5.486e-01*i)
WARNING, 9 imaginary frequencies at q = (-0.25, -0.05, -0.15) ; (omega_q = 5.370e-01*i)
WARNING, 8 imaginary frequencies at q = (-0.25, -0.05, -0.05) ; (omega_q = 4.920e-01*i)
WARNING, 8 imaginary frequencies at q = (-0.25, -0.05,  0.05) ; (omega_q = 4.791e-01*i)
WARNING, 9 imaginary frequencies at q = (-0.25, -0.05,  0.15) ; (omega_q = 4.792e-01*i)
WARNING, 9 imaginary frequencies at q = (-0.25, -0.05,  0.25) ; (omega_q = 5.469e-01*i)
WARNING, 9 imaginary frequencies at q = (-0.25, -0.05,  0.35) ; (omega_q = 5.342e-01*i)
WARNING, 8 imaginary frequencies at q = (-0.25, -0.05,  0.45) ; (omega_q = 5.039e-01*i)
WARNING, 8 imaginary frequencies at q = (-0.25,  0.05, -0.45) ; (omega_q = 4.983e-01*i)
WARNING, 9 imaginary frequencies at q = (-0.25,  0.05, -0.35) ; (omega_q = 5.258e-01*i)
WARNING, 9 imaginary frequencies at q = (-0.25,  0.05, -0.25) ; (omega_q = 5.474e-01*i)
WARNING, 9 imaginary frequencies at q = (-0.25,  0.05, -0.15) ; (omega_q = 4.873e-01*i)
WARNING, 8 imaginary frequencies at q = (-0.25,  0.05, -0.05) ; (omega_q = 4.850e-01*i)
WARNING, 8 imaginary frequencies at q = (-0.25,  0.05,  0.05) ; (omega_q = 4.902e-01*i)
WARNING, 9 imaginary frequencies at q = (-0.25,  0.05,  0.15) ; (omega_q = 5.269e-01*i)
WARNING, 9 imaginary frequencies at q = (-0.25,  0.05,  0.25) ; (omega_q = 5.439e-01*i)
WARNING, 9 imaginary frequencies at q = (-0.25,  0.05,  0.35) ; (omega_q = 4.916e-01*i)
WARNING, 7 imaginary frequencies at q = (-0.25,  0.05,  0.45) ; (omega_q = 4.957e-01*i)
WARNING, 10 imaginary frequencies at q = (-0.25,  0.15, -0.45) ; (omega_q = 5.433e-01*i)
WARNING, 10 imaginary frequencies at q = (-0.25,  0.15, -0.35) ; (omega_q = 5.358e-01*i)
WARNING, 10 imaginary frequencies at q = (-0.25,  0.15, -0.25) ; (omega_q = 5.256e-01*i)
WARNING, 9 imaginary frequencies at q = (-0.25,  0.15, -0.15) ; (omega_q = 5.125e-01*i)
WARNING, 9 imaginary frequencies at q = (-0.25,  0.15, -0.05) ; (omega_q = 5.205e-01*i)
WARNING, 10 imaginary frequencies at q = (-0.25,  0.15,  0.05) ; (omega_q = 5.364e-01*i)
WARNING, 10 imaginary frequencies at q = (-0.25,  0.15,  0.15) ; (omega_q = 5.236e-01*i)
WARNING, 9 imaginary frequencies at q = (-0.25,  0.15,  0.25) ; (omega_q = 5.210e-01*i)
WARNING, 9 imaginary frequencies at q = (-0.25,  0.15,  0.35) ; (omega_q = 5.204e-01*i)
WARNING, 9 imaginary frequencies at q = (-0.25,  0.15,  0.45) ; (omega_q = 5.295e-01*i)
WARNING, 10 imaginary frequencies at q = (-0.25,  0.25, -0.45) ; (omega_q = 5.614e-01*i)
WARNING, 10 imaginary frequencies at q = (-0.25,  0.25, -0.35) ; (omega_q = 5.531e-01*i)
WARNING, 9 imaginary frequencies at q = (-0.25,  0.25, -0.25) ; (omega_q = 5.503e-01*i)
WARNING, 10 imaginary frequencies at q = (-0.25,  0.25, -0.15) ; (omega_q = 5.480e-01*i)
WARNING, 10 imaginary frequencies at q = (-0.25,  0.25, -0.05) ; (omega_q = 5.551e-01*i)
WARNING, 10 imaginary frequencies at q = (-0.25,  0.25,  0.05) ; (omega_q = 5.499e-01*i)
WARNING, 9 imaginary frequencies at q = (-0.25,  0.25,  0.15) ; (omega_q = 5.465e-01*i)
WARNING, 9 imaginary frequencies at q = (-0.25,  0.25,  0.25) ; (omega_q = 5.500e-01*i)
WARNING, 10 imaginary frequencies at q = (-0.25,  0.25,  0.35) ; (omega_q = 5.519e-01*i)
WARNING, 10 imaginary frequencies at q = (-0.25,  0.25,  0.45) ; (omega_q = 5.625e-01*i)
WARNING, 9 imaginary frequencies at q = (-0.25,  0.35, -0.45) ; (omega_q = 5.294e-01*i)
WARNING, 9 imaginary frequencies at q = (-0.25,  0.35, -0.35) ; (omega_q = 5.252e-01*i)
WARNING, 10 imaginary frequencies at q = (-0.25,  0.35, -0.25) ; (omega_q = 5.291e-01*i)
WARNING, 9 imaginary frequencies at q = (-0.25,  0.35, -0.15) ; (omega_q = 5.314e-01*i)
WARNING, 9 imaginary frequencies at q = (-0.25,  0.35, -0.05) ; (omega_q = 5.292e-01*i)
WARNING, 9 imaginary frequencies at q = (-0.25,  0.35,  0.05) ; (omega_q = 5.172e-01*i)
WARNING, 9 imaginary frequencies at q = (-0.25,  0.35,  0.15) ; (omega_q = 5.179e-01*i)
WARNING, 10 imaginary frequencies at q = (-0.25,  0.35,  0.25) ; (omega_q = 5.307e-01*i)
WARNING, 10 imaginary frequencies at q = (-0.25,  0.35,  0.35) ; (omega_q = 5.401e-01*i)
WARNING, 10 imaginary frequencies at q = (-0.25,  0.35,  0.45) ; (omega_q = 5.415e-01*i)
WARNING, 8 imaginary frequencies at q = (-0.25,  0.45, -0.45) ; (omega_q = 4.992e-01*i)
WARNING, 9 imaginary frequencies at q = (-0.25,  0.45, -0.35) ; (omega_q = 5.069e-01*i)
WARNING, 10 imaginary frequencies at q = (-0.25,  0.45, -0.25) ; (omega_q = 5.488e-01*i)
WARNING, 9 imaginary frequencies at q = (-0.25,  0.45, -0.15) ; (omega_q = 5.252e-01*i)
WARNING, 9 imaginary frequencies at q = (-0.25,  0.45, -0.05) ; (omega_q = 4.894e-01*i)
WARNING, 8 imaginary frequencies at q = (-0.25,  0.45,  0.05) ; (omega_q = 4.903e-01*i)
WARNING, 9 imaginary frequencies at q = (-0.25,  0.45,  0.15) ; (omega_q = 5.032e-01*i)
WARNING, 9 imaginary frequencies at q = (-0.25,  0.45,  0.25) ; (omega_q = 5.528e-01*i)
WARNING, 10 imaginary frequencies at q = (-0.25,  0.45,  0.35) ; (omega_q = 5.320e-01*i)
WARNING, 9 imaginary frequencies at q = (-0.25,  0.45,  0.45) ; (omega_q = 4.986e-01*i)
WARNING, 8 imaginary frequencies at q = (-0.15, -0.45, -0.45) ; (omega_q = 4.241e-01*i)
WARNING, 9 imaginary frequencies at q = (-0.15, -0.45, -0.35) ; (omega_q = 5.076e-01*i)
WARNING, 9 imaginary frequencies at q = (-0.15, -0.45, -0.25) ; (omega_q = 5.605e-01*i)
WARNING, 9 imaginary frequencies at q = (-0.15, -0.45, -0.15) ; (omega_q = 5.282e-01*i)
WARNING, 7 imaginary frequencies at q = (-0.15, -0.45, -0.05) ; (omega_q = 4.660e-01*i)
WARNING, 8 imaginary frequencies at q = (-0.15, -0.45,  0.05) ; (omega_q = 4.100e-01*i)
WARNING, 8 imaginary frequencies at q = (-0.15, -0.45,  0.15) ; (omega_q = 5.114e-01*i)
WARNING, 9 imaginary frequencies at q = (-0.15, -0.45,  0.25) ; (omega_q = 5.613e-01*i)
WARNING, 9 imaginary frequencies at q = (-0.15, -0.45,  0.35) ; (omega_q = 5.254e-01*i)
WARNING, 8 imaginary frequencies at q = (-0.15, -0.45,  0.45) ; (omega_q = 4.656e-01*i)
WARNING, 9 imaginary frequencies at q = (-0.15, -0.35, -0.45) ; (omega_q = 4.904e-01*i)
WARNING, 10 imaginary frequencies at q = (-0.15, -0.35, -0.35) ; (omega_q = 5.180e-01*i)
WARNING, 10 imaginary frequencies at q = (-0.15, -0.35, -0.25) ; (omega_q = 5.221e-01*i)
WARNING, 9 imaginary frequencies at q = (-0.15, -0.35, -0.15) ; (omega_q = 5.119e-01*i)
WARNING, 9 imaginary frequencies at q = (-0.15, -0.35, -0.05) ; (omega_q = 4.830e-01*i)
WARNING, 9 imaginary frequencies at q = (-0.15, -0.35,  0.05) ; (omega_q = 4.836e-01*i)
WARNING, 9 imaginary frequencies at q = (-0.15, -0.35,  0.15) ; (omega_q = 5.146e-01*i)
WARNING, 10 imaginary frequencies at q = (-0.15, -0.35,  0.25) ; (omega_q = 5.190e-01*i)
WARNING, 10 imaginary frequencies at q = (-0.15, -0.35,  0.35) ; (omega_q = 5.085e-01*i)
WARNING, 9 imaginary frequencies at q = (-0.15, -0.35,  0.45) ; (omega_q = 4.947e-01*i)
WARNING, 10 imaginary frequencies at q = (-0.15, -0.25, -0.45) ; (omega_q = 5.317e-01*i)
WARNING, 10 imaginary frequencies at q = (-0.15, -0.25, -0.35) ; (omega_q = 5.292e-01*i)
WARNING, 9 imaginary frequencies at q = (-0.15, -0.25, -0.25) ; (omega_q = 5.292e-01*i)
WARNING, 9 imaginary frequencies at q = (-0.15, -0.25, -0.15) ; (omega_q = 5.339e-01*i)
WARNING, 9 imaginary frequencies at q = (-0.15, -0.25, -0.05) ; (omega_q = 5.295e-01*i)
WARNING, 9 imaginary frequencies at q = (-0.15, -0.25,  0.05) ; (omega_q = 5.220e-01*i)
WARNING, 10 imaginary frequencies at q = (-0.15, -0.25,  0.15) ; (omega_q = 5.205e-01*i)
WARNING, 9 imaginary frequencies at q = (-0.15, -0.25,  0.25) ; (omega_q = 5.266e-01*i)
WARNING, 10 imaginary frequencies at q = (-0.15, -0.25,  0.35) ; (omega_q = 5.413e-01*i)
WARNING, 10 imaginary frequencies at q = (-0.15, -0.25,  0.45) ; (omega_q = 5.369e-01*i)
WARNING, 9 imaginary frequencies at q = (-0.15, -0.15, -0.45) ; (omega_q = 4.954e-01*i)
WARNING, 8 imaginary frequencies at q = (-0.15, -0.15, -0.35) ; (omega_q = 4.921e-01*i)
WARNING, 9 imaginary frequencies at q = (-0.15, -0.15, -0.25) ; (omega_q = 5.190e-01*i)
WARNING, 9 imaginary frequencies at q = (-0.15, -0.15, -0.15) ; (omega_q = 5.738e-01*i)
WARNING, 9 imaginary frequencies at q = (-0.15, -0.15, -0.05) ; (omega_q = 5.337e-01*i)
WARNING, 9 imaginary frequencies at q = (-0.15, -0.15,  0.05) ; (omega_q = 4.838e-01*i)
WARNING, 9 imaginary frequencies at q = (-0.15, -0.15,  0.15) ; (omega_q = 4.850e-01*i)
WARNING, 10 imaginary frequencies at q = (-0.15, -0.15,  0.25) ; (omega_q = 5.230e-01*i)
WARNING, 10 imaginary frequencies at q = (-0.15, -0.15,  0.35) ; (omega_q = 5.741e-01*i)
WARNING, 9 imaginary frequencies at q = (-0.15, -0.15,  0.45) ; (omega_q = 5.306e-01*i)
WARNING, 7 imaginary frequencies at q = (-0.15, -0.05, -0.45) ; (omega_q = 4.130e-01*i)
WARNING, 8 imaginary frequencies at q = (-0.15, -0.05, -0.35) ; (omega_q = 4.412e-01*i)
WARNING, 9 imaginary frequencies at q = (-0.15, -0.05, -0.25) ; (omega_q = 5.631e-01*i)
WARNING, 9 imaginary frequencies at q = (-0.15, -0.05, -0.15) ; (omega_q = 5.775e-01*i)
WARNING, 8 imaginary frequencies at q = (-0.15, -0.05, -0.05) ; (omega_q = 4.781e-01*i)
WARNING, 6 imaginary frequencies at q = (-0.15, -0.05,  0.05) ; (omega_q = 3.963e-01*i)
WARNING, 9 imaginary frequencies at q = (-0.15, -0.05,  0.15) ; (omega_q = 4.413e-01*i)
WARNING, 9 imaginary frequencies at q = (-0.15, -0.05,  0.25) ; (omega_q = 5.610e-01*i)
WARNING, 9 imaginary frequencies at q = (-0.15, -0.05,  0.35) ; (omega_q = 5.767e-01*i)
WARNING, 8 imaginary frequencies at q = (-0.15, -0.05,  0.45) ; (omega_q = 4.797e-01*i)
WARNING, 8 imaginary frequencies at q = (-0.15,  0.05, -0.45) ; (omega_q = 4.136e-01*i)
WARNING, 8 imaginary frequencies at q = (-0.15,  0.05, -0.35) ; (omega_q = 5.042e-01*i)
WARNING, 9 imaginary frequencies at q = (-0.15,  0.05, -0.25) ; (omega_q = 5.643e-01*i)
WARNING, 9 imaginary frequencies at q = (-0.15,  0.05, -0.15) ; (omega_q = 5.331e-01*i)
WARNING, 8 imaginary frequencies at q = (-0.15,  0.05, -0.05) ; (omega_q = 4.556e-01*i)
WARNING, 7 imaginary frequencies at q = (-0.15,  0.05,  0.05) ; (omega_q = 4.016e-01*i)
WARNING, 8 imaginary frequencies at q = (-0.15,  0.05,  0.15) ; (omega_q = 5.008e-01*i)
WARNING, 9 imaginary frequencies at q = (-0.15,  0.05,  0.25) ; (omega_q = 5.618e-01*i)
WARNING, 9 imaginary frequencies at q = (-0.15,  0.05,  0.35) ; (omega_q = 5.352e-01*i)
WARNING, 7 imaginary frequencies at q = (-0.15,  0.05,  0.45) ; (omega_q = 4.578e-01*i)
WARNING, 9 imaginary frequencies at q = (-0.15,  0.15, -0.45) ; (omega_q = 4.897e-01*i)
WARNING, 10 imaginary frequencies at q = (-0.15,  0.15, -0.35) ; (omega_q = 5.094e-01*i)
WARNING, 10 imaginary frequencies at q = (-0.15,  0.15, -0.25) ; (omega_q = 5.185e-01*i)
WARNING, 10 imaginary frequencies at q = (-0.15,  0.15, -0.15) ; (omega_q = 5.110e-01*i)
WARNING, 9 imaginary frequencies at q = (-0.15,  0.15, -0.05) ; (omega_q = 4.840e-01*i)
WARNING, 9 imaginary frequencies at q = (-0.15,  0.15,  0.05) ; (omega_q = 4.777e-01*i)
WARNING, 9 imaginary frequencies at q = (-0.15,  0.15,  0.15) ; (omega_q = 5.044e-01*i)
WARNING, 9 imaginary frequencies at q = (-0.15,  0.15,  0.25) ; (omega_q = 5.175e-01*i)
WARNING, 9 imaginary frequencies at q = (-0.15,  0.15,  0.35) ; (omega_q = 5.075e-01*i)
WARNING, 9 imaginary frequencies at q = (-0.15,  0.15,  0.45) ; (omega_q = 4.876e-01*i)
WARNING, 10 imaginary frequencies at q = (-0.15,  0.25, -0.45) ; (omega_q = 5.341e-01*i)
WARNING, 10 imaginary frequencies at q = (-0.15,  0.25, -0.35) ; (omega_q = 5.301e-01*i)
WARNING, 9 imaginary frequencies at q = (-0.15,  0.25, -0.25) ; (omega_q = 5.316e-01*i)
WARNING, 10 imaginary frequencies at q = (-0.15,  0.25, -0.15) ; (omega_q = 5.371e-01*i)
WARNING, 10 imaginary frequencies at q = (-0.15,  0.25, -0.05) ; (omega_q = 5.327e-01*i)
WARNING, 10 imaginary frequencies at q = (-0.15,  0.25,  0.05) ; (omega_q = 5.254e-01*i)
WARNING, 9 imaginary frequencies at q = (-0.15,  0.25,  0.15) ; (omega_q = 5.261e-01*i)
WARNING, 9 imaginary frequencies at q = (-0.15,  0.25,  0.25) ; (omega_q = 5.352e-01*i)
WARNING, 10 imaginary frequencies at q = (-0.15,  0.25,  0.35) ; (omega_q = 5.397e-01*i)
WARNING, 10 imaginary frequencies at q = (-0.15,  0.25,  0.45) ; (omega_q = 5.396e-01*i)
WARNING, 9 imaginary frequencies at q = (-0.15,  0.35, -0.45) ; (omega_q = 4.992e-01*i)
WARNING, 9 imaginary frequencies at q = (-0.15,  0.35, -0.35) ; (omega_q = 4.959e-01*i)
WARNING, 10 imaginary frequencies at q = (-0.15,  0.35, -0.25) ; (omega_q = 5.149e-01*i)
WARNING, 10 imaginary frequencies at q = (-0.15,  0.35, -0.15) ; (omega_q = 5.551e-01*i)
WARNING, 9 imaginary frequencies at q = (-0.15,  0.35, -0.05) ; (omega_q = 5.195e-01*i)
WARNING, 9 imaginary frequencies at q = (-0.15,  0.35,  0.05) ; (omega_q = 4.894e-01*i)
WARNING, 8 imaginary frequencies at q = (-0.15,  0.35,  0.15) ; (omega_q = 4.941e-01*i)
WARNING, 10 imaginary frequencies at q = (-0.15,  0.35,  0.25) ; (omega_q = 5.262e-01*i)
WARNING, 11 imaginary frequencies at q = (-0.15,  0.35,  0.35) ; (omega_q = 5.580e-01*i)
WARNING, 10 imaginary frequencies at q = (-0.15,  0.35,  0.45) ; (omega_q = 5.231e-01*i)
WARNING, 8 imaginary frequencies at q = (-0.15,  0.45, -0.45) ; (omega_q = 4.162e-01*i)
WARNING, 9 imaginary frequencies at q = (-0.15,  0.45, -0.35) ; (omega_q = 4.518e-01*i)
WARNING, 10 imaginary frequencies at q = (-0.15,  0.45, -0.25) ; (omega_q = 5.557e-01*i)
WARNING, 9 imaginary frequencies at q = (-0.15,  0.45, -0.15) ; (omega_q = 5.632e-01*i)
WARNING, 8 imaginary frequencies at q = (-0.15,  0.45, -0.05) ; (omega_q = 4.820e-01*i)
WARNING, 7 imaginary frequencies at q = (-0.15,  0.45,  0.05) ; (omega_q = 3.955e-01*i)
WARNING, 8 imaginary frequencies at q = (-0.15,  0.45,  0.15) ; (omega_q = 4.594e-01*i)
WARNING, 10 imaginary frequencies at q = (-0.15,  0.45,  0.25) ; (omega_q = 5.603e-01*i)
WARNING, 10 imaginary frequencies at q = (-0.15,  0.45,  0.35) ; (omega_q = 5.625e-01*i)
WARNING, 9 imaginary frequencies at q = (-0.15,  0.45,  0.45) ; (omega_q = 4.763e-01*i)
WARNING, 6 imaginary frequencies at q = (-0.05, -0.45, -0.45) ; (omega_q = 3.007e-01*i)
WARNING, 8 imaginary frequencies at q = (-0.05, -0.45, -0.35) ; (omega_q = 5.192e-01*i)
WARNING, 9 imaginary frequencies at q = (-0.05, -0.45, -0.25) ; (omega_q = 5.857e-01*i)
WARNING, 8 imaginary frequencies at q = (-0.05, -0.45, -0.15) ; (omega_q = 5.135e-01*i)
WARNING, 6 imaginary frequencies at q = (-0.05, -0.45, -0.05) ; (omega_q = 3.106e-01*i)
WARNING, 6 imaginary frequencies at q = (-0.05, -0.45,  0.05) ; (omega_q = 3.121e-01*i)
WARNING, 8 imaginary frequencies at q = (-0.05, -0.45,  0.15) ; (omega_q = 5.183e-01*i)
WARNING, 9 imaginary frequencies at q = (-0.05, -0.45,  0.25) ; (omega_q = 5.847e-01*i)
WARNING, 9 imaginary frequencies at q = (-0.05, -0.45,  0.35) ; (omega_q = 5.126e-01*i)
WARNING, 6 imaginary frequencies at q = (-0.05, -0.45,  0.45) ; (omega_q = 3.050e-01*i)
WARNING, 8 imaginary frequencies at q = (-0.05, -0.35, -0.45) ; (omega_q = 4.439e-01*i)
WARNING, 9 imaginary frequencies at q = (-0.05, -0.35, -0.35) ; (omega_q = 5.302e-01*i)
WARNING, 10 imaginary frequencies at q = (-0.05, -0.35, -0.25) ; (omega_q = 5.532e-01*i)
WARNING, 9 imaginary frequencies at q = (-0.05, -0.35, -0.15) ; (omega_q = 4.938e-01*i)
WARNING, 8 imaginary frequencies at q = (-0.05, -0.35, -0.05) ; (omega_q = 3.993e-01*i)
WARNING, 7 imaginary frequencies at q = (-0.05, -0.35,  0.05) ; (omega_q = 4.437e-01*i)
WARNING, 9 imaginary frequencies at q = (-0.05, -0.35,  0.15) ; (omega_q = 5.261e-01*i)
WARNING, 9 imaginary frequencies at q = (-0.05, -0.35,  0.25) ; (omega_q = 5.512e-01*i)
WARNING, 9 imaginary frequencies at q = (-0.05, -0.35,  0.35) ; (omega_q = 4.943e-01*i)
WARNING, 8 imaginary frequencies at q = (-0.05, -0.35,  0.45) ; (omega_q = 4.080e-01*i)
WARNING, 8 imaginary frequencies at q = (-0.05, -0.25, -0.45) ; (omega_q = 4.855e-01*i)
WARNING, 9 imaginary frequencies at q = (-0.05, -0.25, -0.35) ; (omega_q = 4.906e-01*i)
WARNING, 9 imaginary frequencies at q = (-0.05, -0.25, -0.25) ; (omega_q = 5.370e-01*i)
WARNING, 9 imaginary frequencies at q = (-0.05, -0.25, -0.15) ; (omega_q = 5.245e-01*i)
WARNING, 9 imaginary frequencies at q = (-0.05, -0.25, -0.05) ; (omega_q = 4.823e-01*i)
WARNING, 8 imaginary frequencies at q = (-0.05, -0.25,  0.05) ; (omega_q = 4.820e-01*i)
WARNING, 9 imaginary frequencies at q = (-0.05, -0.25,  0.15) ; (omega_q = 4.878e-01*i)
WARNING, 9 imaginary frequencies at q = (-0.05, -0.25,  0.25) ; (omega_q = 5.353e-01*i)
WARNING, 10 imaginary frequencies at q = (-0.05, -0.25,  0.35) ; (omega_q = 5.249e-01*i)
WARNING, 9 imaginary frequencies at q = (-0.05, -0.25,  0.45) ; (omega_q = 4.870e-01*i)
WARNING, 7 imaginary frequencies at q = (-0.05, -0.15, -0.45) ; (omega_q = 4.213e-01*i)
WARNING, 9 imaginary frequencies at q = (-0.05, -0.15, -0.35) ; (omega_q = 4.385e-01*i)
WARNING, 9 imaginary frequencies at q = (-0.05, -0.15, -0.25) ; (omega_q = 5.549e-01*i)
WARNING, 9 imaginary frequencies at q = (-0.05, -0.15, -0.15) ; (omega_q = 5.730e-01*i)
WARNING, 8 imaginary frequencies at q = (-0.05, -0.15, -0.05) ; (omega_q = 4.718e-01*i)
WARNING, 7 imaginary frequencies at q = (-0.05, -0.15,  0.05) ; (omega_q = 4.182e-01*i)
WARNING, 8 imaginary frequencies at q = (-0.05, -0.15,  0.15) ; (omega_q = 4.350e-01*i)
WARNING, 9 imaginary frequencies at q = (-0.05, -0.15,  0.25) ; (omega_q = 5.545e-01*i)
WARNING, 10 imaginary frequencies at q = (-0.05, -0.15,  0.35) ; (omega_q = 5.713e-01*i)
WARNING, 9 imaginary frequencies at q = (-0.05, -0.15,  0.45) ; (omega_q = 4.696e-01*i)
WARNING, 5 imaginary frequencies at q = (-0.05, -0.05, -0.45) ; (omega_q = 2.248e-01*i)
WARNING, 8 imaginary frequencies at q = (-0.05, -0.05, -0.35) ; (omega_q = 4.476e-01*i)
WARNING, 9 imaginary frequencies at q = (-0.05, -0.05, -0.25) ; (omega_q = 5.947e-01*i)
WARNING, 9 imaginary frequencies at q = (-0.05, -0.05, -0.15) ; (omega_q = 5.694e-01*i)
WARNING, 6 imaginary frequencies at q = (-0.05, -0.05, -0.05) ; (omega_q = 3.615e-01*i)
WARNING, 5 imaginary frequencies at q = (-0.05, -0.05,  0.05) ; (omega_q = 2.270e-01*i)
WARNING, 7 imaginary frequencies at q = (-0.05, -0.05,  0.15) ; (omega_q = 4.463e-01*i)
WARNING, 9 imaginary frequencies at q = (-0.05, -0.05,  0.25) ; (omega_q = 5.940e-01*i)
WARNING, 9 imaginary frequencies at q = (-0.05, -0.05,  0.35) ; (omega_q = 5.682e-01*i)
WARNING, 7 imaginary frequencies at q = (-0.05, -0.05,  0.45) ; (omega_q = 3.574e-01*i)
WARNING, 6 imaginary frequencies at q = (-0.05,  0.05, -0.45) ; (omega_q = 2.994e-01*i)
WARNING, 8 imaginary frequencies at q = (-0.05,  0.05, -0.35) ; (omega_q = 5.176e-01*i)
WARNING, 9 imaginary frequencies at q = (-0.05,  0.05, -0.25) ; (omega_q = 5.956e-01*i)
WARNING, 8 imaginary frequencies at q = (-0.05,  0.05, -0.15) ; (omega_q = 5.167e-01*i)
WARNING, 6 imaginary frequencies at q = (-0.05,  0.05, -0.05) ; (omega_q = 3.021e-01*i)
WARNING, 6 imaginary frequencies at q = (-0.05,  0.05,  0.05) ; (omega_q = 2.980e-01*i)
WARNING, 8 imaginary frequencies at q = (-0.05,  0.05,  0.15) ; (omega_q = 5.167e-01*i)
WARNING, 9 imaginary frequencies at q = (-0.05,  0.05,  0.25) ; (omega_q = 5.959e-01*i)
WARNING, 8 imaginary frequencies at q = (-0.05,  0.05,  0.35) ; (omega_q = 5.179e-01*i)
WARNING, 6 imaginary frequencies at q = (-0.05,  0.05,  0.45) ; (omega_q = 2.926e-01*i)
WARNING, 8 imaginary frequencies at q = (-0.05,  0.15, -0.45) ; (omega_q = 4.431e-01*i)
WARNING, 9 imaginary frequencies at q = (-0.05,  0.15, -0.35) ; (omega_q = 5.274e-01*i)
WARNING, 9 imaginary frequencies at q = (-0.05,  0.15, -0.25) ; (omega_q = 5.569e-01*i)
WARNING, 9 imaginary frequencies at q = (-0.05,  0.15, -0.15) ; (omega_q = 4.913e-01*i)
WARNING, 8 imaginary frequencies at q = (-0.05,  0.15, -0.05) ; (omega_q = 4.119e-01*i)
WARNING, 7 imaginary frequencies at q = (-0.05,  0.15,  0.05) ; (omega_q = 4.360e-01*i)
WARNING, 9 imaginary frequencies at q = (-0.05,  0.15,  0.15) ; (omega_q = 5.280e-01*i)
WARNING, 9 imaginary frequencies at q = (-0.05,  0.15,  0.25) ; (omega_q = 5.587e-01*i)
WARNING, 9 imaginary frequencies at q = (-0.05,  0.15,  0.35) ; (omega_q = 4.926e-01*i)
WARNING, 8 imaginary frequencies at q = (-0.05,  0.15,  0.45) ; (omega_q = 4.180e-01*i)
WARNING, 8 imaginary frequencies at q = (-0.05,  0.25, -0.45) ; (omega_q = 4.917e-01*i)
WARNING, 9 imaginary frequencies at q = (-0.05,  0.25, -0.35) ; (omega_q = 4.895e-01*i)
WARNING, 9 imaginary frequencies at q = (-0.05,  0.25, -0.25) ; (omega_q = 5.351e-01*i)
WARNING, 10 imaginary frequencies at q = (-0.05,  0.25, -0.15) ; (omega_q = 5.126e-01*i)
WARNING, 9 imaginary frequencies at q = (-0.05,  0.25, -0.05) ; (omega_q = 4.898e-01*i)
WARNING, 8 imaginary frequencies at q = (-0.05,  0.25,  0.05) ; (omega_q = 4.880e-01*i)
WARNING, 9 imaginary frequencies at q = (-0.05,  0.25,  0.15) ; (omega_q = 4.967e-01*i)
WARNING, 9 imaginary frequencies at q = (-0.05,  0.25,  0.25) ; (omega_q = 5.397e-01*i)
WARNING, 9 imaginary frequencies at q = (-0.05,  0.25,  0.35) ; (omega_q = 5.198e-01*i)
WARNING, 9 imaginary frequencies at q = (-0.05,  0.25,  0.45) ; (omega_q = 4.943e-01*i)
WARNING, 7 imaginary frequencies at q = (-0.05,  0.35, -0.45) ; (omega_q = 4.299e-01*i)
WARNING, 8 imaginary frequencies at q = (-0.05,  0.35, -0.35) ; (omega_q = 4.373e-01*i)
WARNING, 9 imaginary frequencies at q = (-0.05,  0.35, -0.25) ; (omega_q = 5.465e-01*i)
WARNING, 9 imaginary frequencies at q = (-0.05,  0.35, -0.15) ; (omega_q = 5.594e-01*i)
WARNING, 9 imaginary frequencies at q = (-0.05,  0.35, -0.05) ; (omega_q = 4.709e-01*i)
WARNING, 7 imaginary frequencies at q = (-0.05,  0.35,  0.05) ; (omega_q = 4.290e-01*i)
WARNING, 8 imaginary frequencies at q = (-0.05,  0.35,  0.15) ; (omega_q = 4.503e-01*i)
WARNING, 9 imaginary frequencies at q = (-0.05,  0.35,  0.25) ; (omega_q = 5.496e-01*i)
WARNING, 9 imaginary frequencies at q = (-0.05,  0.35,  0.35) ; (omega_q = 5.611e-01*i)
WARNING, 9 imaginary frequencies at q = (-0.05,  0.35,  0.45) ; (omega_q = 4.744e-01*i)
WARNING, 5 imaginary frequencies at q = (-0.05,  0.45, -0.45) ; (omega_q = 2.216e-01*i)
WARNING, 8 imaginary frequencies at q = (-0.05,  0.45, -0.35) ; (omega_q = 4.538e-01*i)
WARNING, 9 imaginary frequencies at q = (-0.05,  0.45, -0.25) ; (omega_q = 5.830e-01*i)
WARNING, 9 imaginary frequencies at q = (-0.05,  0.45, -0.15) ; (omega_q = 5.587e-01*i)
WARNING, 6 imaginary frequencies at q = (-0.05,  0.45, -0.05) ; (omega_q = 3.716e-01*i)
WARNING, 5 imaginary frequencies at q = (-0.05,  0.45,  0.05) ; (omega_q = 2.277e-01*i)
WARNING, 8 imaginary frequencies at q = (-0.05,  0.45,  0.15) ; (omega_q = 4.570e-01*i)
WARNING, 9 imaginary frequencies at q = (-0.05,  0.45,  0.25) ; (omega_q = 5.834e-01*i)
WARNING, 9 imaginary frequencies at q = (-0.05,  0.45,  0.35) ; (omega_q = 5.580e-01*i)
WARNING, 7 imaginary frequencies at q = (-0.05,  0.45,  0.45) ; (omega_q = 3.683e-01*i)
WARNING, 7 imaginary frequencies at q = ( 0.05, -0.45, -0.45) ; (omega_q = 3.683e-01*i)
WARNING, 9 imaginary frequencies at q = ( 0.05, -0.45, -0.35) ; (omega_q = 5.580e-01*i)
WARNING, 9 imaginary frequencies at q = ( 0.05, -0.45, -0.25) ; (omega_q = 5.834e-01*i)
WARNING, 8 imaginary frequencies at q = ( 0.05, -0.45, -0.15) ; (omega_q = 4.570e-01*i)
WARNING, 5 imaginary frequencies at q = ( 0.05, -0.45, -0.05) ; (omega_q = 2.277e-01*i)
WARNING, 6 imaginary frequencies at q = ( 0.05, -0.45,  0.05) ; (omega_q = 3.716e-01*i)
WARNING, 9 imaginary frequencies at q = ( 0.05, -0.45,  0.15) ; (omega_q = 5.587e-01*i)
WARNING, 9 imaginary frequencies at q = ( 0.05, -0.45,  0.25) ; (omega_q = 5.830e-01*i)
WARNING, 8 imaginary frequencies at q = ( 0.05, -0.45,  0.35) ; (omega_q = 4.538e-01*i)
WARNING, 5 imaginary frequencies at q = ( 0.05, -0.45,  0.45) ; (omega_q = 2.216e-01*i)
WARNING, 9 imaginary frequencies at q = ( 0.05, -0.35, -0.45) ; (omega_q = 4.744e-01*i)
WARNING, 9 imaginary frequencies at q = ( 0.05, -0.35, -0.35) ; (omega_q = 5.611e-01*i)
WARNING, 9 imaginary frequencies at q = ( 0.05, -0.35, -0.25) ; (omega_q = 5.496e-01*i)
WARNING, 8 imaginary frequencies at q = ( 0.05, -0.35, -0.15) ; (omega_q = 4.503e-01*i)
WARNING, 7 imaginary frequencies at q = ( 0.05, -0.35, -0.05) ; (omega_q = 4.290e-01*i)
WARNING, 9 imaginary frequencies at q = ( 0.05, -0.35,  0.05) ; (omega_q = 4.709e-01*i)
WARNING, 9 imaginary frequencies at q = ( 0.05, -0.35,  0.15) ; (omega_q = 5.594e-01*i)
WARNING, 9 imaginary frequencies at q = ( 0.05, -0.35,  0.25) ; (omega_q = 5.465e-01*i)
WARNING, 8 imaginary frequencies at q = ( 0.05, -0.35,  0.35) ; (omega_q = 4.373e-01*i)
WARNING, 7 imaginary frequencies at q = ( 0.05, -0.35,  0.45) ; (omega_q = 4.299e-01*i)
WARNING, 9 imaginary frequencies at q = ( 0.05, -0.25, -0.45) ; (omega_q = 4.943e-01*i)
WARNING, 9 imaginary frequencies at q = ( 0.05, -0.25, -0.35) ; (omega_q = 5.198e-01*i)
WARNING, 9 imaginary frequencies at q = ( 0.05, -0.25, -0.25) ; (omega_q = 5.397e-01*i)
WARNING, 9 imaginary frequencies at q = ( 0.05, -0.25, -0.15) ; (omega_q = 4.967e-01*i)
WARNING, 8 imaginary frequencies at q = ( 0.05, -0.25, -0.05) ; (omega_q = 4.880e-01*i)
WARNING, 9 imaginary frequencies at q = ( 0.05, -0.25,  0.05) ; (omega_q = 4.898e-01*i)
WARNING, 10 imaginary frequencies at q = ( 0.05, -0.25,  0.15) ; (omega_q = 5.126e-01*i)
WARNING, 9 imaginary frequencies at q = ( 0.05, -0.25,  0.25) ; (omega_q = 5.351e-01*i)
WARNING, 9 imaginary frequencies at q = ( 0.05, -0.25,  0.35) ; (omega_q = 4.895e-01*i)
WARNING, 8 imaginary frequencies at q = ( 0.05, -0.25,  0.45) ; (omega_q = 4.917e-01*i)
WARNING, 8 imaginary frequencies at q = ( 0.05, -0.15, -0.45) ; (omega_q = 4.180e-01*i)
WARNING, 9 imaginary frequencies at q = ( 0.05, -0.15, -0.35) ; (omega_q = 4.926e-01*i)
WARNING, 9 imaginary frequencies at q = ( 0.05, -0.15, -0.25) ; (omega_q = 5.587e-01*i)
WARNING, 9 imaginary frequencies at q = ( 0.05, -0.15, -0.15) ; (omega_q = 5.280e-01*i)
WARNING, 7 imaginary frequencies at q = ( 0.05, -0.15, -0.05) ; (omega_q = 4.360e-01*i)
WARNING, 8 imaginary frequencies at q = ( 0.05, -0.15,  0.05) ; (omega_q = 4.119e-01*i)
WARNING, 9 imaginary frequencies at q = ( 0.05, -0.15,  0.15) ; (omega_q = 4.913e-01*i)
WARNING, 9 imaginary frequencies at q = ( 0.05, -0.15,  0.25) ; (omega_q = 5.569e-01*i)
WARNING, 9 imaginary frequencies at q = ( 0.05, -0.15,  0.35) ; (omega_q = 5.274e-01*i)
WARNING, 8 imaginary frequencies at q = ( 0.05, -0.15,  0.45) ; (omega_q = 4.431e-01*i)
WARNING, 6 imaginary frequencies at q = ( 0.05, -0.05, -0.45) ; (omega_q = 2.926e-01*i)
WARNING, 8 imaginary frequencies at q = ( 0.05, -0.05, -0.35) ; (omega_q = 5.179e-01*i)
WARNING, 9 imaginary frequencies at q = ( 0.05, -0.05, -0.25) ; (omega_q = 5.959e-01*i)
WARNING, 8 imaginary frequencies at q = ( 0.05, -0.05, -0.15) ; (omega_q = 5.167e-01*i)
WARNING, 6 imaginary frequencies at q = ( 0.05, -0.05, -0.05) ; (omega_q = 2.980e-01*i)
WARNING, 6 imaginary frequencies at q = ( 0.05, -0.05,  0.05) ; (omega_q = 3.021e-01*i)
WARNING, 8 imaginary frequencies at q = ( 0.05, -0.05,  0.15) ; (omega_q = 5.167e-01*i)
WARNING, 9 imaginary frequencies at q = ( 0.05, -0.05,  0.25) ; (omega_q = 5.956e-01*i)
WARNING, 8 imaginary frequencies at q = ( 0.05, -0.05,  0.35) ; (omega_q = 5.176e-01*i)
WARNING, 6 imaginary frequencies at q = ( 0.05, -0.05,  0.45) ; (omega_q = 2.994e-01*i)
WARNING, 7 imaginary frequencies at q = ( 0.05,  0.05, -0.45) ; (omega_q = 3.574e-01*i)
WARNING, 9 imaginary frequencies at q = ( 0.05,  0.05, -0.35) ; (omega_q = 5.682e-01*i)
WARNING, 9 imaginary frequencies at q = ( 0.05,  0.05, -0.25) ; (omega_q = 5.940e-01*i)
WARNING, 7 imaginary frequencies at q = ( 0.05,  0.05, -0.15) ; (omega_q = 4.463e-01*i)
WARNING, 5 imaginary frequencies at q = ( 0.05,  0.05, -0.05) ; (omega_q = 2.270e-01*i)
WARNING, 6 imaginary frequencies at q = ( 0.05,  0.05,  0.05) ; (omega_q = 3.615e-01*i)
WARNING, 9 imaginary frequencies at q = ( 0.05,  0.05,  0.15) ; (omega_q = 5.694e-01*i)
WARNING, 9 imaginary frequencies at q = ( 0.05,  0.05,  0.25) ; (omega_q = 5.947e-01*i)
WARNING, 8 imaginary frequencies at q = ( 0.05,  0.05,  0.35) ; (omega_q = 4.476e-01*i)
WARNING, 5 imaginary frequencies at q = ( 0.05,  0.05,  0.45) ; (omega_q = 2.248e-01*i)
WARNING, 9 imaginary frequencies at q = ( 0.05,  0.15, -0.45) ; (omega_q = 4.696e-01*i)
WARNING, 10 imaginary frequencies at q = ( 0.05,  0.15, -0.35) ; (omega_q = 5.713e-01*i)
WARNING, 9 imaginary frequencies at q = ( 0.05,  0.15, -0.25) ; (omega_q = 5.545e-01*i)
WARNING, 8 imaginary frequencies at q = ( 0.05,  0.15, -0.15) ; (omega_q = 4.350e-01*i)
WARNING, 7 imaginary frequencies at q = ( 0.05,  0.15, -0.05) ; (omega_q = 4.182e-01*i)
WARNING, 8 imaginary frequencies at q = ( 0.05,  0.15,  0.05) ; (omega_q = 4.718e-01*i)
WARNING, 9 imaginary frequencies at q = ( 0.05,  0.15,  0.15) ; (omega_q = 5.730e-01*i)
WARNING, 9 imaginary frequencies at q = ( 0.05,  0.15,  0.25) ; (omega_q = 5.549e-01*i)
WARNING, 9 imaginary frequencies at q = ( 0.05,  0.15,  0.35) ; (omega_q = 4.385e-01*i)
WARNING, 7 imaginary frequencies at q = ( 0.05,  0.15,  0.45) ; (omega_q = 4.213e-01*i)
WARNING, 9 imaginary frequencies at q = ( 0.05,  0.25, -0.45) ; (omega_q = 4.870e-01*i)
WARNING, 10 imaginary frequencies at q = ( 0.05,  0.25, -0.35) ; (omega_q = 5.249e-01*i)
WARNING, 9 imaginary frequencies at q = ( 0.05,  0.25, -0.25) ; (omega_q = 5.353e-01*i)
WARNING, 9 imaginary frequencies at q = ( 0.05,  0.25, -0.15) ; (omega_q = 4.878e-01*i)
WARNING, 8 imaginary frequencies at q = ( 0.05,  0.25, -0.05) ; (omega_q = 4.820e-01*i)
WARNING, 9 imaginary frequencies at q = ( 0.05,  0.25,  0.05) ; (omega_q = 4.823e-01*i)
WARNING, 9 imaginary frequencies at q = ( 0.05,  0.25,  0.15) ; (omega_q = 5.245e-01*i)
WARNING, 9 imaginary frequencies at q = ( 0.05,  0.25,  0.25) ; (omega_q = 5.370e-01*i)
WARNING, 9 imaginary frequencies at q = ( 0.05,  0.25,  0.35) ; (omega_q = 4.906e-01*i)
WARNING, 8 imaginary frequencies at q = ( 0.05,  0.25,  0.45) ; (omega_q = 4.855e-01*i)
WARNING, 8 imaginary frequencies at q = ( 0.05,  0.35, -0.45) ; (omega_q = 4.080e-01*i)
WARNING, 9 imaginary frequencies at q = ( 0.05,  0.35, -0.35) ; (omega_q = 4.943e-01*i)
WARNING, 9 imaginary frequencies at q = ( 0.05,  0.35, -0.25) ; (omega_q = 5.512e-01*i)
WARNING, 9 imaginary frequencies at q = ( 0.05,  0.35, -0.15) ; (omega_q = 5.261e-01*i)
WARNING, 7 imaginary frequencies at q = ( 0.05,  0.35, -0.05) ; (omega_q = 4.437e-01*i)
WARNING, 8 imaginary frequencies at q = ( 0.05,  0.35,  0.05) ; (omega_q = 3.993e-01*i)
WARNING, 9 imaginary frequencies at q = ( 0.05,  0.35,  0.15) ; (omega_q = 4.938e-01*i)
WARNING, 10 imaginary frequencies at q = ( 0.05,  0.35,  0.25) ; (omega_q = 5.532e-01*i)
WARNING, 9 imaginary frequencies at q = ( 0.05,  0.35,  0.35) ; (omega_q = 5.302e-01*i)
WARNING, 8 imaginary frequencies at q = ( 0.05,  0.35,  0.45) ; (omega_q = 4.439e-01*i)
WARNING, 6 imaginary frequencies at q = ( 0.05,  0.45, -0.45) ; (omega_q = 3.050e-01*i)
WARNING, 9 imaginary frequencies at q = ( 0.05,  0.45, -0.35) ; (omega_q = 5.126e-01*i)
WARNING, 9 imaginary frequencies at q = ( 0.05,  0.45, -0.25) ; (omega_q = 5.847e-01*i)
WARNING, 8 imaginary frequencies at q = ( 0.05,  0.45, -0.15) ; (omega_q = 5.183e-01*i)
WARNING, 6 imaginary frequencies at q = ( 0.05,  0.45, -0.05) ; (omega_q = 3.121e-01*i)
WARNING, 6 imaginary frequencies at q = ( 0.05,  0.45,  0.05) ; (omega_q = 3.106e-01*i)
WARNING, 8 imaginary frequencies at q = ( 0.05,  0.45,  0.15) ; (omega_q = 5.135e-01*i)
WARNING, 9 imaginary frequencies at q = ( 0.05,  0.45,  0.25) ; (omega_q = 5.857e-01*i)
WARNING, 8 imaginary frequencies at q = ( 0.05,  0.45,  0.35) ; (omega_q = 5.192e-01*i)
WARNING, 6 imaginary frequencies at q = ( 0.05,  0.45,  0.45) ; (omega_q = 3.007e-01*i)
WARNING, 9 imaginary frequencies at q = ( 0.15, -0.45, -0.45) ; (omega_q = 4.763e-01*i)
WARNING, 10 imaginary frequencies at q = ( 0.15, -0.45, -0.35) ; (omega_q = 5.625e-01*i)
WARNING, 10 imaginary frequencies at q = ( 0.15, -0.45, -0.25) ; (omega_q = 5.603e-01*i)
WARNING, 8 imaginary frequencies at q = ( 0.15, -0.45, -0.15) ; (omega_q = 4.594e-01*i)
WARNING, 7 imaginary frequencies at q = ( 0.15, -0.45, -0.05) ; (omega_q = 3.955e-01*i)
WARNING, 8 imaginary frequencies at q = ( 0.15, -0.45,  0.05) ; (omega_q = 4.820e-01*i)
WARNING, 9 imaginary frequencies at q = ( 0.15, -0.45,  0.15) ; (omega_q = 5.632e-01*i)
WARNING, 10 imaginary frequencies at q = ( 0.15, -0.45,  0.25) ; (omega_q = 5.557e-01*i)
WARNING, 9 imaginary frequencies at q = ( 0.15, -0.45,  0.35) ; (omega_q = 4.518e-01*i)
WARNING, 8 imaginary frequencies at q = ( 0.15, -0.45,  0.45) ; (omega_q = 4.162e-01*i)
WARNING, 10 imaginary frequencies at q = ( 0.15, -0.35, -0.45) ; (omega_q = 5.231e-01*i)
WARNING, 11 imaginary frequencies at q = ( 0.15, -0.35, -0.35) ; (omega_q = 5.580e-01*i)
WARNING, 10 imaginary frequencies at q = ( 0.15, -0.35, -0.25) ; (omega_q = 5.262e-01*i)
WARNING, 8 imaginary frequencies at q = ( 0.15, -0.35, -0.15) ; (omega_q = 4.941e-01*i)
WARNING, 9 imaginary frequencies at q = ( 0.15, -0.35, -0.05) ; (omega_q = 4.894e-01*i)
WARNING, 9 imaginary frequencies at q = ( 0.15, -0.35,  0.05) ; (omega_q = 5.195e-01*i)
WARNING, 10 imaginary frequencies at q = ( 0.15, -0.35,  0.15) ; (omega_q = 5.551e-01*i)
WARNING, 10 imaginary frequencies at q = ( 0.15, -0.35,  0.25) ; (omega_q = 5.149e-01*i)
WARNING, 9 imaginary frequencies at q = ( 0.15, -0.35,  0.35) ; (omega_q = 4.959e-01*i)
WARNING, 9 imaginary frequencies at q = ( 0.15, -0.35,  0.45) ; (omega_q = 4.992e-01*i)
WARNING, 10 imaginary frequencies at q = ( 0.15, -0.25, -0.45) ; (omega_q = 5.396e-01*i)
WARNING, 10 imaginary frequencies at q = ( 0.15, -0.25, -0.35) ; (omega_q = 5.397e-01*i)
WARNING, 9 imaginary frequencies at q = ( 0.15, -0.25, -0.25) ; (omega_q = 5.352e-01*i)
WARNING, 9 imaginary frequencies at q = ( 0.15, -0.25, -0.15) ; (omega_q = 5.261e-01*i)
WARNING, 10 imaginary frequencies at q = ( 0.15, -0.25, -0.05) ; (omega_q = 5.254e-01*i)
WARNING, 10 imaginary frequencies at q = ( 0.15, -0.25,  0.05) ; (omega_q = 5.327e-01*i)
WARNING, 10 imaginary frequencies at q = ( 0.15, -0.25,  0.15) ; (omega_q = 5.371e-01*i)
WARNING, 9 imaginary frequencies at q = ( 0.15, -0.25,  0.25) ; (omega_q = 5.316e-01*i)
WARNING, 10 imaginary frequencies at q = ( 0.15, -0.25,  0.35) ; (omega_q = 5.301e-01*i)
WARNING, 10 imaginary frequencies at q = ( 0.15, -0.25,  0.45) ; (omega_q = 5.341e-01*i)
WARNING, 9 imaginary frequencies at q = ( 0.15, -0.15, -0.45) ; (omega_q = 4.876e-01*i)
WARNING, 9 imaginary frequencies at q = ( 0.15, -0.15, -0.35) ; (omega_q = 5.075e-01*i)
WARNING, 9 imaginary frequencies at q = ( 0.15, -0.15, -0.25) ; (omega_q = 5.175e-01*i)
WARNING, 9 imaginary frequencies at q = ( 0.15, -0.15, -0.15) ; (omega_q = 5.044e-01*i)
WARNING, 9 imaginary frequencies at q = ( 0.15, -0.15, -0.05) ; (omega_q = 4.777e-01*i)
WARNING, 9 imaginary frequencies at q = ( 0.15, -0.15,  0.05) ; (omega_q = 4.840e-01*i)
WARNING, 10 imaginary frequencies at q = ( 0.15, -0.15,  0.15) ; (omega_q = 5.110e-01*i)
WARNING, 10 imaginary frequencies at q = ( 0.15, -0.15,  0.25) ; (omega_q = 5.185e-01*i)
WARNING, 10 imaginary frequencies at q = ( 0.15, -0.15,  0.35) ; (omega_q = 5.094e-01*i)
WARNING, 9 imaginary frequencies at q = ( 0.15, -0.15,  0.45) ; (omega_q = 4.897e-01*i)
WARNING, 7 imaginary frequencies at q = ( 0.15, -0.05, -0.45) ; (omega_q = 4.578e-01*i)
WARNING, 9 imaginary frequencies at q = ( 0.15, -0.05, -0.35) ; (omega_q = 5.352e-01*i)
WARNING, 9 imaginary frequencies at q = ( 0.15, -0.05, -0.25) ; (omega_q = 5.618e-01*i)
WARNING, 8 imaginary frequencies at q = ( 0.15, -0.05, -0.15) ; (omega_q = 5.008e-01*i)
WARNING, 7 imaginary frequencies at q = ( 0.15, -0.05, -0.05) ; (omega_q = 4.016e-01*i)
WARNING, 8 imaginary frequencies at q = ( 0.15, -0.05,  0.05) ; (omega_q = 4.556e-01*i)
WARNING, 9 imaginary frequencies at q = ( 0.15, -0.05,  0.15) ; (omega_q = 5.331e-01*i)
WARNING, 9 imaginary frequencies at q = ( 0.15, -0.05,  0.25) ; (omega_q = 5.643e-01*i)
WARNING, 8 imaginary frequencies at q = ( 0.15, -0.05,  0.35) ; (omega_q = 5.042e-01*i)
WARNING, 8 imaginary frequencies at q = ( 0.15, -0.05,  0.45) ; (omega_q = 4.136e-01*i)
WARNING, 8 imaginary frequencies at q = ( 0.15,  0.05, -0.45) ; (omega_q = 4.797e-01*i)
WARNING, 9 imaginary frequencies at q = ( 0.15,  0.05, -0.35) ; (omega_q = 5.767e-01*i)
WARNING, 9 imaginary frequencies at q = ( 0.15,  0.05, -0.25) ; (omega_q = 5.610e-01*i)
WARNING, 9 imaginary frequencies at q = ( 0.15,  0.05, -0.15) ; (omega_q = 4.413e-01*i)
WARNING, 6 imaginary frequencies at q = ( 0.15,  0.05, -0.05) ; (omega_q = 3.963e-01*i)
WARNING, 8 imaginary frequencies at q = ( 0.15,  0.05,  0.05) ; (omega_q = 4.781e-01*i)
WARNING, 9 imaginary frequencies at q = ( 0.15,  0.05,  0.15) ; (omega_q = 5.775e-01*i)
WARNING, 9 imaginary frequencies at q = ( 0.15,  0.05,  0.25) ; (omega_q = 5.631e-01*i)
WARNING, 8 imaginary frequencies at q = ( 0.15,  0.05,  0.35) ; (omega_q = 4.412e-01*i)
WARNING, 7 imaginary frequencies at q = ( 0.15,  0.05,  0.45) ; (omega_q = 4.130e-01*i)
WARNING, 9 imaginary frequencies at q = ( 0.15,  0.15, -0.45) ; (omega_q = 5.306e-01*i)
WARNING, 10 imaginary frequencies at q = ( 0.15,  0.15, -0.35) ; (omega_q = 5.741e-01*i)
WARNING, 10 imaginary frequencies at q = ( 0.15,  0.15, -0.25) ; (omega_q = 5.230e-01*i)
WARNING, 9 imaginary frequencies at q = ( 0.15,  0.15, -0.15) ; (omega_q = 4.850e-01*i)
WARNING, 9 imaginary frequencies at q = ( 0.15,  0.15, -0.05) ; (omega_q = 4.838e-01*i)
WARNING, 9 imaginary frequencies at q = ( 0.15,  0.15,  0.05) ; (omega_q = 5.337e-01*i)
WARNING, 9 imaginary frequencies at q = ( 0.15,  0.15,  0.15) ; (omega_q = 5.738e-01*i)
WARNING, 9 imaginary frequencies at q = ( 0.15,  0.15,  0.25) ; (omega_q = 5.190e-01*i)
WARNING, 8 imaginary frequencies at q = ( 0.15,  0.15,  0.35) ; (omega_q = 4.921e-01*i)
WARNING, 9 imaginary frequencies at q = ( 0.15,  0.15,  0.45) ; (omega_q = 4.954e-01*i)
WARNING, 10 imaginary frequencies at q = ( 0.15,  0.25, -0.45) ; (omega_q = 5.369e-01*i)
WARNING, 10 imaginary frequencies at q = ( 0.15,  0.25, -0.35) ; (omega_q = 5.413e-01*i)
WARNING, 9 imaginary frequencies at q = ( 0.15,  0.25, -0.25) ; (omega_q = 5.266e-01*i)
WARNING, 10 imaginary frequencies at q = ( 0.15,  0.25, -0.15) ; (omega_q = 5.205e-01*i)
WARNING, 9 imaginary frequencies at q = ( 0.15,  0.25, -0.05) ; (omega_q = 5.220e-01*i)
WARNING, 9 imaginary frequencies at q = ( 0.15,  0.25,  0.05) ; (omega_q = 5.295e-01*i)
WARNING, 9 imaginary frequencies at q = ( 0.15,  0.25,  0.15) ; (omega_q = 5.339e-01*i)
WARNING, 9 imaginary frequencies at q = ( 0.15,  0.25,  0.25) ; (omega_q = 5.292e-01*i)
WARNING, 10 imaginary frequencies at q = ( 0.15,  0.25,  0.35) ; (omega_q = 5.292e-01*i)
WARNING, 10 imaginary frequencies at q = ( 0.15,  0.25,  0.45) ; (omega_q = 5.317e-01*i)
WARNING, 9 imaginary frequencies at q = ( 0.15,  0.35, -0.45) ; (omega_q = 4.947e-01*i)
WARNING, 10 imaginary frequencies at q = ( 0.15,  0.35, -0.35) ; (omega_q = 5.085e-01*i)
WARNING, 10 imaginary frequencies at q = ( 0.15,  0.35, -0.25) ; (omega_q = 5.190e-01*i)
WARNING, 9 imaginary frequencies at q = ( 0.15,  0.35, -0.15) ; (omega_q = 5.146e-01*i)
WARNING, 9 imaginary frequencies at q = ( 0.15,  0.35, -0.05) ; (omega_q = 4.836e-01*i)
WARNING, 9 imaginary frequencies at q = ( 0.15,  0.35,  0.05) ; (omega_q = 4.830e-01*i)
WARNING, 9 imaginary frequencies at q = ( 0.15,  0.35,  0.15) ; (omega_q = 5.119e-01*i)
WARNING, 10 imaginary frequencies at q = ( 0.15,  0.35,  0.25) ; (omega_q = 5.221e-01*i)
WARNING, 10 imaginary frequencies at q = ( 0.15,  0.35,  0.35) ; (omega_q = 5.180e-01*i)
WARNING, 9 imaginary frequencies at q = ( 0.15,  0.35,  0.45) ; (omega_q = 4.904e-01*i)
WARNING, 8 imaginary frequencies at q = ( 0.15,  0.45, -0.45) ; (omega_q = 4.656e-01*i)
WARNING, 9 imaginary frequencies at q = ( 0.15,  0.45, -0.35) ; (omega_q = 5.254e-01*i)
WARNING, 9 imaginary frequencies at q = ( 0.15,  0.45, -0.25) ; (omega_q = 5.613e-01*i)
WARNING, 8 imaginary frequencies at q = ( 0.15,  0.45, -0.15) ; (omega_q = 5.114e-01*i)
WARNING, 8 imaginary frequencies at q = ( 0.15,  0.45, -0.05) ; (omega_q = 4.100e-01*i)
WARNING, 7 imaginary frequencies at q = ( 0.15,  0.45,  0.05) ; (omega_q = 4.660e-01*i)
WARNING, 9 imaginary frequencies at q = ( 0.15,  0.45,  0.15) ; (omega_q = 5.282e-01*i)
WARNING, 9 imaginary frequencies at q = ( 0.15,  0.45,  0.25) ; (omega_q = 5.605e-01*i)
WARNING, 9 imaginary frequencies at q = ( 0.15,  0.45,  0.35) ; (omega_q = 5.076e-01*i)
WARNING, 8 imaginary frequencies at q = ( 0.15,  0.45,  0.45) ; (omega_q = 4.241e-01*i)
WARNING, 9 imaginary frequencies at q = ( 0.25, -0.45, -0.45) ; (omega_q = 4.986e-01*i)
WARNING, 10 imaginary frequencies at q = ( 0.25, -0.45, -0.35) ; (omega_q = 5.320e-01*i)
WARNING, 9 imaginary frequencies at q = ( 0.25, -0.45, -0.25) ; (omega_q = 5.528e-01*i)
WARNING, 9 imaginary frequencies at q = ( 0.25, -0.45, -0.15) ; (omega_q = 5.032e-01*i)
WARNING, 8 imaginary frequencies at q = ( 0.25, -0.45, -0.05) ; (omega_q = 4.903e-01*i)
WARNING, 9 imaginary frequencies at q = ( 0.25, -0.45,  0.05) ; (omega_q = 4.894e-01*i)
WARNING, 9 imaginary frequencies at q = ( 0.25, -0.45,  0.15) ; (omega_q = 5.252e-01*i)
WARNING, 10 imaginary frequencies at q = ( 0.25, -0.45,  0.25) ; (omega_q = 5.488e-01*i)
WARNING, 9 imaginary frequencies at q = ( 0.25, -0.45,  0.35) ; (omega_q = 5.069e-01*i)
WARNING, 8 imaginary frequencies at q = ( 0.25, -0.45,  0.45) ; (omega_q = 4.992e-01*i)
WARNING, 10 imaginary frequencies at q = ( 0.25, -0.35, -0.45) ; (omega_q = 5.415e-01*i)
WARNING, 10 imaginary frequencies at q = ( 0.25, -0.35, -0.35) ; (omega_q = 5.401e-01*i)
WARNING, 10 imaginary frequencies at q = ( 0.25, -0.35, -0.25) ; (omega_q = 5.307e-01*i)
WARNING, 9 imaginary frequencies at q = ( 0.25, -0.35, -0.15) ; (omega_q = 5.179e-01*i)
WARNING, 9 imaginary frequencies at q = ( 0.25, -0.35, -0.05) ; (omega_q = 5.172e-01*i)
WARNING, 9 imaginary frequencies at q = ( 0.25, -0.35,  0.05) ; (omega_q = 5.292e-01*i)
WARNING, 9 imaginary frequencies at q = ( 0.25, -0.35,  0.15) ; (omega_q = 5.314e-01*i)
WARNING, 10 imaginary frequencies at q = ( 0.25, -0.35,  0.25) ; (omega_q = 5.291e-01*i)
WARNING, 9 imaginary frequencies at q = ( 0.25, -0.35,  0.35) ; (omega_q = 5.252e-01*i)
WARNING, 9 imaginary frequencies at q = ( 0.25, -0.35,  0.45) ; (omega_q = 5.294e-01*i)
WARNING, 10 imaginary frequencies at q = ( 0.25, -0.25, -0.45) ; (omega_q = 5.625e-01*i)
WARNING, 10 imaginary frequencies at q = ( 0.25, -0.25, -0.35) ; (omega_q = 5.519e-01*i)
WARNING, 9 imaginary frequencies at q = ( 0.25, -0.25, -0.25) ; (omega_q = 5.500e-01*i)
WARNING, 9 imaginary frequencies at q = ( 0.25, -0.25, -0.15) ; (omega_q = 5.465e-01*i)
WARNING, 10 imaginary frequencies at q = ( 0.25, -0.25, -0.05) ; (omega_q = 5.499e-01*i)
WARNING, 10 imaginary frequencies at q = ( 0.25, -0.25,  0.05) ; (omega_q = 5.551e-01*i)
WARNING, 10 imaginary frequencies at q = ( 0.25, -0.25,  0.15) ; (omega_q = 5.480e-01*i)
WARNING, 9 imaginary frequencies at q = ( 0.25, -0.25,  0.25) ; (omega_q = 5.503e-01*i)
WARNING, 10 imaginary frequencies at q = ( 0.25, -0.25,  0.35) ; (omega_q = 5.531e-01*i)
WARNING, 10 imaginary frequencies at q = ( 0.25, -0.25,  0.45) ; (omega_q = 5.614e-01*i)
WARNING, 9 imaginary frequencies at q = ( 0.25, -0.15, -0.45) ; (omega_q = 5.295e-01*i)
WARNING, 9 imaginary frequencies at q = ( 0.25, -0.15, -0.35) ; (omega_q = 5.204e-01*i)
WARNING, 9 imaginary frequencies at q = ( 0.25, -0.15, -0.25) ; (omega_q = 5.210e-01*i)
WARNING, 10 imaginary frequencies at q = ( 0.25, -0.15, -0.15) ; (omega_q = 5.236e-01*i)
WARNING, 10 imaginary frequencies at q = ( 0.25, -0.15, -0.05) ; (omega_q = 5.364e-01*i)
WARNING, 9 imaginary frequencies at q = ( 0.25, -0.15,  0.05) ; (omega_q = 5.205e-01*i)
WARNING, 9 imaginary frequencies at q = ( 0.25, -0.15,  0.15) ; (omega_q = 5.125e-01*i)
WARNING, 10 imaginary frequencies at q = ( 0.25, -0.15,  0.25) ; (omega_q = 5.256e-01*i)
WARNING, 10 imaginary frequencies at q = ( 0.25, -0.15,  0.35) ; (omega_q = 5.358e-01*i)
WARNING, 10 imaginary frequencies at q = ( 0.25, -0.15,  0.45) ; (omega_q = 5.433e-01*i)
WARNING, 7 imaginary frequencies at q = ( 0.25, -0.05, -0.45) ; (omega_q = 4.957e-01*i)
WARNING, 9 imaginary frequencies at q = ( 0.25, -0.05, -0.35) ; (omega_q = 4.916e-01*i)
WARNING, 9 imaginary frequencies at q = ( 0.25, -0.05, -0.25) ; (omega_q = 5.439e-01*i)
WARNING, 9 imaginary frequencies at q = ( 0.25, -0.05, -0.15) ; (omega_q = 5.269e-01*i)
WARNING, 8 imaginary frequencies at q = ( 0.25, -0.05, -0.05) ; (omega_q = 4.902e-01*i)
WARNING, 8 imaginary frequencies at q = ( 0.25, -0.05,  0.05) ; (omega_q = 4.850e-01*i)
WARNING, 9 imaginary frequencies at q = ( 0.25, -0.05,  0.15) ; (omega_q = 4.873e-01*i)
WARNING, 9 imaginary frequencies at q = ( 0.25, -0.05,  0.25) ; (omega_q = 5.474e-01*i)
WARNING, 9 imaginary frequencies at q = ( 0.25, -0.05,  0.35) ; (omega_q = 5.258e-01*i)
WARNING, 8 imaginary frequencies at q = ( 0.25, -0.05,  0.45) ; (omega_q = 4.983e-01*i)
WARNING, 8 imaginary frequencies at q = ( 0.25,  0.05, -0.45) ; (omega_q = 5.039e-01*i)
WARNING, 9 imaginary frequencies at q = ( 0.25,  0.05, -0.35) ; (omega_q = 5.342e-01*i)
WARNING, 9 imaginary frequencies at q = ( 0.25,  0.05, -0.25) ; (omega_q = 5.469e-01*i)
WARNING, 9 imaginary frequencies at q = ( 0.25,  0.05, -0.15) ; (omega_q = 4.792e-01*i)
WARNING, 8 imaginary frequencies at q = ( 0.25,  0.05, -0.05) ; (omega_q = 4.791e-01*i)
WARNING, 8 imaginary frequencies at q = ( 0.25,  0.05,  0.05) ; (omega_q = 4.920e-01*i)
WARNING, 9 imaginary frequencies at q = ( 0.25,  0.05,  0.15) ; (omega_q = 5.370e-01*i)
WARNING, 9 imaginary frequencies at q = ( 0.25,  0.05,  0.25) ; (omega_q = 5.486e-01*i)
WARNING, 9 imaginary frequencies at q = ( 0.25,  0.05,  0.35) ; (omega_q = 4.862e-01*i)
WARNING, 8 imaginary frequencies at q = ( 0.25,  0.05,  0.45) ; (omega_q = 4.951e-01*i)
WARNING, 10 imaginary frequencies at q = ( 0.25,  0.15, -0.45) ; (omega_q = 5.395e-01*i)
WARNING, 10 imaginary frequencies at q = ( 0.25,  0.15, -0.35) ; (omega_q = 5.403e-01*i)
WARNING, 9 imaginary frequencies at q = ( 0.25,  0.15, -0.25) ; (omega_q = 5.236e-01*i)
WARNING, 9 imaginary frequencies at q = ( 0.25,  0.15, -0.15) ; (omega_q = 5.173e-01*i)
WARNING, 9 imaginary frequencies at q = ( 0.25,  0.15, -0.05) ; (omega_q = 5.210e-01*i)
WARNING, 9 imaginary frequencies at q = ( 0.25,  0.15,  0.05) ; (omega_q = 5.346e-01*i)
WARNING, 9 imaginary frequencies at q = ( 0.25,  0.15,  0.15) ; (omega_q = 5.363e-01*i)
WARNING, 9 imaginary frequencies at q = ( 0.25,  0.15,  0.25) ; (omega_q = 5.284e-01*i)
WARNING, 9 imaginary frequencies at q = ( 0.25,  0.15,  0.35) ; (omega_q = 5.303e-01*i)
WARNING, 10 imaginary frequencies at q = ( 0.25,  0.15,  0.45) ; (omega_q = 5.344e-01*i)
WARNING, 10 imaginary frequencies at q = ( 0.25,  0.25, -0.45) ; (omega_q = 5.607e-01*i)
WARNING, 10 imaginary frequencies at q = ( 0.25,  0.25, -0.35) ; (omega_q = 5.519e-01*i)
WARNING, 9 imaginary frequencies at q = ( 0.25,  0.25, -0.25) ; (omega_q = 5.514e-01*i)
WARNING, 10 imaginary frequencies at q = ( 0.25,  0.25, -0.15) ; (omega_q = 5.523e-01*i)
WARNING, 10 imaginary frequencies at q = ( 0.25,  0.25, -0.05) ; (omega_q = 5.544e-01*i)
WARNING, 9 imaginary frequencies at q = ( 0.25,  0.25,  0.05) ; (omega_q = 5.501e-01*i)
WARNING, 9 imaginary frequencies at q = ( 0.25,  0.25,  0.15) ; (omega_q = 5.519e-01*i)
WARNING, 9 imaginary frequencies at q = ( 0.25,  0.25,  0.25) ; (omega_q = 5.562e-01*i)
WARNING, 10 imaginary frequencies at q = ( 0.25,  0.25,  0.35) ; (omega_q = 5.594e-01*i)
WARNING, 11 imaginary frequencies at q = ( 0.25,  0.25,  0.45) ; (omega_q = 5.641e-01*i)
WARNING, 10 imaginary frequencies at q = ( 0.25,  0.35, -0.45) ; (omega_q = 5.344e-01*i)
WARNING, 9 imaginary frequencies at q = ( 0.25,  0.35, -0.35) ; (omega_q = 5.280e-01*i)
WARNING, 10 imaginary frequencies at q = ( 0.25,  0.35, -0.25) ; (omega_q = 5.303e-01*i)
WARNING, 10 imaginary frequencies at q = ( 0.25,  0.35, -0.15) ; (omega_q = 5.382e-01*i)
WARNING, 9 imaginary frequencies at q = ( 0.25,  0.35, -0.05) ; (omega_q = 5.379e-01*i)
WARNING, 9 imaginary frequencies at q = ( 0.25,  0.35,  0.05) ; (omega_q = 5.246e-01*i)
WARNING, 9 imaginary frequencies at q = ( 0.25,  0.35,  0.15) ; (omega_q = 5.255e-01*i)
WARNING, 10 imaginary frequencies at q = ( 0.25,  0.35,  0.25) ; (omega_q = 5.305e-01*i)
WARNING, 10 imaginary frequencies at q = ( 0.25,  0.35,  0.35) ; (omega_q = 5.445e-01*i)
WARNING, 10 imaginary frequencies at q = ( 0.25,  0.35,  0.45) ; (omega_q = 5.488e-01*i)
WARNING, 8 imaginary frequencies at q = ( 0.25,  0.45, -0.45) ; (omega_q = 5.016e-01*i)
WARNING, 9 imaginary frequencies at q = ( 0.25,  0.45, -0.35) ; (omega_q = 4.936e-01*i)
WARNING, 9 imaginary frequencies at q = ( 0.25,  0.45, -0.25) ; (omega_q = 5.511e-01*i)
WARNING, 9 imaginary frequencies at q = ( 0.25,  0.45, -0.15) ; (omega_q = 5.424e-01*i)
WARNING, 9 imaginary frequencies at q = ( 0.25,  0.45, -0.05) ; (omega_q = 5.061e-01*i)
WARNING, 8 imaginary frequencies at q = ( 0.25,  0.45,  0.05) ; (omega_q = 4.858e-01*i)
WARNING, 9 imaginary frequencies at q = ( 0.25,  0.45,  0.15) ; (omega_q = 4.789e-01*i)
WARNING, 9 imaginary frequencies at q = ( 0.25,  0.45,  0.25) ; (omega_q = 5.482e-01*i)
WARNING, 10 imaginary frequencies at q = ( 0.25,  0.45,  0.35) ; (omega_q = 5.412e-01*i)
WARNING, 9 imaginary frequencies at q = ( 0.25,  0.45,  0.45) ; (omega_q = 5.162e-01*i)
WARNING, 8 imaginary frequencies at q = ( 0.35, -0.45, -0.45) ; (omega_q = 4.137e-01*i)
WARNING, 9 imaginary frequencies at q = ( 0.35, -0.45, -0.35) ; (omega_q = 5.011e-01*i)
WARNING, 9 imaginary frequencies at q = ( 0.35, -0.45, -0.25) ; (omega_q = 5.634e-01*i)
WARNING, 9 imaginary frequencies at q = ( 0.35, -0.45, -0.15) ; (omega_q = 5.444e-01*i)
WARNING, 8 imaginary frequencies at q = ( 0.35, -0.45, -0.05) ; (omega_q = 4.647e-01*i)
WARNING, 8 imaginary frequencies at q = ( 0.35, -0.45,  0.05) ; (omega_q = 3.976e-01*i)
WARNING, 9 imaginary frequencies at q = ( 0.35, -0.45,  0.15) ; (omega_q = 4.991e-01*i)
WARNING, 9 imaginary frequencies at q = ( 0.35, -0.45,  0.25) ; (omega_q = 5.616e-01*i)
WARNING, 9 imaginary frequencies at q = ( 0.35, -0.45,  0.35) ; (omega_q = 5.456e-01*i)
WARNING, 7 imaginary frequencies at q = ( 0.35, -0.45,  0.45) ; (omega_q = 4.644e-01*i)
WARNING, 9 imaginary frequencies at q = ( 0.35, -0.35, -0.45) ; (omega_q = 4.940e-01*i)
WARNING, 9 imaginary frequencies at q = ( 0.35, -0.35, -0.35) ; (omega_q = 5.097e-01*i)
WARNING, 10 imaginary frequencies at q = ( 0.35, -0.35, -0.25) ; (omega_q = 5.297e-01*i)
WARNING, 9 imaginary frequencies at q = ( 0.35, -0.35, -0.15) ; (omega_q = 5.227e-01*i)
WARNING, 9 imaginary frequencies at q = ( 0.35, -0.35, -0.05) ; (omega_q = 4.787e-01*i)
WARNING, 9 imaginary frequencies at q = ( 0.35, -0.35,  0.05) ; (omega_q = 4.850e-01*i)
WARNING, 10 imaginary frequencies at q = ( 0.35, -0.35,  0.15) ; (omega_q = 5.106e-01*i)
WARNING, 10 imaginary frequencies at q = ( 0.35, -0.35,  0.25) ; (omega_q = 5.307e-01*i)
WARNING, 10 imaginary frequencies at q = ( 0.35, -0.35,  0.35) ; (omega_q = 5.220e-01*i)
WARNING, 9 imaginary frequencies at q = ( 0.35, -0.35,  0.45) ; (omega_q = 4.876e-01*i)
WARNING, 10 imaginary frequencies at q = ( 0.35, -0.25, -0.45) ; (omega_q = 5.297e-01*i)
WARNING, 10 imaginary frequencies at q = ( 0.35, -0.25, -0.35) ; (omega_q = 5.196e-01*i)
WARNING, 9 imaginary frequencies at q = ( 0.35, -0.25, -0.25) ; (omega_q = 5.278e-01*i)
WARNING, 10 imaginary frequencies at q = ( 0.35, -0.25, -0.15) ; (omega_q = 5.338e-01*i)
WARNING, 10 imaginary frequencies at q = ( 0.35, -0.25, -0.05) ; (omega_q = 5.380e-01*i)
WARNING, 9 imaginary frequencies at q = ( 0.35, -0.25,  0.05) ; (omega_q = 5.217e-01*i)
WARNING, 9 imaginary frequencies at q = ( 0.35, -0.25,  0.15) ; (omega_q = 5.144e-01*i)
WARNING, 9 imaginary frequencies at q = ( 0.35, -0.25,  0.25) ; (omega_q = 5.264e-01*i)
WARNING, 11 imaginary frequencies at q = ( 0.35, -0.25,  0.35) ; (omega_q = 5.389e-01*i)
WARNING, 10 imaginary frequencies at q = ( 0.35, -0.25,  0.45) ; (omega_q = 5.461e-01*i)
WARNING, 9 imaginary frequencies at q = ( 0.35, -0.15, -0.45) ; (omega_q = 4.895e-01*i)
WARNING, 9 imaginary frequencies at q = ( 0.35, -0.15, -0.35) ; (omega_q = 4.846e-01*i)
WARNING, 9 imaginary frequencies at q = ( 0.35, -0.15, -0.25) ; (omega_q = 5.051e-01*i)
WARNING, 11 imaginary frequencies at q = ( 0.35, -0.15, -0.15) ; (omega_q = 5.612e-01*i)
WARNING, 10 imaginary frequencies at q = ( 0.35, -0.15, -0.05) ; (omega_q = 5.466e-01*i)
WARNING, 8 imaginary frequencies at q = ( 0.35, -0.15,  0.05) ; (omega_q = 4.790e-01*i)
WARNING, 8 imaginary frequencies at q = ( 0.35, -0.15,  0.15) ; (omega_q = 4.804e-01*i)
WARNING, 10 imaginary frequencies at q = ( 0.35, -0.15,  0.25) ; (omega_q = 5.120e-01*i)
WARNING, 11 imaginary frequencies at q = ( 0.35, -0.15,  0.35) ; (omega_q = 5.613e-01*i)
WARNING, 10 imaginary frequencies at q = ( 0.35, -0.15,  0.45) ; (omega_q = 5.474e-01*i)
WARNING, 7 imaginary frequencies at q = ( 0.35, -0.05, -0.45) ; (omega_q = 4.121e-01*i)
WARNING, 8 imaginary frequencies at q = ( 0.35, -0.05, -0.35) ; (omega_q = 4.353e-01*i)
WARNING, 9 imaginary frequencies at q = ( 0.35, -0.05, -0.25) ; (omega_q = 5.514e-01*i)
WARNING, 9 imaginary frequencies at q = ( 0.35, -0.05, -0.15) ; (omega_q = 5.702e-01*i)
WARNING, 8 imaginary frequencies at q = ( 0.35, -0.05, -0.05) ; (omega_q = 4.946e-01*i)
WARNING, 6 imaginary frequencies at q = ( 0.35, -0.05,  0.05) ; (omega_q = 4.005e-01*i)
WARNING, 7 imaginary frequencies at q = ( 0.35, -0.05,  0.15) ; (omega_q = 4.386e-01*i)
WARNING, 9 imaginary frequencies at q = ( 0.35, -0.05,  0.25) ; (omega_q = 5.529e-01*i)
WARNING, 9 imaginary frequencies at q = ( 0.35, -0.05,  0.35) ; (omega_q = 5.685e-01*i)
WARNING, 8 imaginary frequencies at q = ( 0.35, -0.05,  0.45) ; (omega_q = 4.907e-01*i)
WARNING, 8 imaginary frequencies at q = ( 0.35,  0.05, -0.45) ; (omega_q = 4.174e-01*i)
WARNING, 9 imaginary frequencies at q = ( 0.35,  0.05, -0.35) ; (omega_q = 5.025e-01*i)
WARNING, 9 imaginary frequencies at q = ( 0.35,  0.05, -0.25) ; (omega_q = 5.568e-01*i)
WARNING, 9 imaginary frequencies at q = ( 0.35,  0.05, -0.15) ; (omega_q = 5.238e-01*i)
WARNING, 7 imaginary frequencies at q = ( 0.35,  0.05, -0.05) ; (omega_q = 4.532e-01*i)
WARNING, 8 imaginary frequencies at q = ( 0.35,  0.05,  0.05) ; (omega_q = 4.016e-01*i)
WARNING, 8 imaginary frequencies at q = ( 0.35,  0.05,  0.15) ; (omega_q = 5.046e-01*i)
WARNING, 9 imaginary frequencies at q = ( 0.35,  0.05,  0.25) ; (omega_q = 5.573e-01*i)
WARNING, 9 imaginary frequencies at q = ( 0.35,  0.05,  0.35) ; (omega_q = 5.239e-01*i)
WARNING, 8 imaginary frequencies at q = ( 0.35,  0.05,  0.45) ; (omega_q = 4.550e-01*i)
WARNING, 10 imaginary frequencies at q = ( 0.35,  0.15, -0.45) ; (omega_q = 4.861e-01*i)
WARNING, 10 imaginary frequencies at q = ( 0.35,  0.15, -0.35) ; (omega_q = 5.138e-01*i)
WARNING, 10 imaginary frequencies at q = ( 0.35,  0.15, -0.25) ; (omega_q = 5.148e-01*i)
WARNING, 9 imaginary frequencies at q = ( 0.35,  0.15, -0.15) ; (omega_q = 5.058e-01*i)
WARNING, 9 imaginary frequencies at q = ( 0.35,  0.15, -0.05) ; (omega_q = 4.851e-01*i)
WARNING, 9 imaginary frequencies at q = ( 0.35,  0.15,  0.05) ; (omega_q = 4.779e-01*i)
WARNING, 9 imaginary frequencies at q = ( 0.35,  0.15,  0.15) ; (omega_q = 5.156e-01*i)
WARNING, 10 imaginary frequencies at q = ( 0.35,  0.15,  0.25) ; (omega_q = 5.193e-01*i)
WARNING, 10 imaginary frequencies at q = ( 0.35,  0.15,  0.35) ; (omega_q = 5.019e-01*i)
WARNING, 10 imaginary frequencies at q = ( 0.35,  0.15,  0.45) ; (omega_q = 4.899e-01*i)
WARNING, 10 imaginary frequencies at q = ( 0.35,  0.25, -0.45) ; (omega_q = 5.296e-01*i)
WARNING, 10 imaginary frequencies at q = ( 0.35,  0.25, -0.35) ; (omega_q = 5.268e-01*i)
WARNING, 9 imaginary frequencies at q = ( 0.35,  0.25, -0.25) ; (omega_q = 5.341e-01*i)
WARNING, 10 imaginary frequencies at q = ( 0.35,  0.25, -0.15) ; (omega_q = 5.390e-01*i)
WARNING, 10 imaginary frequencies at q = ( 0.35,  0.25, -0.05) ; (omega_q = 5.322e-01*i)
WARNING, 9 imaginary frequencies at q = ( 0.35,  0.25,  0.05) ; (omega_q = 5.286e-01*i)
WARNING, 9 imaginary frequencies at q = ( 0.35,  0.25,  0.15) ; (omega_q = 5.283e-01*i)
WARNING, 9 imaginary frequencies at q = ( 0.35,  0.25,  0.25) ; (omega_q = 5.321e-01*i)
WARNING, 10 imaginary frequencies at q = ( 0.35,  0.25,  0.35) ; (omega_q = 5.326e-01*i)
WARNING, 10 imaginary frequencies at q = ( 0.35,  0.25,  0.45) ; (omega_q = 5.420e-01*i)
WARNING, 9 imaginary frequencies at q = ( 0.35,  0.35, -0.45) ; (omega_q = 4.987e-01*i)
WARNING, 9 imaginary frequencies at q = ( 0.35,  0.35, -0.35) ; (omega_q = 4.988e-01*i)
WARNING, 10 imaginary frequencies at q = ( 0.35,  0.35, -0.25) ; (omega_q = 5.158e-01*i)
WARNING, 10 imaginary frequencies at q = ( 0.35,  0.35, -0.15) ; (omega_q = 5.689e-01*i)
WARNING, 9 imaginary frequencies at q = ( 0.35,  0.35, -0.05) ; (omega_q = 5.443e-01*i)
WARNING, 9 imaginary frequencies at q = ( 0.35,  0.35,  0.05) ; (omega_q = 4.969e-01*i)
WARNING, 9 imaginary frequencies at q = ( 0.35,  0.35,  0.15) ; (omega_q = 4.978e-01*i)
WARNING, 10 imaginary frequencies at q = ( 0.35,  0.35,  0.25) ; (omega_q = 5.151e-01*i)
WARNING, 11 imaginary frequencies at q = ( 0.35,  0.35,  0.35) ; (omega_q = 5.674e-01*i)
WARNING, 10 imaginary frequencies at q = ( 0.35,  0.35,  0.45) ; (omega_q = 5.444e-01*i)
WARNING, 7 imaginary frequencies at q = ( 0.35,  0.45, -0.45) ; (omega_q = 4.198e-01*i)
WARNING, 9 imaginary frequencies at q = ( 0.35,  0.45, -0.35) ; (omega_q = 4.428e-01*i)
WARNING, 9 imaginary frequencies at q = ( 0.35,  0.45, -0.25) ; (omega_q = 5.574e-01*i)
WARNING, 9 imaginary frequencies at q = ( 0.35,  0.45, -0.15) ; (omega_q = 5.784e-01*i)
WARNING, 8 imaginary frequencies at q = ( 0.35,  0.45, -0.05) ; (omega_q = 5.003e-01*i)
WARNING, 7 imaginary frequencies at q = ( 0.35,  0.45,  0.05) ; (omega_q = 4.036e-01*i)
WARNING, 9 imaginary frequencies at q = ( 0.35,  0.45,  0.15) ; (omega_q = 4.418e-01*i)
WARNING, 9 imaginary frequencies at q = ( 0.35,  0.45,  0.25) ; (omega_q = 5.558e-01*i)
WARNING, 10 imaginary frequencies at q = ( 0.35,  0.45,  0.35) ; (omega_q = 5.768e-01*i)
WARNING, 8 imaginary frequencies at q = ( 0.35,  0.45,  0.45) ; (omega_q = 5.011e-01*i)
WARNING, 6 imaginary frequencies at q = ( 0.45, -0.45, -0.45) ; (omega_q = 2.984e-01*i)
WARNING, 8 imaginary frequencies at q = ( 0.45, -0.45, -0.35) ; (omega_q = 5.117e-01*i)
WARNING, 8 imaginary frequencies at q = ( 0.45, -0.45, -0.25) ; (omega_q = 5.867e-01*i)
WARNING, 8 imaginary frequencies at q = ( 0.45, -0.45, -0.15) ; (omega_q = 5.220e-01*i)
WARNING, 6 imaginary frequencies at q = ( 0.45, -0.45, -0.05) ; (omega_q = 3.134e-01*i)
WARNING, 6 imaginary frequencies at q = ( 0.45, -0.45,  0.05) ; (omega_q = 3.025e-01*i)
WARNING, 8 imaginary frequencies at q = ( 0.45, -0.45,  0.15) ; (omega_q = 5.093e-01*i)
WARNING, 8 imaginary frequencies at q = ( 0.45, -0.45,  0.25) ; (omega_q = 5.863e-01*i)
WARNING, 8 imaginary frequencies at q = ( 0.45, -0.45,  0.35) ; (omega_q = 5.227e-01*i)
WARNING, 6 imaginary frequencies at q = ( 0.45, -0.45,  0.45) ; (omega_q = 3.022e-01*i)
WARNING, 8 imaginary frequencies at q = ( 0.45, -0.35, -0.45) ; (omega_q = 4.549e-01*i)
WARNING, 10 imaginary frequencies at q = ( 0.45, -0.35, -0.35) ; (omega_q = 5.248e-01*i)
WARNING, 10 imaginary frequencies at q = ( 0.45, -0.35, -0.25) ; (omega_q = 5.572e-01*i)
WARNING, 9 imaginary frequencies at q = ( 0.45, -0.35, -0.15) ; (omega_q = 4.995e-01*i)
WARNING, 8 imaginary frequencies at q = ( 0.45, -0.35, -0.05) ; (omega_q = 4.014e-01*i)
WARNING, 7 imaginary frequencies at q = ( 0.45, -0.35,  0.05) ; (omega_q = 4.509e-01*i)
WARNING, 10 imaginary frequencies at q = ( 0.45, -0.35,  0.15) ; (omega_q = 5.225e-01*i)
WARNING, 11 imaginary frequencies at q = ( 0.45, -0.35,  0.25) ; (omega_q = 5.597e-01*i)
WARNING, 10 imaginary frequencies at q = ( 0.45, -0.35,  0.35) ; (omega_q = 5.009e-01*i)
WARNING, 9 imaginary frequencies at q = ( 0.45, -0.35,  0.45) ; (omega_q = 4.078e-01*i)
WARNING, 8 imaginary frequencies at q = ( 0.45, -0.25, -0.45) ; (omega_q = 4.877e-01*i)
WARNING, 10 imaginary frequencies at q = ( 0.45, -0.25, -0.35) ; (omega_q = 4.848e-01*i)
WARNING, 10 imaginary frequencies at q = ( 0.45, -0.25, -0.25) ; (omega_q = 5.365e-01*i)
WARNING, 10 imaginary frequencies at q = ( 0.45, -0.25, -0.15) ; (omega_q = 5.206e-01*i)
WARNING, 9 imaginary frequencies at q = ( 0.45, -0.25, -0.05) ; (omega_q = 4.998e-01*i)
WARNING, 8 imaginary frequencies at q = ( 0.45, -0.25,  0.05) ; (omega_q = 4.792e-01*i)
WARNING, 10 imaginary frequencies at q = ( 0.45, -0.25,  0.15) ; (omega_q = 4.819e-01*i)
WARNING, 10 imaginary frequencies at q = ( 0.45, -0.25,  0.25) ; (omega_q = 5.412e-01*i)
WARNING, 10 imaginary frequencies at q = ( 0.45, -0.25,  0.35) ; (omega_q = 5.213e-01*i)
WARNING, 9 imaginary frequencies at q = ( 0.45, -0.25,  0.45) ; (omega_q = 5.044e-01*i)
WARNING, 8 imaginary frequencies at q = ( 0.45, -0.15, -0.45) ; (omega_q = 4.139e-01*i)
WARNING, 9 imaginary frequencies at q = ( 0.45, -0.15, -0.35) ; (omega_q = 4.311e-01*i)
WARNING, 10 imaginary frequencies at q = ( 0.45, -0.15, -0.25) ; (omega_q = 5.399e-01*i)
WARNING, 10 imaginary frequencies at q = ( 0.45, -0.15, -0.15) ; (omega_q = 5.710e-01*i)
WARNING, 9 imaginary frequencies at q = ( 0.45, -0.15, -0.05) ; (omega_q = 4.963e-01*i)
WARNING, 7 imaginary frequencies at q = ( 0.45, -0.15,  0.05) ; (omega_q = 4.059e-01*i)
WARNING, 9 imaginary frequencies at q = ( 0.45, -0.15,  0.15) ; (omega_q = 4.348e-01*i)
WARNING, 10 imaginary frequencies at q = ( 0.45, -0.15,  0.25) ; (omega_q = 5.414e-01*i)
WARNING, 10 imaginary frequencies at q = ( 0.45, -0.15,  0.35) ; (omega_q = 5.696e-01*i)
WARNING, 9 imaginary frequencies at q = ( 0.45, -0.15,  0.45) ; (omega_q = 4.983e-01*i)
WARNING, 5 imaginary frequencies at q = ( 0.45, -0.05, -0.45) ; (omega_q = 2.229e-01*i)
WARNING, 7 imaginary frequencies at q = ( 0.45, -0.05, -0.35) ; (omega_q = 4.423e-01*i)
WARNING, 9 imaginary frequencies at q = ( 0.45, -0.05, -0.25) ; (omega_q = 5.835e-01*i)
WARNING, 8 imaginary frequencies at q = ( 0.45, -0.05, -0.15) ; (omega_q = 5.694e-01*i)
WARNING, 6 imaginary frequencies at q = ( 0.45, -0.05, -0.05) ; (omega_q = 3.942e-01*i)
WARNING, 5 imaginary frequencies at q = ( 0.45, -0.05,  0.05) ; (omega_q = 2.204e-01*i)
WARNING, 8 imaginary frequencies at q = ( 0.45, -0.05,  0.15) ; (omega_q = 4.420e-01*i)
WARNING, 9 imaginary frequencies at q = ( 0.45, -0.05,  0.25) ; (omega_q = 5.825e-01*i)
WARNING, 9 imaginary frequencies at q = ( 0.45, -0.05,  0.35) ; (omega_q = 5.679e-01*i)
WARNING, 7 imaginary frequencies at q = ( 0.45, -0.05,  0.45) ; (omega_q = 3.895e-01*i)
WARNING, 6 imaginary frequencies at q = ( 0.45,  0.05, -0.45) ; (omega_q = 2.940e-01*i)
WARNING, 8 imaginary frequencies at q = ( 0.45,  0.05, -0.35) ; (omega_q = 5.191e-01*i)
WARNING, 8 imaginary frequencies at q = ( 0.45,  0.05, -0.25) ; (omega_q = 5.859e-01*i)
WARNING, 8 imaginary frequencies at q = ( 0.45,  0.05, -0.15) ; (omega_q = 5.114e-01*i)
WARNING, 6 imaginary frequencies at q = ( 0.45,  0.05, -0.05) ; (omega_q = 2.939e-01*i)
WARNING, 6 imaginary frequencies at q = ( 0.45,  0.05,  0.05) ; (omega_q = 2.977e-01*i)
WARNING, 8 imaginary frequencies at q = ( 0.45,  0.05,  0.15) ; (omega_q = 5.193e-01*i)
WARNING, 8 imaginary frequencies at q = ( 0.45,  0.05,  0.25) ; (omega_q = 5.865e-01*i)
WARNING, 8 imaginary frequencies at q = ( 0.45,  0.05,  0.35) ; (omega_q = 5.121e-01*i)
WARNING, 6 imaginary frequencies at q = ( 0.45,  0.05,  0.45) ; (omega_q = 2.879e-01*i)
WARNING, 8 imaginary frequencies at q = ( 0.45,  0.15, -0.45) ; (omega_q = 4.557e-01*i)
WARNING, 10 imaginary frequencies at q = ( 0.45,  0.15, -0.35) ; (omega_q = 5.312e-01*i)
WARNING, 9 imaginary frequencies at q = ( 0.45,  0.15, -0.25) ; (omega_q = 5.444e-01*i)
WARNING, 9 imaginary frequencies at q = ( 0.45,  0.15, -0.15) ; (omega_q = 4.900e-01*i)
WARNING, 8 imaginary frequencies at q = ( 0.45,  0.15, -0.05) ; (omega_q = 4.011e-01*i)
WARNING, 7 imaginary frequencies at q = ( 0.45,  0.15,  0.05) ; (omega_q = 4.561e-01*i)
WARNING, 10 imaginary frequencies at q = ( 0.45,  0.15,  0.15) ; (omega_q = 5.321e-01*i)
WARNING, 10 imaginary frequencies at q = ( 0.45,  0.15,  0.25) ; (omega_q = 5.473e-01*i)
WARNING, 9 imaginary frequencies at q = ( 0.45,  0.15,  0.35) ; (omega_q = 4.828e-01*i)
WARNING, 9 imaginary frequencies at q = ( 0.45,  0.15,  0.45) ; (omega_q = 4.027e-01*i)
WARNING, 9 imaginary frequencies at q = ( 0.45,  0.25, -0.45) ; (omega_q = 4.896e-01*i)
WARNING, 10 imaginary frequencies at q = ( 0.45,  0.25, -0.35) ; (omega_q = 4.953e-01*i)
WARNING, 9 imaginary frequencies at q = ( 0.45,  0.25, -0.25) ; (omega_q = 5.341e-01*i)
WARNING, 10 imaginary frequencies at q = ( 0.45,  0.25, -0.15) ; (omega_q = 5.238e-01*i)
WARNING, 9 imaginary frequencies at q = ( 0.45,  0.25, -0.05) ; (omega_q = 4.926e-01*i)
WARNING, 7 imaginary frequencies at q = ( 0.45,  0.25,  0.05) ; (omega_q = 4.907e-01*i)
WARNING, 9 imaginary frequencies at q = ( 0.45,  0.25,  0.15) ; (omega_q = 4.849e-01*i)
WARNING, 10 imaginary frequencies at q = ( 0.45,  0.25,  0.25) ; (omega_q = 5.287e-01*i)
WARNING, 10 imaginary frequencies at q = ( 0.45,  0.25,  0.35) ; (omega_q = 5.202e-01*i)
WARNING, 10 imaginary frequencies at q = ( 0.45,  0.25,  0.45) ; (omega_q = 4.947e-01*i)
WARNING, 8 imaginary frequencies at q = ( 0.45,  0.35, -0.45) ; (omega_q = 4.250e-01*i)
WARNING, 9 imaginary frequencies at q = ( 0.45,  0.35, -0.35) ; (omega_q = 4.426e-01*i)
WARNING, 10 imaginary frequencies at q = ( 0.45,  0.35, -0.25) ; (omega_q = 5.510e-01*i)
WARNING, 11 imaginary frequencies at q = ( 0.45,  0.35, -0.15) ; (omega_q = 5.678e-01*i)
WARNING, 9 imaginary frequencies at q = ( 0.45,  0.35, -0.05) ; (omega_q = 4.902e-01*i)
WARNING, 7 imaginary frequencies at q = ( 0.45,  0.35,  0.05) ; (omega_q = 4.230e-01*i)
WARNING, 9 imaginary frequencies at q = ( 0.45,  0.35,  0.15) ; (omega_q = 4.361e-01*i)
WARNING, 10 imaginary frequencies at q = ( 0.45,  0.35,  0.25) ; (omega_q = 5.476e-01*i)
WARNING, 11 imaginary frequencies at q = ( 0.45,  0.35,  0.35) ; (omega_q = 5.651e-01*i)
WARNING, 10 imaginary frequencies at q = ( 0.45,  0.35,  0.45) ; (omega_q = 4.867e-01*i)
WARNING, 4 imaginary frequencies at q = ( 0.45,  0.45, -0.45) ; (omega_q = 2.269e-01*i)
WARNING, 8 imaginary frequencies at q = ( 0.45,  0.45, -0.35) ; (omega_q = 4.477e-01*i)
WARNING, 9 imaginary frequencies at q = ( 0.45,  0.45, -0.25) ; (omega_q = 5.840e-01*i)
WARNING, 8 imaginary frequencies at q = ( 0.45,  0.45, -0.15) ; (omega_q = 5.663e-01*i)
WARNING, 7 imaginary frequencies at q = ( 0.45,  0.45, -0.05) ; (omega_q = 3.917e-01*i)
WARNING, 5 imaginary frequencies at q = ( 0.45,  0.45,  0.05) ; (omega_q = 2.274e-01*i)
WARNING, 8 imaginary frequencies at q = ( 0.45,  0.45,  0.15) ; (omega_q = 4.464e-01*i)
WARNING, 9 imaginary frequencies at q = ( 0.45,  0.45,  0.25) ; (omega_q = 5.824e-01*i)
WARNING, 9 imaginary frequencies at q = ( 0.45,  0.45,  0.35) ; (omega_q = 5.641e-01*i)
WARNING, 8 imaginary frequencies at q = ( 0.45,  0.45,  0.45) ; (omega_q = 3.867e-01*i)
FINISHED!!!
