Starging at Tue Mar 26 01:13:38 CET 2024
:: initializing oneAPI environment ...
   BASH version = 4.2.46(2)-release
:: dev-utilities -- latest
:: tbb -- latest
:: compiler -- latest
:: dpl -- latest
:: mkl -- latest
:: ipp -- latest
:: mpi -- latest
:: ccl -- latest
:: vtune -- latest
:: dpcpp-ct -- latest
:: dal -- latest
:: intelpython -- latest
:: ippcp -- latest
:: debugger -- latest
:: inspector -- latest
:: clck -- latest
:: itac -- latest
:: oneAPI environment initialized ::
     using /nfsexports/SOFTWARE/intel/oneapi/mpi/2021.1.1/bin/mpirun
Using Python 3.11.8
Python path: /lustre/home/mmollo/.cache/pypoetry/virtualenvs/tesi-magistrale-jxuYGkd5-py3.11/bin/python
Default dtype float64 does not match model dtype float32, converting models to float64.
Optimization started at 2024-03-26 01:13:53.184902
Optimization finished after 0:00:36.197499
Displacements started at 2024-03-26 01:14:29.383629
Displacements finished after 0:00:00.439602
Forces calculation started at 2024-03-26 01:14:29.823294
Forces calculation finished after 0:01:36.713727
Force constants calculation started at 2024-03-26 01:16:06.537137
Force constants calculation finished after 0:00:01.487724
Goodbye from Python!
Tue Mar 26 01:16:24 CET 2024
FINISHED!!!
