Starging at Thu Mar 14 03:02:49 CET 2024
:: initializing oneAPI environment ...
   BASH version = 4.2.46(2)-release
:: dev-utilities -- latest
:: tbb -- latest
:: compiler -- latest
:: dpl -- latest
:: mkl -- latest
:: ipp -- latest
:: mpi -- latest
:: ccl -- latest
:: vtune -- latest
:: dpcpp-ct -- latest
:: dal -- latest
:: intelpython -- latest
:: ippcp -- latest
:: debugger -- latest
:: inspector -- latest
:: clck -- latest
:: itac -- latest
:: oneAPI environment initialized ::
     using /nfsexports/SOFTWARE/intel/oneapi/mpi/2021.1.1/bin/mpirun
Using Python 3.11.8
Python path: /lustre/home/mmollo/.cache/pypoetry/virtualenvs/tesi-magistrale-jxuYGkd5-py3.11/bin/python
/lustre/home/mmollo/.cache/pypoetry/virtualenvs/tesi-magistrale-jxuYGkd5-py3.11/lib/python3.11/site-packages/torch_dftd/torch_dftd3_calculator.py:98: UserWarning: Creating a tensor from a list of numpy.ndarrays is extremely slow. Please consider converting the list to a single numpy.ndarray with numpy.array() before converting to a tensor. (Triggered internally at ../torch/csrc/utils/tensor_new.cpp:275.)
  cell: Optional[Tensor] = torch.tensor(
spglib: Attempt 0 tolerance = 1.000000e-05 failed(line 800, /project/src/spacegroup.c).
spglib: No point group was found (line 405, /project/src/pointgroup.c).
spglib: Attempt 1 tolerance = 9.500000e-06 failed(line 800, /project/src/spacegroup.c).
spglib: Attempt 0 tolerance = 1.000000e-05 failed(line 800, /project/src/spacegroup.c).
spglib: No point group was found (line 405, /project/src/pointgroup.c).
spglib: Attempt 1 tolerance = 9.500000e-06 failed(line 800, /project/src/spacegroup.c).
spglib: Attempt 0 tolerance = 1.000000e-05 failed(line 800, /project/src/spacegroup.c).
spglib: No point group was found (line 405, /project/src/pointgroup.c).
spglib: Attempt 1 tolerance = 9.500000e-06 failed(line 800, /project/src/spacegroup.c).
Using Materials Project MACE for MACECalculator with /lustre/home/mmollo/.cache/mace/5yyxdm76
Using float64 for MACECalculator, which is slower but more accurate. Recommended for geometry optimization.
Using TorchDFTD3Calculator for D3 dispersion corrections (see https://github.com/pfnet-research/torch-dftd)
optimisation started at 2024-03-14 03:03:05.941697
phonons optimization finished after 0:01:07.905916
phonons displacements started at 2024-03-14 03:04:13.848032
phonons displacements finished after 0:00:00.090508
phonons forces started at 2024-03-14 03:04:13.938569
phonons forces finished after 0:00:59.362098
phonons force constants started at 2024-03-14 03:05:13.300713
phonons force constants finished after 0:00:00.325842
phonons thermal started at 2024-03-14 03:05:13.626589
phonons thermal finished after 0:00:03.145683
phonons save started at 2024-03-14 03:05:16.772300
phonons save finished after 0:00:01.435980
phonons band auto started at 2024-03-14 03:05:18.208314
phonons band auto finished after 0:00:03.462747
phonons save cv started at 2024-03-14 03:05:21.671090
phonons save cv&co finished after 0:00:00.007636
phonons dos started at 2024-03-14 03:05:21.678753
phonons dos finished after 0:00:18.367714
phonons pdos started at 2024-03-14 03:05:40.046512
phonons pdos finished after 0:01:11.078416
Python calculations since optimization start finished after 0:03:45.183298
Thu Mar 14 03:06:54 CET 2024
FINISHED!!!
