Using Python 3.11.7
                Step[ FC]     Time          Energy          fmax
*Force-consistent energies used in optimization.
BFGSLineSearch:    0[  0] 18:50:03    -5635.111427*       0.8537
BFGSLineSearch:    1[  2] 18:50:03    -5635.244285*       0.1996
BFGSLineSearch:    2[  4] 18:50:04    -5635.252284*       0.4076
BFGSLineSearch:    3[  6] 18:50:05    -5635.255469*       0.0779
BFGSLineSearch:    4[  8] 18:50:05    -5635.255666*       0.0640
BFGSLineSearch:    5[  9] 18:50:05    -5635.255974*       0.0482
BFGSLineSearch:    6[ 11] 18:50:06    -5635.256027*       0.0263
BFGSLineSearch:    7[ 13] 18:50:06    -5635.256157*       0.0239
BFGSLineSearch:    8[ 15] 18:50:07    -5635.256185*       0.0124
BFGSLineSearch:    9[ 17] 18:50:07    -5635.256293*       0.0273
BFGSLineSearch:   10[ 19] 18:50:07    -5635.256337*       0.0114
BFGSLineSearch:   11[ 21] 18:50:08    -5635.256370*       0.0190
BFGSLineSearch:   12[ 23] 18:50:08    -5635.256416*       0.0106
BFGSLineSearch:   13[ 25] 18:50:09    -5635.256549*       0.0237
BFGSLineSearch:   14[ 27] 18:50:09    -5635.256623*       0.0123
BFGSLineSearch:   15[ 29] 18:50:09    -5635.256653*       0.0147
BFGSLineSearch:   16[ 30] 18:50:10    -5635.256779*       0.0189
BFGSLineSearch:   17[ 31] 18:50:10    -5635.256844*       0.0282
BFGSLineSearch:   18[ 33] 18:50:10    -5635.256913*       0.0163
BFGSLineSearch:   19[ 35] 18:50:11    -5635.256954*       0.0196
BFGSLineSearch:   20[ 36] 18:50:11    -5635.257079*       0.0200
BFGSLineSearch:   21[ 37] 18:50:12    -5635.257186*       0.0075
BFGSLineSearch:   22[ 39] 18:50:12    -5635.257208*       0.0129
BFGSLineSearch:   23[ 40] 18:50:12    -5635.257301*       0.0187
BFGSLineSearch:   24[ 42] 18:50:13    -5635.257327*       0.0166
BFGSLineSearch:   25[ 43] 18:50:13    -5635.257434*       0.0114
BFGSLineSearch:   26[ 45] 18:50:13    -5635.257475*       0.0155
BFGSLineSearch:   27[ 47] 18:50:14    -5635.257543*       0.0113
BFGSLineSearch:   28[ 48] 18:50:14    -5635.257589*       0.0132
BFGSLineSearch:   29[ 50] 18:50:15    -5635.257623*       0.0115
BFGSLineSearch:   30[ 51] 18:50:15    -5635.257663*       0.0045
BFGSLineSearch:   31[ 52] 18:50:15    -5635.257671*       0.0103
BFGSLineSearch:   32[ 54] 18:50:16    -5635.257686*       0.0055
BFGSLineSearch:   33[ 56] 18:50:16    -5635.257690*       0.0072
BFGSLineSearch:   34[ 58] 18:50:17    -5635.257698*       0.0033
BFGSLineSearch:   35[ 60] 18:50:17    -5635.257700*       0.0078
BFGSLineSearch:   36[ 62] 18:50:17    -5635.257705*       0.0036
BFGSLineSearch:   37[ 63] 18:50:18    -5635.257710*       0.0070
BFGSLineSearch:   38[ 65] 18:50:18    -5635.257725*       0.0070
BFGSLineSearch:   39[ 66] 18:50:19    -5635.257731*       0.0116
BFGSLineSearch:   40[ 68] 18:50:19    -5635.257740*       0.0057
BFGSLineSearch:   41[ 70] 18:50:19    -5635.257743*       0.0065
BFGSLineSearch:   42[ 71] 18:50:20    -5635.257760*       0.0039
BFGSLineSearch:   43[ 72] 18:50:20    -5635.257768*       0.0053
BFGSLineSearch:   44[ 74] 18:50:20    -5635.257771*       0.0040
BFGSLineSearch:   45[ 75] 18:50:21    -5635.257777*       0.0042
BFGSLineSearch:   46[ 77] 18:50:21    -5635.257781*       0.0056
BFGSLineSearch:   47[ 78] 18:50:22    -5635.257791*       0.0056
BFGSLineSearch:   48[ 80] 18:50:22    -5635.257793*       0.0073
BFGSLineSearch:   49[ 81] 18:50:23    -5635.257801*       0.0037
BFGSLineSearch:   50[ 83] 18:50:23    -5635.257815*       0.0057
BFGSLineSearch:   51[ 85] 18:50:23    -5635.257825*       0.0028
BFGSLineSearch:   52[ 87] 18:50:24    -5635.257837*       0.0054
BFGSLineSearch:   53[ 89] 18:50:24    -5635.257854*       0.0037
BFGSLineSearch:   54[ 90] 18:50:25    -5635.257859*       0.0016
BFGSLineSearch:   55[ 91] 18:50:25    -5635.257862*       0.0012
BFGSLineSearch:   56[ 92] 18:50:25    -5635.257864*       0.0012
BFGSLineSearch:   57[ 93] 18:50:26    -5635.257865*       0.0007
                Step[ FC]     Time          Energy          fmax
*Force-consistent energies used in optimization.
BFGSLineSearch:    0[  0] 18:50:26    -5635.107318*       0.8537
BFGSLineSearch:    1[  2] 18:50:26    -5635.240177*       0.1996
BFGSLineSearch:    2[  4] 18:50:26    -5635.248175*       0.4076
BFGSLineSearch:    3[  6] 18:50:27    -5635.251361*       0.0779
BFGSLineSearch:    4[  8] 18:50:28    -5635.251557*       0.0639
BFGSLineSearch:    5[  9] 18:50:28    -5635.251865*       0.0482
BFGSLineSearch:    6[ 11] 18:50:28    -5635.251917*       0.0262
BFGSLineSearch:    7[ 13] 18:50:29    -5635.252047*       0.0239
BFGSLineSearch:    8[ 15] 18:50:30    -5635.252075*       0.0123
BFGSLineSearch:    9[ 17] 18:50:30    -5635.252181*       0.0270
BFGSLineSearch:   10[ 19] 18:50:31    -5635.252225*       0.0113
BFGSLineSearch:   11[ 21] 18:50:31    -5635.252257*       0.0188
BFGSLineSearch:   12[ 23] 18:50:32    -5635.252302*       0.0105
BFGSLineSearch:   13[ 25] 18:50:32    -5635.252430*       0.0233
BFGSLineSearch:   14[ 27] 18:50:32    -5635.252502*       0.0121
BFGSLineSearch:   15[ 29] 18:50:33    -5635.252531*       0.0145
BFGSLineSearch:   16[ 30] 18:50:33    -5635.252653*       0.0186
BFGSLineSearch:   17[ 31] 18:50:33    -5635.252717*       0.0278
BFGSLineSearch:   18[ 33] 18:50:33    -5635.252784*       0.0161
BFGSLineSearch:   19[ 35] 18:50:34    -5635.252824*       0.0193
BFGSLineSearch:   20[ 36] 18:50:34    -5635.252946*       0.0197
BFGSLineSearch:   21[ 37] 18:50:35    -5635.253051*       0.0074
BFGSLineSearch:   22[ 39] 18:50:35    -5635.253073*       0.0128
BFGSLineSearch:   23[ 40] 18:50:36    -5635.253164*       0.0184
BFGSLineSearch:   24[ 42] 18:50:36    -5635.253189*       0.0165
BFGSLineSearch:   25[ 43] 18:50:36    -5635.253295*       0.0113
BFGSLineSearch:   26[ 45] 18:50:37    -5635.253336*       0.0155
BFGSLineSearch:   27[ 47] 18:50:37    -5635.253405*       0.0112
BFGSLineSearch:   28[ 48] 18:50:38    -5635.253450*       0.0130
BFGSLineSearch:   29[ 50] 18:50:38    -5635.253484*       0.0116
BFGSLineSearch:   30[ 51] 18:50:38    -5635.253525*       0.0046
BFGSLineSearch:   31[ 52] 18:50:39    -5635.253533*       0.0102
BFGSLineSearch:   32[ 54] 18:50:39    -5635.253548*       0.0057
BFGSLineSearch:   33[ 56] 18:50:40    -5635.253552*       0.0071
BFGSLineSearch:   34[ 58] 18:50:41    -5635.253560*       0.0034
BFGSLineSearch:   35[ 60] 18:50:41    -5635.253562*       0.0078
BFGSLineSearch:   36[ 62] 18:50:41    -5635.253567*       0.0036
BFGSLineSearch:   37[ 63] 18:50:41    -5635.253572*       0.0071
BFGSLineSearch:   38[ 65] 18:50:42    -5635.253587*       0.0075
BFGSLineSearch:   39[ 66] 18:50:42    -5635.253592*       0.0135
BFGSLineSearch:   40[ 68] 18:50:42    -5635.253602*       0.0053
BFGSLineSearch:   41[ 70] 18:50:43    -5635.253605*       0.0072
BFGSLineSearch:   42[ 71] 18:50:43    -5635.253621*       0.0056
BFGSLineSearch:   43[ 72] 18:50:44    -5635.253629*       0.0056
BFGSLineSearch:   44[ 74] 18:50:44    -5635.253633*       0.0038
BFGSLineSearch:   45[ 75] 18:50:44    -5635.253636*       0.0069
BFGSLineSearch:   46[ 77] 18:50:45    -5635.253642*       0.0063
BFGSLineSearch:   47[ 79] 18:50:45    -5635.253654*       0.0056
BFGSLineSearch:   48[ 81] 18:50:45    -5635.253656*       0.0052
BFGSLineSearch:   49[ 82] 18:50:45    -5635.253664*       0.0033
BFGSLineSearch:   50[ 84] 18:50:46    -5635.253675*       0.0063
BFGSLineSearch:   51[ 86] 18:50:47    -5635.253688*       0.0028
BFGSLineSearch:   52[ 88] 18:50:47    -5635.253697*       0.0050
BFGSLineSearch:   53[ 90] 18:50:47    -5635.253717*       0.0023
BFGSLineSearch:   54[ 92] 18:50:48    -5635.253722*       0.0023
BFGSLineSearch:   55[ 94] 18:50:48    -5635.253725*       0.0019
BFGSLineSearch:   56[ 95] 18:50:49    -5635.253726*       0.0010
                Step[ FC]     Time          Energy          fmax
*Force-consistent energies used in optimization.
BFGSLineSearch:    0[  0] 18:50:49    -5635.095883*       0.8537
BFGSLineSearch:    1[  2] 18:50:49    -5635.228744*       0.1996
BFGSLineSearch:    2[  4] 18:50:50    -5635.236743*       0.4076
BFGSLineSearch:    3[  6] 18:50:50    -5635.239928*       0.0779
BFGSLineSearch:    4[  8] 18:50:50    -5635.240124*       0.0639
BFGSLineSearch:    5[  9] 18:50:51    -5635.240430*       0.0482
BFGSLineSearch:    6[ 11] 18:50:51    -5635.240483*       0.0262
BFGSLineSearch:    7[ 13] 18:50:52    -5635.240610*       0.0237
BFGSLineSearch:    8[ 15] 18:50:52    -5635.240638*       0.0121
BFGSLineSearch:    9[ 17] 18:50:53    -5635.240739*       0.0264
BFGSLineSearch:   10[ 19] 18:50:53    -5635.240781*       0.0110
BFGSLineSearch:   11[ 21] 18:50:54    -5635.240811*       0.0182
BFGSLineSearch:   12[ 23] 18:50:54    -5635.240853*       0.0103
BFGSLineSearch:   13[ 25] 18:50:54    -5635.240971*       0.0224
BFGSLineSearch:   14[ 27] 18:50:54    -5635.241037*       0.0116
BFGSLineSearch:   15[ 29] 18:50:55    -5635.241064*       0.0139
BFGSLineSearch:   16[ 30] 18:50:55    -5635.241176*       0.0177
BFGSLineSearch:   17[ 31] 18:50:55    -5635.241235*       0.0267
BFGSLineSearch:   18[ 33] 18:50:55    -5635.241297*       0.0156
BFGSLineSearch:   19[ 35] 18:50:56    -5635.241334*       0.0187
BFGSLineSearch:   20[ 36] 18:50:56    -5635.241449*       0.0189
BFGSLineSearch:   21[ 37] 18:50:56    -5635.241547*       0.0072
BFGSLineSearch:   22[ 39] 18:50:57    -5635.241568*       0.0127
BFGSLineSearch:   23[ 40] 18:50:57    -5635.241655*       0.0176
BFGSLineSearch:   24[ 42] 18:50:57    -5635.241679*       0.0162
BFGSLineSearch:   25[ 43] 18:50:58    -5635.241783*       0.0111
BFGSLineSearch:   26[ 45] 18:50:58    -5635.241823*       0.0154
BFGSLineSearch:   27[ 47] 18:50:59    -5635.241891*       0.0112
BFGSLineSearch:   28[ 48] 18:51:00    -5635.241937*       0.0125
BFGSLineSearch:   29[ 50] 18:51:00    -5635.241970*       0.0120
BFGSLineSearch:   30[ 51] 18:51:00    -5635.242013*       0.0047
BFGSLineSearch:   31[ 52] 18:51:01    -5635.242021*       0.0098
BFGSLineSearch:   32[ 54] 18:51:01    -5635.242037*       0.0063
BFGSLineSearch:   33[ 56] 18:51:02    -5635.242041*       0.0069
BFGSLineSearch:   34[ 58] 18:51:02    -5635.242048*       0.0037
BFGSLineSearch:   35[ 60] 18:51:03    -5635.242051*       0.0074
BFGSLineSearch:   36[ 62] 18:51:03    -5635.242056*       0.0035
BFGSLineSearch:   37[ 63] 18:51:03    -5635.242061*       0.0074
BFGSLineSearch:   38[ 65] 18:51:04    -5635.242077*       0.0084
BFGSLineSearch:   39[ 67] 18:51:04    -5635.242080*       0.0111
BFGSLineSearch:   40[ 69] 18:51:04    -5635.242091*       0.0054
BFGSLineSearch:   41[ 71] 18:51:05    -5635.242094*       0.0075
BFGSLineSearch:   42[ 72] 18:51:05    -5635.242111*       0.0040
BFGSLineSearch:   43[ 73] 18:51:05    -5635.242117*       0.0084
BFGSLineSearch:   44[ 75] 18:51:05    -5635.242122*       0.0034
BFGSLineSearch:   45[ 77] 18:51:06    -5635.242124*       0.0054
BFGSLineSearch:   46[ 78] 18:51:06    -5635.242132*       0.0081
BFGSLineSearch:   47[ 79] 18:51:06    -5635.242143*       0.0043
BFGSLineSearch:   48[ 81] 18:51:06    -5635.242145*       0.0076
BFGSLineSearch:   49[ 83] 18:51:07    -5635.242152*       0.0045
BFGSLineSearch:   50[ 85] 18:51:07    -5635.242166*       0.0039
BFGSLineSearch:   51[ 87] 18:51:08    -5635.242175*       0.0032
BFGSLineSearch:   52[ 89] 18:51:08    -5635.242188*       0.0040
BFGSLineSearch:   53[ 91] 18:51:08    -5635.242204*       0.0029
BFGSLineSearch:   54[ 92] 18:51:09    -5635.242209*       0.0014
BFGSLineSearch:   55[ 93] 18:51:09    -5635.242212*       0.0011
BFGSLineSearch:   56[ 94] 18:51:09    -5635.242213*       0.0011
BFGSLineSearch:   57[ 95] 18:51:10    -5635.242215*       0.0007
                Step[ FC]     Time          Energy          fmax
*Force-consistent energies used in optimization.
BFGSLineSearch:    0[  0] 18:51:10    -5635.064065*       0.8537
BFGSLineSearch:    1[  2] 18:51:10    -5635.196933*       0.1996
BFGSLineSearch:    2[  4] 18:51:10    -5635.204932*       0.4076
BFGSLineSearch:    3[  6] 18:51:11    -5635.208116*       0.0779
BFGSLineSearch:    4[  8] 18:51:11    -5635.208311*       0.0638
BFGSLineSearch:    5[  9] 18:51:11    -5635.208613*       0.0481
BFGSLineSearch:    6[ 11] 18:51:12    -5635.208665*       0.0260
BFGSLineSearch:    7[ 13] 18:51:12    -5635.208789*       0.0233
BFGSLineSearch:    8[ 15] 18:51:12    -5635.208815*       0.0114
BFGSLineSearch:    9[ 17] 18:51:12    -5635.208905*       0.0249
BFGSLineSearch:   10[ 19] 18:51:13    -5635.208941*       0.0102
BFGSLineSearch:   11[ 21] 18:51:13    -5635.208967*       0.0168
BFGSLineSearch:   12[ 23] 18:51:13    -5635.209001*       0.0096
BFGSLineSearch:   13[ 25] 18:51:13    -5635.209095*       0.0199
BFGSLineSearch:   14[ 27] 18:51:14    -5635.209148*       0.0104
BFGSLineSearch:   15[ 29] 18:51:14    -5635.209169*       0.0123
BFGSLineSearch:   16[ 30] 18:51:14    -5635.209258*       0.0155
BFGSLineSearch:   17[ 31] 18:51:14    -5635.209304*       0.0238
BFGSLineSearch:   18[ 33] 18:51:15    -5635.209354*       0.0141
BFGSLineSearch:   19[ 35] 18:51:15    -5635.209384*       0.0168
BFGSLineSearch:   20[ 36] 18:51:15    -5635.209480*       0.0169
BFGSLineSearch:   21[ 37] 18:51:16    -5635.209560*       0.0065
BFGSLineSearch:   22[ 39] 18:51:16    -5635.209578*       0.0122
BFGSLineSearch:   23[ 40] 18:51:17    -5635.209656*       0.0155
BFGSLineSearch:   24[ 42] 18:51:17    -5635.209676*       0.0154
BFGSLineSearch:   25[ 43] 18:51:17    -5635.209773*       0.0109
BFGSLineSearch:   26[ 45] 18:51:18    -5635.209811*       0.0151
BFGSLineSearch:   27[ 47] 18:51:18    -5635.209877*       0.0111
BFGSLineSearch:   28[ 49] 18:51:18    -5635.209942*       0.0188
BFGSLineSearch:   29[ 51] 18:51:18    -5635.209968*       0.0078
BFGSLineSearch:   30[ 52] 18:51:18    -5635.210005*       0.0046
BFGSLineSearch:   31[ 53] 18:51:19    -5635.210015*       0.0102
BFGSLineSearch:   32[ 55] 18:51:19    -5635.210027*       0.0064
BFGSLineSearch:   33[ 57] 18:51:20    -5635.210033*       0.0097
BFGSLineSearch:   34[ 59] 18:51:20    -5635.210043*       0.0036
BFGSLineSearch:   35[ 61] 18:51:21    -5635.210045*       0.0057
BFGSLineSearch:   36[ 63] 18:51:21    -5635.210050*       0.0041
BFGSLineSearch:   37[ 64] 18:51:22    -5635.210055*       0.0070
BFGSLineSearch:   38[ 66] 18:51:22    -5635.210070*       0.0065
BFGSLineSearch:   39[ 68] 18:51:23    -5635.210073*       0.0085
BFGSLineSearch:   40[ 70] 18:51:23    -5635.210085*       0.0070
BFGSLineSearch:   41[ 72] 18:51:24    -5635.210088*       0.0060
BFGSLineSearch:   42[ 73] 18:51:24    -5635.210102*       0.0045
BFGSLineSearch:   43[ 75] 18:51:25    -5635.210107*       0.0092
BFGSLineSearch:   44[ 77] 18:51:25    -5635.210116*       0.0038
BFGSLineSearch:   45[ 79] 18:51:25    -5635.210117*       0.0047
BFGSLineSearch:   46[ 80] 18:51:26    -5635.210127*       0.0043
BFGSLineSearch:   47[ 81] 18:51:26    -5635.210135*       0.0046
BFGSLineSearch:   48[ 83] 18:51:26    -5635.210138*       0.0082
BFGSLineSearch:   49[ 85] 18:51:27    -5635.210145*       0.0030
BFGSLineSearch:   50[ 87] 18:51:27    -5635.210157*       0.0051
BFGSLineSearch:   51[ 89] 18:51:27    -5635.210168*       0.0030
BFGSLineSearch:   52[ 90] 18:51:27    -5635.210175*       0.0030
BFGSLineSearch:   53[ 92] 18:51:28    -5635.210190*       0.0050
BFGSLineSearch:   54[ 94] 18:51:28    -5635.210200*       0.0018
BFGSLineSearch:   55[ 96] 18:51:28    -5635.210203*       0.0016
BFGSLineSearch:   56[ 97] 18:51:29    -5635.210205*       0.0011
BFGSLineSearch:   57[ 98] 18:51:29    -5635.210205*       0.0005
                Step[ FC]     Time          Energy          fmax
*Force-consistent energies used in optimization.
BFGSLineSearch:    0[  0] 18:51:29    -5634.975530*       0.8537
BFGSLineSearch:    1[  2] 18:51:30    -5635.108417*       0.1996
BFGSLineSearch:    2[  4] 18:51:30    -5635.116417*       0.4076
BFGSLineSearch:    3[  6] 18:51:31    -5635.119600*       0.0779
BFGSLineSearch:    4[  8] 18:51:31    -5635.119794*       0.0637
BFGSLineSearch:    5[  9] 18:51:31    -5635.120087*       0.0480
BFGSLineSearch:    6[ 11] 18:51:32    -5635.120138*       0.0257
BFGSLineSearch:    7[ 13] 18:51:32    -5635.120255*       0.0225
BFGSLineSearch:    8[ 15] 18:51:33    -5635.120278*       0.0100
BFGSLineSearch:    9[ 17] 18:51:33    -5635.120347*       0.0220
BFGSLineSearch:   10[ 19] 18:51:33    -5635.120374*       0.0086
BFGSLineSearch:   11[ 21] 18:51:34    -5635.120391*       0.0139
BFGSLineSearch:   12[ 23] 18:51:34    -5635.120413*       0.0075
BFGSLineSearch:   13[ 25] 18:51:35    -5635.120466*       0.0153
BFGSLineSearch:   14[ 27] 18:51:35    -5635.120496*       0.0078
BFGSLineSearch:   15[ 29] 18:51:35    -5635.120507*       0.0090
BFGSLineSearch:   16[ 30] 18:51:36    -5635.120555*       0.0109
BFGSLineSearch:   17[ 31] 18:51:36    -5635.120579*       0.0175
BFGSLineSearch:   18[ 33] 18:51:37    -5635.120606*       0.0106
BFGSLineSearch:   19[ 35] 18:51:37    -5635.120622*       0.0125
BFGSLineSearch:   20[ 36] 18:51:37    -5635.120678*       0.0124
BFGSLineSearch:   21[ 37] 18:51:37    -5635.120723*       0.0054
BFGSLineSearch:   22[ 39] 18:51:38    -5635.120736*       0.0105
BFGSLineSearch:   23[ 40] 18:51:38    -5635.120788*       0.0108
BFGSLineSearch:   24[ 42] 18:51:39    -5635.120801*       0.0131
BFGSLineSearch:   25[ 43] 18:51:39    -5635.120881*       0.0117
BFGSLineSearch:   26[ 45] 18:51:40    -5635.120914*       0.0140
BFGSLineSearch:   27[ 47] 18:51:40    -5635.120978*       0.0113
BFGSLineSearch:   28[ 49] 18:51:41    -5635.121065*       0.0180
BFGSLineSearch:   29[ 51] 18:51:41    -5635.121087*       0.0098
BFGSLineSearch:   30[ 52] 18:51:41    -5635.121136*       0.0060
BFGSLineSearch:   31[ 53] 18:51:42    -5635.121151*       0.0137
BFGSLineSearch:   32[ 55] 18:51:42    -5635.121170*       0.0077
BFGSLineSearch:   33[ 57] 18:51:42    -5635.121177*       0.0110
BFGSLineSearch:   34[ 59] 18:51:43    -5635.121189*       0.0045
BFGSLineSearch:   35[ 61] 18:51:43    -5635.121192*       0.0084
BFGSLineSearch:   36[ 63] 18:51:43    -5635.121199*       0.0044
BFGSLineSearch:   37[ 64] 18:51:43    -5635.121205*       0.0074
BFGSLineSearch:   38[ 66] 18:51:44    -5635.121220*       0.0073
BFGSLineSearch:   39[ 68] 18:51:44    -5635.121223*       0.0063
BFGSLineSearch:   40[ 70] 18:51:44    -5635.121234*       0.0058
BFGSLineSearch:   41[ 72] 18:51:45    -5635.121236*       0.0051
BFGSLineSearch:   42[ 74] 18:51:45    -5635.121251*       0.0065
BFGSLineSearch:   43[ 76] 18:51:45    -5635.121253*       0.0063
BFGSLineSearch:   44[ 77] 18:51:46    -5635.121259*       0.0087
BFGSLineSearch:   45[ 79] 18:51:46    -5635.121261*       0.0051
BFGSLineSearch:   46[ 80] 18:51:46    -5635.121266*       0.0019
BFGSLineSearch:   47[ 82] 18:51:47    -5635.121272*       0.0072
BFGSLineSearch:   48[ 84] 18:51:47    -5635.121273*       0.0049
BFGSLineSearch:   49[ 85] 18:51:48    -5635.121278*       0.0020
BFGSLineSearch:   50[ 87] 18:51:48    -5635.121283*       0.0032
BFGSLineSearch:   51[ 89] 18:51:49    -5635.121290*       0.0018
BFGSLineSearch:   52[ 91] 18:51:49    -5635.121295*       0.0026
BFGSLineSearch:   53[ 93] 18:51:50    -5635.121308*       0.0017
BFGSLineSearch:   54[ 95] 18:51:50    -5635.121313*       0.0018
BFGSLineSearch:   55[ 96] 18:51:50    -5635.121314*       0.0011
BFGSLineSearch:   56[ 97] 18:51:51    -5635.121316*       0.0007
                Step[ FC]     Time          Energy          fmax
*Force-consistent energies used in optimization.
BFGSLineSearch:    0[  0] 18:51:51    -5634.729175*       0.8537
BFGSLineSearch:    1[  2] 18:51:51    -5634.862120*       0.1995
BFGSLineSearch:    2[  4] 18:51:52    -5634.870131*       0.4077
BFGSLineSearch:    3[  6] 18:51:52    -5634.873315*       0.0780
BFGSLineSearch:    4[  8] 18:51:53    -5634.873510*       0.0637
BFGSLineSearch:    5[  9] 18:51:53    -5634.873806*       0.0480
BFGSLineSearch:    6[ 11] 18:51:54    -5634.873857*       0.0259
BFGSLineSearch:    7[ 13] 18:51:54    -5634.873976*       0.0228
BFGSLineSearch:    8[ 15] 18:51:54    -5634.874001*       0.0105
BFGSLineSearch:    9[ 17] 18:51:55    -5634.874078*       0.0232
BFGSLineSearch:   10[ 19] 18:51:56    -5634.874109*       0.0092
BFGSLineSearch:   11[ 21] 18:51:56    -5634.874129*       0.0153
BFGSLineSearch:   12[ 23] 18:51:56    -5634.874157*       0.0073
BFGSLineSearch:   13[ 25] 18:51:57    -5634.874231*       0.0180
BFGSLineSearch:   14[ 27] 18:51:57    -5634.874275*       0.0095
BFGSLineSearch:   15[ 29] 18:51:57    -5634.874292*       0.0112
BFGSLineSearch:   16[ 30] 18:51:58    -5634.874369*       0.0137
BFGSLineSearch:   17[ 31] 18:51:58    -5634.874408*       0.0219
BFGSLineSearch:   18[ 33] 18:51:58    -5634.874454*       0.0141
BFGSLineSearch:   19[ 35] 18:51:58    -5634.874482*       0.0159
BFGSLineSearch:   20[ 36] 18:51:59    -5634.874571*       0.0155
BFGSLineSearch:   21[ 37] 18:51:59    -5634.874642*       0.0063
BFGSLineSearch:   22[ 39] 18:52:00    -5634.874660*       0.0120
BFGSLineSearch:   23[ 40] 18:52:00    -5634.874734*       0.0143
BFGSLineSearch:   24[ 42] 18:52:01    -5634.874752*       0.0150
BFGSLineSearch:   25[ 43] 18:52:01    -5634.874846*       0.0105
BFGSLineSearch:   26[ 45] 18:52:01    -5634.874889*       0.0163
BFGSLineSearch:   27[ 47] 18:52:02    -5634.874954*       0.0115
BFGSLineSearch:   28[ 49] 18:52:02    -5634.875032*       0.0186
BFGSLineSearch:   29[ 51] 18:52:03    -5634.875056*       0.0083
BFGSLineSearch:   30[ 52] 18:52:03    -5634.875098*       0.0052
BFGSLineSearch:   31[ 53] 18:52:03    -5634.875111*       0.0119
BFGSLineSearch:   32[ 55] 18:52:04    -5634.875128*       0.0072
BFGSLineSearch:   33[ 57] 18:52:05    -5634.875135*       0.0101
BFGSLineSearch:   34[ 59] 18:52:05    -5634.875147*       0.0044
BFGSLineSearch:   35[ 61] 18:52:06    -5634.875149*       0.0073
BFGSLineSearch:   36[ 63] 18:52:06    -5634.875157*       0.0049
BFGSLineSearch:   37[ 64] 18:52:06    -5634.875164*       0.0083
BFGSLineSearch:   38[ 66] 18:52:07    -5634.875183*       0.0082
BFGSLineSearch:   39[ 68] 18:52:07    -5634.875186*       0.0075
BFGSLineSearch:   40[ 70] 18:52:08    -5634.875200*       0.0068
BFGSLineSearch:   41[ 72] 18:52:08    -5634.875204*       0.0081
BFGSLineSearch:   42[ 73] 18:52:09    -5634.875225*       0.0058
BFGSLineSearch:   43[ 75] 18:52:09    -5634.875228*       0.0071
BFGSLineSearch:   44[ 77] 18:52:09    -5634.875238*       0.0045
BFGSLineSearch:   45[ 79] 18:52:10    -5634.875240*       0.0036
BFGSLineSearch:   46[ 81] 18:52:10    -5634.875251*       0.0052
BFGSLineSearch:   47[ 82] 18:52:11    -5634.875260*       0.0029
BFGSLineSearch:   48[ 84] 18:52:11    -5634.875262*       0.0055
BFGSLineSearch:   49[ 85] 18:52:11    -5634.875269*       0.0047
BFGSLineSearch:   50[ 87] 18:52:11    -5634.875279*       0.0043
BFGSLineSearch:   51[ 89] 18:52:12    -5634.875291*       0.0025
BFGSLineSearch:   52[ 91] 18:52:12    -5634.875300*       0.0032
BFGSLineSearch:   53[ 93] 18:52:13    -5634.875315*       0.0018
BFGSLineSearch:   54[ 95] 18:52:13    -5634.875320*       0.0017
BFGSLineSearch:   55[ 96] 18:52:14    -5634.875321*       0.0013
BFGSLineSearch:   56[ 97] 18:52:14    -5634.875323*       0.0006
                Step[ FC]     Time          Energy          fmax
*Force-consistent energies used in optimization.
BFGSLineSearch:    0[  0] 18:52:14    -5634.043678*       0.8537
BFGSLineSearch:    1[  2] 18:52:15    -5634.176805*       0.1992
BFGSLineSearch:    2[  4] 18:52:15    -5634.184915*       0.4102
BFGSLineSearch:    3[  6] 18:52:15    -5634.188153*       0.0772
BFGSLineSearch:    4[  8] 18:52:16    -5634.188385*       0.0671
BFGSLineSearch:    5[  9] 18:52:16    -5634.188900*       0.0510
BFGSLineSearch:    6[ 11] 18:52:16    -5634.188991*       0.0351
BFGSLineSearch:    7[ 12] 18:52:17    -5634.189441*       0.0469
BFGSLineSearch:    8[ 14] 18:52:17    -5634.189672*       0.0549
BFGSLineSearch:    9[ 16] 18:52:17    -5634.190869*       0.0682
BFGSLineSearch:   10[ 18] 18:52:18    -5634.191384*       0.0549
BFGSLineSearch:   11[ 19] 18:52:18    -5634.192011*       0.1211
BFGSLineSearch:   12[ 21] 18:52:18    -5634.193141*       0.0598
BFGSLineSearch:   13[ 22] 18:52:18    -5634.194960*       0.0735
BFGSLineSearch:   14[ 24] 18:52:19    -5634.195733*       0.0878
BFGSLineSearch:   15[ 25] 18:52:19    -5634.196721*       0.1109
BFGSLineSearch:   16[ 27] 18:52:20    -5634.197687*       0.0599
BFGSLineSearch:   17[ 28] 18:52:20    -5634.198470*       0.0258
BFGSLineSearch:   18[ 30] 18:52:20    -5634.198665*       0.0475
BFGSLineSearch:   19[ 31] 18:52:21    -5634.198967*       0.0752
BFGSLineSearch:   20[ 33] 18:52:21    -5634.199300*       0.0537
BFGSLineSearch:   21[ 34] 18:52:21    -5634.199594*       0.0185
BFGSLineSearch:   22[ 36] 18:52:22    -5634.199641*       0.0261
BFGSLineSearch:   23[ 38] 18:52:22    -5634.199749*       0.0236
BFGSLineSearch:   24[ 40] 18:52:23    -5634.199775*       0.0185
BFGSLineSearch:   25[ 41] 18:52:23    -5634.199875*       0.0109
BFGSLineSearch:   26[ 43] 18:52:23    -5634.199906*       0.0194
BFGSLineSearch:   27[ 45] 18:52:24    -5634.199974*       0.0126
BFGSLineSearch:   28[ 46] 18:52:24    -5634.200001*       0.0163
BFGSLineSearch:   29[ 48] 18:52:24    -5634.200039*       0.0108
BFGSLineSearch:   30[ 49] 18:52:24    -5634.200064*       0.0070
BFGSLineSearch:   31[ 51] 18:52:25    -5634.200072*       0.0127
BFGSLineSearch:   32[ 53] 18:52:25    -5634.200087*       0.0072
BFGSLineSearch:   33[ 54] 18:52:25    -5634.200094*       0.0109
BFGSLineSearch:   34[ 56] 18:52:25    -5634.200113*       0.0106
BFGSLineSearch:   35[ 58] 18:52:26    -5634.200116*       0.0061
BFGSLineSearch:   36[ 59] 18:52:26    -5634.200128*       0.0045
BFGSLineSearch:   37[ 60] 18:52:26    -5634.200144*       0.0090
BFGSLineSearch:   38[ 62] 18:52:27    -5634.200159*       0.0161
BFGSLineSearch:   39[ 64] 18:52:27    -5634.200171*       0.0190
BFGSLineSearch:   40[ 66] 18:52:27    -5634.200209*       0.0098
BFGSLineSearch:   41[ 68] 18:52:28    -5634.200221*       0.0134
BFGSLineSearch:   42[ 70] 18:52:28    -5634.200250*       0.0081
BFGSLineSearch:   43[ 71] 18:52:28    -5634.200265*       0.0189
BFGSLineSearch:   44[ 73] 18:52:29    -5634.200310*       0.0089
BFGSLineSearch:   45[ 75] 18:52:29    -5634.200317*       0.0072
BFGSLineSearch:   46[ 76] 18:52:29    -5634.200341*       0.0086
BFGSLineSearch:   47[ 78] 18:52:29    -5634.200351*       0.0177
BFGSLineSearch:   48[ 80] 18:52:30    -5634.200383*       0.0060
BFGSLineSearch:   49[ 81] 18:52:30    -5634.200397*       0.0037
BFGSLineSearch:   50[ 83] 18:52:30    -5634.200423*       0.0061
BFGSLineSearch:   51[ 85] 18:52:31    -5634.200446*       0.0040
BFGSLineSearch:   52[ 87] 18:52:31    -5634.200461*       0.0055
BFGSLineSearch:   53[ 89] 18:52:31    -5634.200479*       0.0023
BFGSLineSearch:   54[ 91] 18:52:32    -5634.200484*       0.0021
BFGSLineSearch:   55[ 93] 18:52:32    -5634.200487*       0.0011
BFGSLineSearch:   56[ 94] 18:52:33    -5634.200488*       0.0008
                Step[ FC]     Time          Energy          fmax
*Force-consistent energies used in optimization.
BFGSLineSearch:    0[  0] 18:52:33    -5632.136241*       0.8537
BFGSLineSearch:    1[  2] 18:52:33    -5632.270057*       0.1984
BFGSLineSearch:    2[  4] 18:52:33    -5632.278962*       0.4321
BFGSLineSearch:    3[  6] 18:52:33    -5632.282755*       0.0780
BFGSLineSearch:    4[  8] 18:52:34    -5632.283565*       0.1294
BFGSLineSearch:    5[  9] 18:52:34    -5632.288132*       0.1243
BFGSLineSearch:    6[ 11] 18:52:35    -5632.289913*       0.2721
BFGSLineSearch:    7[ 13] 18:52:35    -5632.309858*       0.5209
BFGSLineSearch:    8[ 15] 18:52:36    -5632.321457*       0.3553
BFGSLineSearch:    9[ 16] 18:52:36    -5632.346561*       0.1977
BFGSLineSearch:   10[ 18] 18:52:37    -5632.356857*       0.2645
BFGSLineSearch:   11[ 19] 18:52:37    -5632.366571*       0.4359
BFGSLineSearch:   12[ 21] 18:52:38    -5632.370822*       0.3068
BFGSLineSearch:   13[ 22] 18:52:38    -5632.378959*       0.1604
BFGSLineSearch:   14[ 24] 18:52:38    -5632.380416*       0.0847
BFGSLineSearch:   15[ 25] 18:52:39    -5632.382543*       0.1627
BFGSLineSearch:   16[ 27] 18:52:39    -5632.383356*       0.0415
BFGSLineSearch:   17[ 28] 18:52:39    -5632.383651*       0.0686
BFGSLineSearch:   18[ 30] 18:52:40    -5632.384006*       0.0350
BFGSLineSearch:   19[ 32] 18:52:40    -5632.384156*       0.0505
BFGSLineSearch:   20[ 34] 18:52:40    -5632.384411*       0.0151
BFGSLineSearch:   21[ 35] 18:52:41    -5632.384469*       0.0363
BFGSLineSearch:   22[ 37] 18:52:41    -5632.384523*       0.0092
BFGSLineSearch:   23[ 38] 18:52:41    -5632.384549*       0.0172
BFGSLineSearch:   24[ 40] 18:52:42    -5632.384577*       0.0106
BFGSLineSearch:   25[ 42] 18:52:42    -5632.384592*       0.0129
BFGSLineSearch:   26[ 43] 18:52:42    -5632.384628*       0.0118
BFGSLineSearch:   27[ 44] 18:52:43    -5632.384658*       0.0057
BFGSLineSearch:   28[ 46] 18:52:43    -5632.384676*       0.0146
BFGSLineSearch:   29[ 48] 18:52:44    -5632.384713*       0.0137
BFGSLineSearch:   30[ 50] 18:52:44    -5632.384776*       0.0104
BFGSLineSearch:   31[ 52] 18:52:45    -5632.384789*       0.0095
BFGSLineSearch:   32[ 53] 18:52:45    -5632.384825*       0.0217
BFGSLineSearch:   33[ 55] 18:52:46    -5632.384863*       0.0109
BFGSLineSearch:   34[ 57] 18:52:46    -5632.384958*       0.0186
BFGSLineSearch:   35[ 59] 18:52:47    -5632.384979*       0.0094
BFGSLineSearch:   36[ 60] 18:52:47    -5632.385008*       0.0173
BFGSLineSearch:   37[ 62] 18:52:48    -5632.385064*       0.0121
BFGSLineSearch:   38[ 63] 18:52:48    -5632.385133*       0.0155
BFGSLineSearch:   39[ 65] 18:52:48    -5632.385180*       0.0146
BFGSLineSearch:   40[ 67] 18:52:49    -5632.385200*       0.0149
BFGSLineSearch:   41[ 69] 18:52:49    -5632.385244*       0.0105
BFGSLineSearch:   42[ 71] 18:52:50    -5632.385295*       0.0225
BFGSLineSearch:   43[ 73] 18:52:50    -5632.385366*       0.0080
BFGSLineSearch:   44[ 75] 18:52:51    -5632.385375*       0.0095
BFGSLineSearch:   45[ 76] 18:52:51    -5632.385429*       0.0068
BFGSLineSearch:   46[ 77] 18:52:52    -5632.385489*       0.0074
BFGSLineSearch:   47[ 78] 18:52:52    -5632.385504*       0.0216
BFGSLineSearch:   48[ 80] 18:52:52    -5632.385523*       0.0044
BFGSLineSearch:   49[ 82] 18:52:53    -5632.385561*       0.0067
BFGSLineSearch:   50[ 83] 18:52:54    -5632.385578*       0.0037
BFGSLineSearch:   51[ 84] 18:52:54    -5632.385595*       0.0033
BFGSLineSearch:   52[ 85] 18:52:54    -5632.385605*       0.0033
BFGSLineSearch:   53[ 86] 18:52:55    -5632.385612*       0.0018
BFGSLineSearch:   54[ 87] 18:52:55    -5632.385613*       0.0009
                Step[ FC]     Time          Energy          fmax
*Force-consistent energies used in optimization.
BFGSLineSearch:    0[  0] 18:52:55    -5626.828685*       0.8537
BFGSLineSearch:    1[  2] 18:52:55    -5626.965833*       0.2496
BFGSLineSearch:    2[  4] 18:52:56    -5626.982125*       0.6062
BFGSLineSearch:    3[  6] 18:52:57    -5626.992093*       0.2146
BFGSLineSearch:    4[  7] 18:52:57    -5627.011020*       0.6248
BFGSLineSearch:    5[  9] 18:52:58    -5627.160607*       1.3198
BFGSLineSearch:    6[ 10] 18:52:58    -5627.225697*       1.4819
BFGSLineSearch:    7[ 13] 18:52:59    -5627.444172*       1.2435
BFGSLineSearch:    8[ 15] 18:53:00    -5627.574875*       0.8568
BFGSLineSearch:    9[ 16] 18:53:00    -5627.633227*       0.6796
BFGSLineSearch:   10[ 18] 18:53:00    -5627.662930*       0.3595
BFGSLineSearch:   11[ 20] 18:53:01    -5627.668796*       0.3159
BFGSLineSearch:   12[ 22] 18:53:02    -5627.678968*       0.1605
BFGSLineSearch:   13[ 24] 18:53:02    -5627.680502*       0.0980
BFGSLineSearch:   14[ 26] 18:53:03    -5627.682671*       0.1071
BFGSLineSearch:   15[ 28] 18:53:03    -5627.683227*       0.0512
BFGSLineSearch:   16[ 29] 18:53:03    -5627.683708*       0.0462
BFGSLineSearch:   17[ 31] 18:53:04    -5627.684042*       0.0284
BFGSLineSearch:   18[ 33] 18:53:04    -5627.684183*       0.0416
BFGSLineSearch:   19[ 35] 18:53:05    -5627.684445*       0.0309
BFGSLineSearch:   20[ 36] 18:53:05    -5627.684600*       0.0383
BFGSLineSearch:   21[ 38] 18:53:06    -5627.684753*       0.0151
BFGSLineSearch:   22[ 40] 18:53:06    -5627.684812*       0.0211
BFGSLineSearch:   23[ 42] 18:53:07    -5627.684969*       0.0165
BFGSLineSearch:   24[ 44] 18:53:07    -5627.685172*       0.0150
BFGSLineSearch:   25[ 46] 18:53:08    -5627.685207*       0.0127
BFGSLineSearch:   26[ 47] 18:53:08    -5627.685297*       0.0100
BFGSLineSearch:   27[ 49] 18:53:08    -5627.685323*       0.0186
BFGSLineSearch:   28[ 51] 18:53:09    -5627.685391*       0.0180
BFGSLineSearch:   29[ 53] 18:53:09    -5627.685476*       0.0203
BFGSLineSearch:   30[ 55] 18:53:10    -5627.685508*       0.0200
BFGSLineSearch:   31[ 56] 18:53:10    -5627.685560*       0.0268
BFGSLineSearch:   32[ 58] 18:53:10    -5627.685671*       0.0145
BFGSLineSearch:   33[ 59] 18:53:11    -5627.685760*       0.0258
BFGSLineSearch:   34[ 61] 18:53:11    -5627.685830*       0.0264
BFGSLineSearch:   35[ 62] 18:53:12    -5627.685902*       0.0457
BFGSLineSearch:   36[ 63] 18:53:12    -5627.686302*       0.0434
BFGSLineSearch:   37[ 65] 18:53:13    -5627.686487*       0.0638
BFGSLineSearch:   38[ 67] 18:53:13    -5627.687031*       0.0370
BFGSLineSearch:   39[ 69] 18:53:14    -5627.687156*       0.0327
BFGSLineSearch:   40[ 70] 18:53:14    -5627.687416*       0.0273
BFGSLineSearch:   41[ 72] 18:53:15    -5627.687505*       0.0397
BFGSLineSearch:   42[ 74] 18:53:15    -5627.687653*       0.0129
BFGSLineSearch:   43[ 75] 18:53:15    -5627.687717*       0.0174
BFGSLineSearch:   44[ 77] 18:53:16    -5627.687755*       0.0110
BFGSLineSearch:   45[ 79] 18:53:16    -5627.687770*       0.0122
BFGSLineSearch:   46[ 81] 18:53:17    -5627.687794*       0.0079
BFGSLineSearch:   47[ 83] 18:53:17    -5627.687825*       0.0048
BFGSLineSearch:   48[ 85] 18:53:18    -5627.687860*       0.0102
BFGSLineSearch:   49[ 87] 18:53:18    -5627.687909*       0.0081
BFGSLineSearch:   50[ 89] 18:53:18    -5627.687932*       0.0044
BFGSLineSearch:   51[ 90] 18:53:19    -5627.687941*       0.0048
BFGSLineSearch:   52[ 91] 18:53:19    -5627.687948*       0.0016
BFGSLineSearch:   53[ 93] 18:53:20    -5627.687951*       0.0026
BFGSLineSearch:   54[ 95] 18:53:20    -5627.687954*       0.0010
                Step[ FC]     Time          Energy          fmax
*Force-consistent energies used in optimization.
BFGSLineSearch:    0[  0] 18:53:20    -5612.060094*       0.8537
BFGSLineSearch:    1[  2] 18:53:21    -5612.218007*       0.6488
BFGSLineSearch:    2[  3] 18:53:21    -5612.339074*       1.1161
BFGSLineSearch:    3[  4] 18:53:21    -5612.477791*       2.5461
BFGSLineSearch:    4[  7] 18:53:22    -5613.346923*       2.4122
BFGSLineSearch:    5[ 10] 18:53:23    -5614.168198*       2.5200
BFGSLineSearch:    6[ 14] 18:53:24    -5614.921379*       2.9693
BFGSLineSearch:    7[ 18] 18:53:24    -5615.604901*       2.8665
BFGSLineSearch:    8[ 20] 18:53:25    -5615.962226*       2.0919
BFGSLineSearch:    9[ 21] 18:53:25    -5616.139718*       1.8892
BFGSLineSearch:   10[ 23] 18:53:26    -5616.207606*       0.8358
BFGSLineSearch:   11[ 25] 18:53:26    -5616.253344*       0.3627
BFGSLineSearch:   12[ 27] 18:53:27    -5616.262264*       0.1833
BFGSLineSearch:   13[ 29] 18:53:27    -5616.266737*       0.1054
BFGSLineSearch:   14[ 31] 18:53:28    -5616.268717*       0.1025
BFGSLineSearch:   15[ 32] 18:53:28    -5616.270615*       0.1066
BFGSLineSearch:   16[ 34] 18:53:29    -5616.271757*       0.0623
BFGSLineSearch:   17[ 35] 18:53:30    -5616.272909*       0.0880
BFGSLineSearch:   18[ 37] 18:53:31    -5616.273774*       0.0798
BFGSLineSearch:   19[ 38] 18:53:31    -5616.275038*       0.0749
BFGSLineSearch:   20[ 40] 18:53:31    -5616.275893*       0.0683
BFGSLineSearch:   21[ 41] 18:53:32    -5616.276971*       0.0798
BFGSLineSearch:   22[ 43] 18:53:32    -5616.277703*       0.0777
BFGSLineSearch:   23[ 45] 18:53:32    -5616.278317*       0.0605
BFGSLineSearch:   24[ 47] 18:53:33    -5616.278786*       0.0205
BFGSLineSearch:   25[ 48] 18:53:34    -5616.278945*       0.0479
BFGSLineSearch:   26[ 50] 18:53:34    -5616.279068*       0.0150
BFGSLineSearch:   27[ 51] 18:53:34    -5616.279153*       0.0118
BFGSLineSearch:   28[ 53] 18:53:35    -5616.279173*       0.0115
BFGSLineSearch:   29[ 54] 18:53:36    -5616.279215*       0.0088
BFGSLineSearch:   30[ 56] 18:53:36    -5616.279226*       0.0103
BFGSLineSearch:   31[ 57] 18:53:37    -5616.279250*       0.0093
BFGSLineSearch:   32[ 58] 18:53:37    -5616.279280*       0.0100
BFGSLineSearch:   33[ 60] 18:53:38    -5616.279313*       0.0145
BFGSLineSearch:   34[ 61] 18:53:38    -5616.279355*       0.0186
BFGSLineSearch:   35[ 63] 18:53:39    -5616.279426*       0.0133
BFGSLineSearch:   36[ 65] 18:53:39    -5616.279524*       0.0181
BFGSLineSearch:   37[ 67] 18:53:40    -5616.279581*       0.0219
BFGSLineSearch:   38[ 68] 18:53:40    -5616.279738*       0.0267
BFGSLineSearch:   39[ 70] 18:53:41    -5616.280034*       0.0308
BFGSLineSearch:   40[ 71] 18:53:41    -5616.280478*       0.0325
BFGSLineSearch:   41[ 73] 18:53:41    -5616.280884*       0.0405
BFGSLineSearch:   42[ 74] 18:53:42    -5616.281634*       0.0405
BFGSLineSearch:   43[ 75] 18:53:42    -5616.282519*       0.0566
BFGSLineSearch:   44[ 76] 18:53:43    -5616.283762*       0.0596
BFGSLineSearch:   45[ 78] 18:53:44    -5616.284507*       0.0654
BFGSLineSearch:   46[ 79] 18:53:44    -5616.285398*       0.0684
BFGSLineSearch:   47[ 81] 18:53:44    -5616.285737*       0.0609
BFGSLineSearch:   48[ 82] 18:53:45    -5616.286268*       0.0201
BFGSLineSearch:   49[ 83] 18:53:45    -5616.286612*       0.0322
BFGSLineSearch:   50[ 84] 18:53:46    -5616.286902*       0.0314
BFGSLineSearch:   51[ 85] 18:53:46    -5616.287120*       0.0157
BFGSLineSearch:   52[ 87] 18:53:47    -5616.287445*       0.0360
BFGSLineSearch:   53[ 89] 18:53:48    -5616.287923*       0.0361
BFGSLineSearch:   54[ 91] 18:53:48    -5616.288529*       0.0259
BFGSLineSearch:   55[ 93] 18:53:49    -5616.289175*       0.0314
BFGSLineSearch:   56[ 94] 18:53:50    -5616.289439*       0.0170
BFGSLineSearch:   57[ 95] 18:53:50    -5616.289628*       0.0105
BFGSLineSearch:   58[ 96] 18:53:50    -5616.289681*       0.0082
BFGSLineSearch:   59[ 97] 18:53:51    -5616.289699*       0.0025
BFGSLineSearch:   60[ 99] 18:53:51    -5616.289707*       0.0040
BFGSLineSearch:   61[101] 18:53:52    -5616.289722*       0.0080
BFGSLineSearch:   62[103] 18:53:53    -5616.289744*       0.0037
BFGSLineSearch:   63[105] 18:53:53    -5616.289768*       0.0062
BFGSLineSearch:   64[107] 18:53:54    -5616.289804*       0.0093
BFGSLineSearch:   65[109] 18:53:55    -5616.289958*       0.0143
BFGSLineSearch:   66[111] 18:53:55    -5616.290578*       0.0593
BFGSLineSearch:   67[114] 18:53:56    -5616.292364*       0.1437
BFGSLineSearch:   68[116] 18:53:57    -5616.294343*       0.2413
BFGSLineSearch:   69[119] 18:53:57    -5616.300666*       0.4280
BFGSLineSearch:   70[120] 18:53:58    -5616.314569*       0.3595
BFGSLineSearch:   71[121] 18:53:58    -5616.343769*       0.7966
BFGSLineSearch:   72[122] 18:53:59    -5616.359086*       1.1611
BFGSLineSearch:   73[123] 18:53:59    -5616.386659*       1.2086
BFGSLineSearch:   74[126] 18:54:00    -5616.494839*       1.7294
BFGSLineSearch:   75[128] 18:54:00    -5616.701725*       1.4635
BFGSLineSearch:   76[130] 18:54:01    -5616.904961*       1.4436
BFGSLineSearch:   77[131] 18:54:01    -5617.044903*       0.5299
BFGSLineSearch:   78[132] 18:54:01    -5617.136214*       0.4052
BFGSLineSearch:   79[134] 18:54:02    -5617.187816*       0.6656
BFGSLineSearch:   80[136] 18:54:02    -5617.248418*       0.5627
BFGSLineSearch:   81[138] 18:54:03    -5617.309939*       0.6515
BFGSLineSearch:   82[139] 18:54:03    -5617.364140*       0.5084
BFGSLineSearch:   83[140] 18:54:04    -5617.407492*       0.6540
BFGSLineSearch:   84[141] 18:54:04    -5617.446089*       0.4856
BFGSLineSearch:   85[142] 18:54:04    -5617.478029*       0.3830
BFGSLineSearch:   86[144] 18:54:05    -5617.518072*       0.4154
BFGSLineSearch:   87[147] 18:54:06    -5617.572268*       0.5275
BFGSLineSearch:   88[151] 18:54:07    -5617.632344*       0.7550
BFGSLineSearch:   89[155] 18:54:08    -5617.702344*       0.5071
BFGSLineSearch:   90[160] 18:54:10    -5617.801068*       0.7269
BFGSLineSearch:   91[163] 18:54:11    -5617.892283*       0.5682
BFGSLineSearch:   92[165] 18:54:12    -5617.957565*       0.7191
BFGSLineSearch:   93[168] 18:54:13    -5618.030322*       0.2759
BFGSLineSearch:   94[169] 18:54:13    -5618.068082*       0.2273
BFGSLineSearch:   95[171] 18:54:14    -5618.097624*       0.3087
BFGSLineSearch:   96[172] 18:54:14    -5618.120953*       0.4296
BFGSLineSearch:   97[173] 18:54:15    -5618.142341*       0.1842
BFGSLineSearch:   98[174] 18:54:15    -5618.154085*       0.1695
BFGSLineSearch:   99[176] 18:54:16    -5618.168441*       0.3016
BFGSLineSearch:  100[177] 18:54:17    -5618.183797*       0.2395
BFGSLineSearch:  101[178] 18:54:17    -5618.197898*       0.2393
BFGSLineSearch:  102[179] 18:54:18    -5618.211484*       0.1879
BFGSLineSearch:  103[180] 18:54:18    -5618.226107*       0.1704
BFGSLineSearch:  104[181] 18:54:19    -5618.245705*       0.2384
BFGSLineSearch:  105[182] 18:54:19    -5618.270450*       0.2330
BFGSLineSearch:  106[183] 18:54:19    -5618.296933*       0.3604
BFGSLineSearch:  107[184] 18:54:20    -5618.335469*       0.2585
BFGSLineSearch:  108[185] 18:54:20    -5618.361467*       0.6062
BFGSLineSearch:  109[186] 18:54:21    -5618.388118*       0.2276
BFGSLineSearch:  110[187] 18:54:21    -5618.413942*       0.2967
BFGSLineSearch:  111[188] 18:54:21    -5618.436350*       0.5398
BFGSLineSearch:  112[189] 18:54:22    -5618.457310*       0.3910
BFGSLineSearch:  113[190] 18:54:23    -5618.478464*       0.3348
BFGSLineSearch:  114[191] 18:54:23    -5618.493728*       0.3237
BFGSLineSearch:  115[193] 18:54:24    -5618.506654*       0.3161
BFGSLineSearch:  116[194] 18:54:24    -5618.523582*       0.4338
BFGSLineSearch:  117[195] 18:54:25    -5618.538245*       0.2763
BFGSLineSearch:  118[196] 18:54:25    -5618.550175*       0.1454
BFGSLineSearch:  119[198] 18:54:26    -5618.571614*       0.2656
BFGSLineSearch:  120[199] 18:54:26    -5618.590025*       0.2615
BFGSLineSearch:  121[200] 18:54:27    -5618.609827*       0.2334
BFGSLineSearch:  122[201] 18:54:27    -5618.624716*       0.3390
BFGSLineSearch:  123[202] 18:54:28    -5618.643098*       0.2643
BFGSLineSearch:  124[203] 18:54:28    -5618.661688*       0.2208
BFGSLineSearch:  125[204] 18:54:28    -5618.671845*       0.1392
BFGSLineSearch:  126[205] 18:54:29    -5618.683261*       0.1690
BFGSLineSearch:  127[206] 18:54:29    -5618.690737*       0.2529
BFGSLineSearch:  128[207] 18:54:30    -5618.702949*       0.2225
BFGSLineSearch:  129[208] 18:54:30    -5618.712929*       0.2097
BFGSLineSearch:  130[209] 18:54:31    -5618.725086*       0.1706
BFGSLineSearch:  131[210] 18:54:31    -5618.738449*       0.2280
BFGSLineSearch:  132[211] 18:54:31    -5618.754649*       0.2210
BFGSLineSearch:  133[212] 18:54:32    -5618.770304*       0.1921
BFGSLineSearch:  134[213] 18:54:33    -5618.784209*       0.2108
BFGSLineSearch:  135[214] 18:54:33    -5618.796011*       0.1788
BFGSLineSearch:  136[215] 18:54:33    -5618.812855*       0.2772
BFGSLineSearch:  137[216] 18:54:34    -5618.831240*       0.2345
BFGSLineSearch:  138[217] 18:54:35    -5618.851929*       0.2570
BFGSLineSearch:  139[218] 18:54:35    -5618.879828*       0.2558
BFGSLineSearch:  140[220] 18:54:36    -5618.908938*       0.4749
BFGSLineSearch:  141[221] 18:54:36    -5618.932500*       0.3107
BFGSLineSearch:  142[223] 18:54:37    -5618.967482*       0.4180
BFGSLineSearch:  143[224] 18:54:38    -5619.003648*       0.4615
BFGSLineSearch:  144[226] 18:54:39    -5619.035921*       0.3473
BFGSLineSearch:  145[227] 18:54:39    -5619.055942*       0.6327
BFGSLineSearch:  146[228] 18:54:39    -5619.086167*       0.3434
BFGSLineSearch:  147[229] 18:54:40    -5619.123635*       0.4463
BFGSLineSearch:  148[230] 18:54:40    -5619.149526*       0.4591
BFGSLineSearch:  149[231] 18:54:40    -5619.192844*       0.4918
BFGSLineSearch:  150[233] 18:54:41    -5619.226920*       0.7513
BFGSLineSearch:  151[234] 18:54:42    -5619.270952*       0.5994
BFGSLineSearch:  152[235] 18:54:42    -5619.310354*       0.4979
BFGSLineSearch:  153[236] 18:54:43    -5619.370743*       0.9852
BFGSLineSearch:  154[237] 18:54:43    -5619.408427*       0.5155
BFGSLineSearch:  155[238] 18:54:44    -5619.447004*       0.7470
BFGSLineSearch:  156[239] 18:54:44    -5619.511812*       0.5909
BFGSLineSearch:  157[240] 18:54:45    -5619.562839*       1.0053
BFGSLineSearch:  158[241] 18:54:45    -5619.626387*       0.5442
BFGSLineSearch:  159[242] 18:54:46    -5619.684421*       0.4924
BFGSLineSearch:  160[243] 18:54:46    -5619.728209*       0.9295
BFGSLineSearch:  161[245] 18:54:47    -5619.754263*       0.5312
BFGSLineSearch:  162[246] 18:54:48    -5619.780538*       0.6623
BFGSLineSearch:  163[247] 18:54:48    -5619.803660*       0.4648
BFGSLineSearch:  164[248] 18:54:49    -5619.820997*       0.4121
BFGSLineSearch:  165[249] 18:54:50    -5619.834854*       0.3384
BFGSLineSearch:  166[250] 18:54:50    -5619.844801*       0.1815
BFGSLineSearch:  167[251] 18:54:50    -5619.850391*       0.3022
BFGSLineSearch:  168[252] 18:54:51    -5619.859311*       0.1591
BFGSLineSearch:  169[253] 18:54:51    -5619.867780*       0.2785
BFGSLineSearch:  170[254] 18:54:52    -5619.878864*       0.1501
BFGSLineSearch:  171[255] 18:54:52    -5619.887269*       0.2196
BFGSLineSearch:  172[256] 18:54:53    -5619.895690*       0.2902
BFGSLineSearch:  173[257] 18:54:53    -5619.903255*       0.1723
BFGSLineSearch:  174[258] 18:54:54    -5619.908001*       0.1776
BFGSLineSearch:  175[259] 18:54:55    -5619.914798*       0.1709
BFGSLineSearch:  176[260] 18:54:55    -5619.921072*       0.1931
BFGSLineSearch:  177[261] 18:54:56    -5619.927351*       0.1421
BFGSLineSearch:  178[262] 18:54:57    -5619.933062*       0.0926
BFGSLineSearch:  179[263] 18:54:58    -5619.940114*       0.1352
BFGSLineSearch:  180[264] 18:54:58    -5619.945626*       0.1562
BFGSLineSearch:  181[266] 18:54:59    -5619.949627*       0.1882
BFGSLineSearch:  182[267] 18:55:00    -5619.955199*       0.1570
BFGSLineSearch:  183[268] 18:55:00    -5619.960910*       0.1980
BFGSLineSearch:  184[269] 18:55:01    -5619.970709*       0.2006
BFGSLineSearch:  185[270] 18:55:01    -5619.983011*       0.2044
BFGSLineSearch:  186[271] 18:55:02    -5619.998881*       0.2021
BFGSLineSearch:  187[272] 18:55:02    -5620.010593*       0.2772
BFGSLineSearch:  188[274] 18:55:03    -5620.022305*       0.2543
BFGSLineSearch:  189[275] 18:55:04    -5620.036148*       0.2545
BFGSLineSearch:  190[276] 18:55:04    -5620.053525*       0.2510
BFGSLineSearch:  191[277] 18:55:05    -5620.068540*       0.2757
BFGSLineSearch:  192[278] 18:55:06    -5620.076124*       0.1973
BFGSLineSearch:  193[279] 18:55:07    -5620.082591*       0.1563
BFGSLineSearch:  194[280] 18:55:07    -5620.089927*       0.2912
BFGSLineSearch:  195[281] 18:55:08    -5620.098334*       0.1804
BFGSLineSearch:  196[282] 18:55:08    -5620.107266*       0.5222
BFGSLineSearch:  197[283] 18:55:09    -5620.117744*       0.1565
BFGSLineSearch:  198[284] 18:55:09    -5620.126969*       0.3209
BFGSLineSearch:  199[285] 18:55:10    -5620.137901*       0.3839
BFGSLineSearch:  200[286] 18:55:10    -5620.151206*       0.2562
BFGSLineSearch:  201[287] 18:55:11    -5620.166034*       0.3040
BFGSLineSearch:  202[288] 18:55:11    -5620.176065*       0.4183
BFGSLineSearch:  203[290] 18:55:12    -5620.185898*       0.1543
BFGSLineSearch:  204[291] 18:55:13    -5620.198557*       0.2827
BFGSLineSearch:  205[292] 18:55:13    -5620.207441*       0.2237
BFGSLineSearch:  206[293] 18:55:14    -5620.213894*       0.1531
BFGSLineSearch:  207[294] 18:55:15    -5620.219329*       0.1340
BFGSLineSearch:  208[295] 18:55:15    -5620.224274*       0.1111
BFGSLineSearch:  209[296] 18:55:16    -5620.229579*       0.1334
BFGSLineSearch:  210[297] 18:55:16    -5620.234891*       0.1760
BFGSLineSearch:  211[298] 18:55:17    -5620.240205*       0.1150
BFGSLineSearch:  212[299] 18:55:17    -5620.245045*       0.1102
BFGSLineSearch:  213[301] 18:55:18    -5620.248434*       0.0998
BFGSLineSearch:  214[302] 18:55:18    -5620.251075*       0.0894
BFGSLineSearch:  215[303] 18:55:19    -5620.253542*       0.0915
BFGSLineSearch:  216[305] 18:55:20    -5620.255509*       0.1032
BFGSLineSearch:  217[307] 18:55:21    -5620.258617*       0.1001
BFGSLineSearch:  218[308] 18:55:21    -5620.260559*       0.1342
BFGSLineSearch:  219[309] 18:55:22    -5620.262795*       0.0826
BFGSLineSearch:  220[311] 18:55:22    -5620.265264*       0.1918
BFGSLineSearch:  221[312] 18:55:23    -5620.267538*       0.0828
BFGSLineSearch:  222[314] 18:55:24    -5620.271209*       0.0848
BFGSLineSearch:  223[315] 18:55:24    -5620.273340*       0.0746
BFGSLineSearch:  224[316] 18:55:25    -5620.275431*       0.0615
BFGSLineSearch:  225[318] 18:55:26    -5620.277856*       0.0775
BFGSLineSearch:  226[320] 18:55:26    -5620.280019*       0.1998
BFGSLineSearch:  227[322] 18:55:27    -5620.281960*       0.0868
BFGSLineSearch:  228[323] 18:55:27    -5620.283667*       0.0616
BFGSLineSearch:  229[325] 18:55:28    -5620.285930*       0.0729
BFGSLineSearch:  230[327] 18:55:29    -5620.287434*       0.0701
BFGSLineSearch:  231[329] 18:55:30    -5620.288988*       0.0938
BFGSLineSearch:  232[330] 18:55:31    -5620.290060*       0.0546
BFGSLineSearch:  233[331] 18:55:31    -5620.291036*       0.0428
BFGSLineSearch:  234[333] 18:55:32    -5620.292153*       0.0822
BFGSLineSearch:  235[335] 18:55:33    -5620.293601*       0.1114
BFGSLineSearch:  236[337] 18:55:34    -5620.294623*       0.0619
BFGSLineSearch:  237[339] 18:55:35    -5620.296447*       0.0746
BFGSLineSearch:  238[340] 18:55:35    -5620.297572*       0.0557
BFGSLineSearch:  239[341] 18:55:36    -5620.299048*       0.0361
BFGSLineSearch:  240[342] 18:55:37    -5620.300401*       0.0527
BFGSLineSearch:  241[344] 18:55:38    -5620.301940*       0.0712
BFGSLineSearch:  242[346] 18:55:39    -5620.303621*       0.1267
BFGSLineSearch:  243[347] 18:55:39    -5620.305719*       0.0584
BFGSLineSearch:  244[348] 18:55:40    -5620.307453*       0.0550
BFGSLineSearch:  245[350] 18:55:41    -5620.309370*       0.0736
BFGSLineSearch:  246[352] 18:55:42    -5620.311124*       0.0657
BFGSLineSearch:  247[353] 18:55:43    -5620.312194*       0.0569
BFGSLineSearch:  248[355] 18:55:43    -5620.313352*       0.0444
BFGSLineSearch:  249[357] 18:55:44    -5620.314349*       0.0756
BFGSLineSearch:  250[359] 18:55:45    -5620.315490*       0.1004
BFGSLineSearch:  251[361] 18:55:47    -5620.317122*       0.0826
BFGSLineSearch:  252[363] 18:55:48    -5620.318205*       0.0439
BFGSLineSearch:  253[365] 18:55:48    -5620.319355*       0.0482
BFGSLineSearch:  254[367] 18:55:49    -5620.320360*       0.0823
BFGSLineSearch:  255[369] 18:55:50    -5620.321339*       0.0455
BFGSLineSearch:  256[370] 18:55:51    -5620.321916*       0.0286
BFGSLineSearch:  257[371] 18:55:51    -5620.322412*       0.0324
BFGSLineSearch:  258[373] 18:55:52    -5620.322944*       0.0394
BFGSLineSearch:  259[375] 18:55:53    -5620.323513*       0.0694
BFGSLineSearch:  260[376] 18:55:53    -5620.324469*       0.0595
BFGSLineSearch:  261[377] 18:55:54    -5620.325316*       0.0571
BFGSLineSearch:  262[379] 18:55:54    -5620.326649*       0.1180
BFGSLineSearch:  263[380] 18:55:55    -5620.327784*       0.0575
BFGSLineSearch:  264[382] 18:55:56    -5620.330406*       0.1061
BFGSLineSearch:  265[384] 18:55:57    -5620.332295*       0.0866
BFGSLineSearch:  266[386] 18:55:58    -5620.334692*       0.0726
BFGSLineSearch:  267[387] 18:55:58    -5620.335769*       0.1080
BFGSLineSearch:  268[388] 18:55:59    -5620.337556*       0.0927
BFGSLineSearch:  269[389] 18:56:00    -5620.339629*       0.1280
BFGSLineSearch:  270[390] 18:56:00    -5620.341360*       0.0604
BFGSLineSearch:  271[391] 18:56:01    -5620.342953*       0.0700
BFGSLineSearch:  272[392] 18:56:02    -5620.344171*       0.0659
BFGSLineSearch:  273[393] 18:56:02    -5620.345043*       0.0592
BFGSLineSearch:  274[394] 18:56:03    -5620.346047*       0.0636
BFGSLineSearch:  275[395] 18:56:03    -5620.347035*       0.0929
BFGSLineSearch:  276[396] 18:56:04    -5620.347749*       0.0676
BFGSLineSearch:  277[397] 18:56:04    -5620.348426*       0.0479
BFGSLineSearch:  278[398] 18:56:05    -5620.349332*       0.0556
BFGSLineSearch:  279[399] 18:56:06    -5620.350304*       0.0552
BFGSLineSearch:  280[400] 18:56:06    -5620.351297*       0.0580
BFGSLineSearch:  281[401] 18:56:07    -5620.352183*       0.0608
BFGSLineSearch:  282[402] 18:56:07    -5620.353004*       0.0482
BFGSLineSearch:  283[403] 18:56:08    -5620.353776*       0.0442
BFGSLineSearch:  284[404] 18:56:08    -5620.354349*       0.0426
BFGSLineSearch:  285[405] 18:56:09    -5620.354686*       0.0285
BFGSLineSearch:  286[406] 18:56:09    -5620.354955*       0.0268
BFGSLineSearch:  287[408] 18:56:10    -5620.355311*       0.0427
BFGSLineSearch:  288[410] 18:56:11    -5620.355761*       0.0361
BFGSLineSearch:  289[411] 18:56:12    -5620.356026*       0.0273
BFGSLineSearch:  290[413] 18:56:13    -5620.356405*       0.0478
BFGSLineSearch:  291[414] 18:56:13    -5620.356609*       0.0207
BFGSLineSearch:  292[415] 18:56:14    -5620.356833*       0.0156
BFGSLineSearch:  293[417] 18:56:14    -5620.357019*       0.0421
BFGSLineSearch:  294[419] 18:56:15    -5620.357315*       0.0261
BFGSLineSearch:  295[420] 18:56:16    -5620.357534*       0.0226
BFGSLineSearch:  296[421] 18:56:16    -5620.357756*       0.0154
BFGSLineSearch:  297[422] 18:56:17    -5620.357919*       0.0109
BFGSLineSearch:  298[423] 18:56:18    -5620.358049*       0.0120
BFGSLineSearch:  299[424] 18:56:18    -5620.358160*       0.0133
BFGSLineSearch:  300[425] 18:56:19    -5620.358283*       0.0126
BFGSLineSearch:  301[426] 18:56:19    -5620.358402*       0.0144
BFGSLineSearch:  302[427] 18:56:20    -5620.358504*       0.0182
BFGSLineSearch:  303[428] 18:56:20    -5620.358600*       0.0217
BFGSLineSearch:  304[429] 18:56:21    -5620.358700*       0.0248
BFGSLineSearch:  305[430] 18:56:22    -5620.358801*       0.0222
BFGSLineSearch:  306[431] 18:56:22    -5620.358894*       0.0180
BFGSLineSearch:  307[432] 18:56:23    -5620.358973*       0.0144
BFGSLineSearch:  308[433] 18:56:24    -5620.359040*       0.0134
BFGSLineSearch:  309[434] 18:56:24    -5620.359096*       0.0129
BFGSLineSearch:  310[435] 18:56:25    -5620.359143*       0.0117
BFGSLineSearch:  311[436] 18:56:26    -5620.359178*       0.0084
BFGSLineSearch:  312[437] 18:56:26    -5620.359204*       0.0071
BFGSLineSearch:  313[438] 18:56:27    -5620.359228*       0.0075
BFGSLineSearch:  314[440] 18:56:28    -5620.359258*       0.0114
BFGSLineSearch:  315[442] 18:56:29    -5620.359313*       0.0104
BFGSLineSearch:  316[444] 18:56:30    -5620.359354*       0.0106
BFGSLineSearch:  317[446] 18:56:31    -5620.359410*       0.0156
BFGSLineSearch:  318[448] 18:56:32    -5620.359464*       0.0116
BFGSLineSearch:  319[450] 18:56:32    -5620.359513*       0.0131
BFGSLineSearch:  320[452] 18:56:33    -5620.359585*       0.0128
BFGSLineSearch:  321[454] 18:56:34    -5620.359626*       0.0117
BFGSLineSearch:  322[456] 18:56:35    -5620.359663*       0.0133
BFGSLineSearch:  323[458] 18:56:35    -5620.359695*       0.0089
BFGSLineSearch:  324[460] 18:56:36    -5620.359734*       0.0112
BFGSLineSearch:  325[462] 18:56:37    -5620.359761*       0.0081
BFGSLineSearch:  326[464] 18:56:39    -5620.359776*       0.0062
BFGSLineSearch:  327[466] 18:56:40    -5620.359788*       0.0059
BFGSLineSearch:  328[468] 18:56:40    -5620.359795*       0.0034
BFGSLineSearch:  329[470] 18:56:41    -5620.359797*       0.0021
BFGSLineSearch:  330[472] 18:56:42    -5620.359799*       0.0020
BFGSLineSearch:  331[474] 18:56:43    -5620.359800*       0.0011
BFGSLineSearch:  332[476] 18:56:44    -5620.359800*       0.0008
FINISHED!!!
