Using Python 3.11.7
[I] Phonon calculation for displacement: 0.05
WARNING, 2 imaginary frequencies at q = ( 0.00,  0.00,  0.00) ; (omega_q = 7.160e-02*i)
WARNING, 4 imaginary frequencies at q = (-0.05,  0.00,  0.00) ; (omega_q = 1.578e-01*i)
WARNING, 5 imaginary frequencies at q = (-0.10,  0.00,  0.00) ; (omega_q = 2.935e-01*i)
WARNING, 5 imaginary frequencies at q = (-0.15,  0.00,  0.00) ; (omega_q = 3.811e-01*i)
WARNING, 5 imaginary frequencies at q = (-0.20,  0.00,  0.00) ; (omega_q = 4.305e-01*i)
WARNING, 5 imaginary frequencies at q = (-0.25,  0.00,  0.00) ; (omega_q = 4.449e-01*i)
WARNING, 5 imaginary frequencies at q = (-0.30,  0.00,  0.00) ; (omega_q = 4.246e-01*i)
WARNING, 4 imaginary frequencies at q = (-0.35,  0.00,  0.00) ; (omega_q = 3.675e-01*i)
WARNING, 3 imaginary frequencies at q = (-0.40,  0.00,  0.00) ; (omega_q = 2.649e-01*i)
WARNING, 1 imaginary frequencies at q = (-0.45,  0.00,  0.00) ; (omega_q = 5.001e-02*i)
WARNING, 4 imaginary frequencies at q = (-0.50,  0.00, -0.08) ; (omega_q = 2.987e-01*i)
WARNING, 4 imaginary frequencies at q = (-0.50,  0.00, -0.17) ; (omega_q = 4.735e-01*i)
WARNING, 4 imaginary frequencies at q = (-0.50,  0.00, -0.25) ; (omega_q = 5.263e-01*i)
WARNING, 4 imaginary frequencies at q = (-0.50,  0.00, -0.33) ; (omega_q = 4.719e-01*i)
WARNING, 4 imaginary frequencies at q = (-0.50,  0.00, -0.42) ; (omega_q = 2.921e-01*i)
WARNING, 2 imaginary frequencies at q = (-0.45,  0.00, -0.50) ; (omega_q = 1.055e-01*i)
WARNING, 4 imaginary frequencies at q = (-0.41,  0.00, -0.50) ; (omega_q = 2.470e-01*i)
WARNING, 4 imaginary frequencies at q = (-0.36,  0.00, -0.50) ; (omega_q = 3.417e-01*i)
WARNING, 4 imaginary frequencies at q = (-0.32,  0.00, -0.50) ; (omega_q = 4.025e-01*i)
WARNING, 5 imaginary frequencies at q = (-0.27,  0.00, -0.50) ; (omega_q = 4.358e-01*i)
WARNING, 5 imaginary frequencies at q = (-0.23,  0.00, -0.50) ; (omega_q = 4.401e-01*i)
WARNING, 6 imaginary frequencies at q = (-0.18,  0.00, -0.50) ; (omega_q = 4.155e-01*i)
WARNING, 4 imaginary frequencies at q = (-0.14,  0.00, -0.50) ; (omega_q = 3.610e-01*i)
WARNING, 4 imaginary frequencies at q = (-0.09,  0.00, -0.50) ; (omega_q = 2.730e-01*i)
WARNING, 4 imaginary frequencies at q = (-0.05,  0.00, -0.50) ; (omega_q = 1.434e-01*i)
WARNING, 4 imaginary frequencies at q = ( 0.00,  0.00, -0.42) ; (omega_q = 3.043e-01*i)
WARNING, 5 imaginary frequencies at q = ( 0.00,  0.00, -0.33) ; (omega_q = 4.778e-01*i)
WARNING, 6 imaginary frequencies at q = ( 0.00,  0.00, -0.25) ; (omega_q = 5.324e-01*i)
WARNING, 6 imaginary frequencies at q = ( 0.00,  0.00, -0.17) ; (omega_q = 4.783e-01*i)
WARNING, 5 imaginary frequencies at q = ( 0.00,  0.00, -0.08) ; (omega_q = 3.060e-01*i)
WARNING, 2 imaginary frequencies at q = ( 0.00,  0.00,  0.00) ; (omega_q = 7.160e-02*i)
WARNING, 2 imaginary frequencies at q = ( 0.00, -0.08,  0.00) ; (omega_q = 1.411e-01*i)
WARNING, 3 imaginary frequencies at q = ( 0.00, -0.17,  0.00) ; (omega_q = 2.106e-01*i)
WARNING, 3 imaginary frequencies at q = ( 0.00, -0.25,  0.00) ; (omega_q = 2.281e-01*i)
WARNING, 3 imaginary frequencies at q = ( 0.00, -0.33,  0.00) ; (omega_q = 1.894e-01*i)
WARNING, 1 imaginary frequencies at q = ( 0.00, -0.42,  0.00) ; (omega_q = 9.201e-02*i)
WARNING, 4 imaginary frequencies at q = (-0.05, -0.50,  0.00) ; (omega_q = 1.389e-01*i)
WARNING, 4 imaginary frequencies at q = (-0.09, -0.50,  0.00) ; (omega_q = 2.668e-01*i)
WARNING, 5 imaginary frequencies at q = (-0.14, -0.50,  0.00) ; (omega_q = 3.524e-01*i)
WARNING, 5 imaginary frequencies at q = (-0.18, -0.50,  0.00) ; (omega_q = 4.067e-01*i)
WARNING, 5 imaginary frequencies at q = (-0.23, -0.50,  0.00) ; (omega_q = 4.320e-01*i)
WARNING, 5 imaginary frequencies at q = (-0.27, -0.50,  0.00) ; (omega_q = 4.293e-01*i)
WARNING, 4 imaginary frequencies at q = (-0.32, -0.50,  0.00) ; (omega_q = 3.980e-01*i)
WARNING, 4 imaginary frequencies at q = (-0.36, -0.50,  0.00) ; (omega_q = 3.365e-01*i)
WARNING, 4 imaginary frequencies at q = (-0.41, -0.50,  0.00) ; (omega_q = 2.407e-01*i)
WARNING, 2 imaginary frequencies at q = (-0.45, -0.50,  0.00) ; (omega_q = 9.789e-02*i)
WARNING, 3 imaginary frequencies at q = (-0.50, -0.50, -0.07) ; (omega_q = 2.606e-01*i)
WARNING, 4 imaginary frequencies at q = (-0.50, -0.50, -0.14) ; (omega_q = 4.304e-01*i)
WARNING, 5 imaginary frequencies at q = (-0.50, -0.50, -0.21) ; (omega_q = 5.051e-01*i)
WARNING, 5 imaginary frequencies at q = (-0.50, -0.50, -0.29) ; (omega_q = 5.045e-01*i)
WARNING, 4 imaginary frequencies at q = (-0.50, -0.50, -0.36) ; (omega_q = 4.290e-01*i)
WARNING, 4 imaginary frequencies at q = (-0.50, -0.50, -0.43) ; (omega_q = 2.604e-01*i)
WARNING, 2 imaginary frequencies at q = (-0.46, -0.50, -0.50) ; (omega_q = 8.235e-02*i)
WARNING, 4 imaginary frequencies at q = (-0.42, -0.50, -0.50) ; (omega_q = 2.269e-01*i)
WARNING, 4 imaginary frequencies at q = (-0.38, -0.50, -0.50) ; (omega_q = 3.210e-01*i)
WARNING, 5 imaginary frequencies at q = (-0.33, -0.50, -0.50) ; (omega_q = 3.858e-01*i)
WARNING, 6 imaginary frequencies at q = (-0.29, -0.50, -0.50) ; (omega_q = 4.249e-01*i)
WARNING, 6 imaginary frequencies at q = (-0.25, -0.50, -0.50) ; (omega_q = 4.397e-01*i)
WARNING, 6 imaginary frequencies at q = (-0.21, -0.50, -0.50) ; (omega_q = 4.308e-01*i)
WARNING, 5 imaginary frequencies at q = (-0.17, -0.50, -0.50) ; (omega_q = 3.979e-01*i)
WARNING, 4 imaginary frequencies at q = (-0.12, -0.50, -0.50) ; (omega_q = 3.393e-01*i)
WARNING, 4 imaginary frequencies at q = (-0.08, -0.50, -0.50) ; (omega_q = 2.503e-01*i)
WARNING, 4 imaginary frequencies at q = (-0.04, -0.50, -0.50) ; (omega_q = 1.088e-01*i)
WARNING, 3 imaginary frequencies at q = ( 0.00, -0.50, -0.43) ; (omega_q = 2.634e-01*i)
WARNING, 4 imaginary frequencies at q = ( 0.00, -0.50, -0.36) ; (omega_q = 4.296e-01*i)
WARNING, 5 imaginary frequencies at q = ( 0.00, -0.50, -0.29) ; (omega_q = 5.034e-01*i)
WARNING, 5 imaginary frequencies at q = ( 0.00, -0.50, -0.21) ; (omega_q = 5.035e-01*i)
WARNING, 4 imaginary frequencies at q = ( 0.00, -0.50, -0.14) ; (omega_q = 4.302e-01*i)
WARNING, 4 imaginary frequencies at q = ( 0.00, -0.50, -0.07) ; (omega_q = 2.659e-01*i)
WARNING, 2 imaginary frequencies at q = ( 0.00, -0.07, -0.50) ; (omega_q = 9.167e-02*i)
WARNING, 2 imaginary frequencies at q = ( 0.00, -0.14, -0.50) ; (omega_q = 1.699e-01*i)
WARNING, 2 imaginary frequencies at q = ( 0.00, -0.21, -0.50) ; (omega_q = 2.069e-01*i)
WARNING, 2 imaginary frequencies at q = ( 0.00, -0.29, -0.50) ; (omega_q = 1.984e-01*i)
WARNING, 2 imaginary frequencies at q = ( 0.00, -0.36, -0.50) ; (omega_q = 1.445e-01*i)
WARNING, 1 imaginary frequencies at q = (-0.50, -0.42,  0.00) ; (omega_q = 9.588e-02*i)
WARNING, 1 imaginary frequencies at q = (-0.50, -0.33,  0.00) ; (omega_q = 1.817e-01*i)
WARNING, 2 imaginary frequencies at q = (-0.50, -0.25,  0.00) ; (omega_q = 1.901e-01*i)
WARNING, 1 imaginary frequencies at q = (-0.50, -0.17,  0.00) ; (omega_q = 1.528e-01*i)
WARNING, 1 imaginary frequencies at q = (-0.50, -0.14, -0.50) ; (omega_q = 1.319e-01*i)
WARNING, 1 imaginary frequencies at q = (-0.50, -0.21, -0.50) ; (omega_q = 1.755e-01*i)
WARNING, 2 imaginary frequencies at q = (-0.50, -0.29, -0.50) ; (omega_q = 1.771e-01*i)
WARNING, 1 imaginary frequencies at q = (-0.50, -0.36, -0.50) ; (omega_q = 1.410e-01*i)
WARNING, 4 imaginary frequencies at q = (-0.45, -0.45, -0.45) ; (omega_q = 2.829e-01*i)
WARNING, 5 imaginary frequencies at q = (-0.45, -0.45, -0.35) ; (omega_q = 4.661e-01*i)
WARNING, 5 imaginary frequencies at q = (-0.45, -0.45, -0.25) ; (omega_q = 5.071e-01*i)
WARNING, 5 imaginary frequencies at q = (-0.45, -0.45, -0.15) ; (omega_q = 4.120e-01*i)
WARNING, 3 imaginary frequencies at q = (-0.45, -0.45, -0.05) ; (omega_q = 1.644e-01*i)
WARNING, 4 imaginary frequencies at q = (-0.45, -0.45,  0.05) ; (omega_q = 2.911e-01*i)
WARNING, 6 imaginary frequencies at q = (-0.45, -0.45,  0.15) ; (omega_q = 4.744e-01*i)
WARNING, 6 imaginary frequencies at q = (-0.45, -0.45,  0.25) ; (omega_q = 5.112e-01*i)
WARNING, 5 imaginary frequencies at q = (-0.45, -0.45,  0.35) ; (omega_q = 4.173e-01*i)
WARNING, 4 imaginary frequencies at q = (-0.45, -0.45,  0.45) ; (omega_q = 1.922e-01*i)
WARNING, 5 imaginary frequencies at q = (-0.45, -0.35, -0.45) ; (omega_q = 3.013e-01*i)
WARNING, 5 imaginary frequencies at q = (-0.45, -0.35, -0.35) ; (omega_q = 4.664e-01*i)
WARNING, 6 imaginary frequencies at q = (-0.45, -0.35, -0.25) ; (omega_q = 4.994e-01*i)
WARNING, 5 imaginary frequencies at q = (-0.45, -0.35, -0.15) ; (omega_q = 4.118e-01*i)
WARNING, 3 imaginary frequencies at q = (-0.45, -0.35, -0.05) ; (omega_q = 2.310e-01*i)
WARNING, 4 imaginary frequencies at q = (-0.45, -0.35,  0.05) ; (omega_q = 3.265e-01*i)
WARNING, 6 imaginary frequencies at q = (-0.45, -0.35,  0.15) ; (omega_q = 4.769e-01*i)
WARNING, 6 imaginary frequencies at q = (-0.45, -0.35,  0.25) ; (omega_q = 5.022e-01*i)
WARNING, 5 imaginary frequencies at q = (-0.45, -0.35,  0.35) ; (omega_q = 4.122e-01*i)
WARNING, 4 imaginary frequencies at q = (-0.45, -0.35,  0.45) ; (omega_q = 2.280e-01*i)
WARNING, 5 imaginary frequencies at q = (-0.45, -0.25, -0.45) ; (omega_q = 2.841e-01*i)
WARNING, 5 imaginary frequencies at q = (-0.45, -0.25, -0.35) ; (omega_q = 4.524e-01*i)
WARNING, 6 imaginary frequencies at q = (-0.45, -0.25, -0.25) ; (omega_q = 5.020e-01*i)
WARNING, 5 imaginary frequencies at q = (-0.45, -0.25, -0.15) ; (omega_q = 4.350e-01*i)
WARNING, 4 imaginary frequencies at q = (-0.45, -0.25, -0.05) ; (omega_q = 2.404e-01*i)
WARNING, 4 imaginary frequencies at q = (-0.45, -0.25,  0.05) ; (omega_q = 3.051e-01*i)
WARNING, 6 imaginary frequencies at q = (-0.45, -0.25,  0.15) ; (omega_q = 4.520e-01*i)
WARNING, 6 imaginary frequencies at q = (-0.45, -0.25,  0.25) ; (omega_q = 4.954e-01*i)
WARNING, 5 imaginary frequencies at q = (-0.45, -0.25,  0.35) ; (omega_q = 4.255e-01*i)
WARNING, 4 imaginary frequencies at q = (-0.45, -0.25,  0.45) ; (omega_q = 2.427e-01*i)
WARNING, 4 imaginary frequencies at q = (-0.45, -0.15, -0.45) ; (omega_q = 2.646e-01*i)
WARNING, 5 imaginary frequencies at q = (-0.45, -0.15, -0.35) ; (omega_q = 4.506e-01*i)
WARNING, 6 imaginary frequencies at q = (-0.45, -0.15, -0.25) ; (omega_q = 5.136e-01*i)
WARNING, 5 imaginary frequencies at q = (-0.45, -0.15, -0.15) ; (omega_q = 4.491e-01*i)
WARNING, 3 imaginary frequencies at q = (-0.45, -0.15, -0.05) ; (omega_q = 2.201e-01*i)
WARNING, 3 imaginary frequencies at q = (-0.45, -0.15,  0.05) ; (omega_q = 2.621e-01*i)
WARNING, 5 imaginary frequencies at q = (-0.45, -0.15,  0.15) ; (omega_q = 4.459e-01*i)
WARNING, 6 imaginary frequencies at q = (-0.45, -0.15,  0.25) ; (omega_q = 5.045e-01*i)
WARNING, 5 imaginary frequencies at q = (-0.45, -0.15,  0.35) ; (omega_q = 4.401e-01*i)
WARNING, 4 imaginary frequencies at q = (-0.45, -0.15,  0.45) ; (omega_q = 2.239e-01*i)
WARNING, 3 imaginary frequencies at q = (-0.45, -0.05, -0.45) ; (omega_q = 2.570e-01*i)
WARNING, 5 imaginary frequencies at q = (-0.45, -0.05, -0.35) ; (omega_q = 4.615e-01*i)
WARNING, 5 imaginary frequencies at q = (-0.45, -0.05, -0.25) ; (omega_q = 5.220e-01*i)
WARNING, 5 imaginary frequencies at q = (-0.45, -0.05, -0.15) ; (omega_q = 4.414e-01*i)
WARNING, 2 imaginary frequencies at q = (-0.45, -0.05, -0.05) ; (omega_q = 1.772e-01*i)
WARNING, 3 imaginary frequencies at q = (-0.45, -0.05,  0.05) ; (omega_q = 2.587e-01*i)
WARNING, 5 imaginary frequencies at q = (-0.45, -0.05,  0.15) ; (omega_q = 4.609e-01*i)
WARNING, 5 imaginary frequencies at q = (-0.45, -0.05,  0.25) ; (omega_q = 5.179e-01*i)
WARNING, 5 imaginary frequencies at q = (-0.45, -0.05,  0.35) ; (omega_q = 4.357e-01*i)
WARNING, 3 imaginary frequencies at q = (-0.45, -0.05,  0.45) ; (omega_q = 1.905e-01*i)
WARNING, 4 imaginary frequencies at q = (-0.45,  0.05, -0.45) ; (omega_q = 2.792e-01*i)
WARNING, 5 imaginary frequencies at q = (-0.45,  0.05, -0.35) ; (omega_q = 4.764e-01*i)
WARNING, 6 imaginary frequencies at q = (-0.45,  0.05, -0.25) ; (omega_q = 5.179e-01*i)
WARNING, 5 imaginary frequencies at q = (-0.45,  0.05, -0.15) ; (omega_q = 4.175e-01*i)
WARNING, 2 imaginary frequencies at q = (-0.45,  0.05, -0.05) ; (omega_q = 1.558e-01*i)
WARNING, 4 imaginary frequencies at q = (-0.45,  0.05,  0.05) ; (omega_q = 2.912e-01*i)
WARNING, 6 imaginary frequencies at q = (-0.45,  0.05,  0.15) ; (omega_q = 4.812e-01*i)
WARNING, 6 imaginary frequencies at q = (-0.45,  0.05,  0.25) ; (omega_q = 5.192e-01*i)
WARNING, 6 imaginary frequencies at q = (-0.45,  0.05,  0.35) ; (omega_q = 4.156e-01*i)
WARNING, 3 imaginary frequencies at q = (-0.45,  0.05,  0.45) ; (omega_q = 1.832e-01*i)
WARNING, 5 imaginary frequencies at q = (-0.45,  0.15, -0.45) ; (omega_q = 2.994e-01*i)
WARNING, 6 imaginary frequencies at q = (-0.45,  0.15, -0.35) ; (omega_q = 4.760e-01*i)
WARNING, 6 imaginary frequencies at q = (-0.45,  0.15, -0.25) ; (omega_q = 5.023e-01*i)
WARNING, 5 imaginary frequencies at q = (-0.45,  0.15, -0.15) ; (omega_q = 4.089e-01*i)
WARNING, 2 imaginary frequencies at q = (-0.45,  0.15, -0.05) ; (omega_q = 2.207e-01*i)
WARNING, 4 imaginary frequencies at q = (-0.45,  0.15,  0.05) ; (omega_q = 3.174e-01*i)
WARNING, 6 imaginary frequencies at q = (-0.45,  0.15,  0.15) ; (omega_q = 4.837e-01*i)
WARNING, 6 imaginary frequencies at q = (-0.45,  0.15,  0.25) ; (omega_q = 5.073e-01*i)
WARNING, 6 imaginary frequencies at q = (-0.45,  0.15,  0.35) ; (omega_q = 4.072e-01*i)
WARNING, 3 imaginary frequencies at q = (-0.45,  0.15,  0.45) ; (omega_q = 2.321e-01*i)
WARNING, 5 imaginary frequencies at q = (-0.45,  0.25, -0.45) ; (omega_q = 2.879e-01*i)
WARNING, 6 imaginary frequencies at q = (-0.45,  0.25, -0.35) ; (omega_q = 4.591e-01*i)
WARNING, 6 imaginary frequencies at q = (-0.45,  0.25, -0.25) ; (omega_q = 4.956e-01*i)
WARNING, 5 imaginary frequencies at q = (-0.45,  0.25, -0.15) ; (omega_q = 4.266e-01*i)
WARNING, 3 imaginary frequencies at q = (-0.45,  0.25, -0.05) ; (omega_q = 2.393e-01*i)
WARNING, 4 imaginary frequencies at q = (-0.45,  0.25,  0.05) ; (omega_q = 3.041e-01*i)
WARNING, 6 imaginary frequencies at q = (-0.45,  0.25,  0.15) ; (omega_q = 4.661e-01*i)
WARNING, 6 imaginary frequencies at q = (-0.45,  0.25,  0.25) ; (omega_q = 4.957e-01*i)
WARNING, 5 imaginary frequencies at q = (-0.45,  0.25,  0.35) ; (omega_q = 4.212e-01*i)
WARNING, 3 imaginary frequencies at q = (-0.45,  0.25,  0.45) ; (omega_q = 2.576e-01*i)
WARNING, 4 imaginary frequencies at q = (-0.45,  0.35, -0.45) ; (omega_q = 2.693e-01*i)
WARNING, 6 imaginary frequencies at q = (-0.45,  0.35, -0.35) ; (omega_q = 4.470e-01*i)
WARNING, 6 imaginary frequencies at q = (-0.45,  0.35, -0.25) ; (omega_q = 5.031e-01*i)
WARNING, 6 imaginary frequencies at q = (-0.45,  0.35, -0.15) ; (omega_q = 4.383e-01*i)
WARNING, 3 imaginary frequencies at q = (-0.45,  0.35, -0.05) ; (omega_q = 2.298e-01*i)
WARNING, 3 imaginary frequencies at q = (-0.45,  0.35,  0.05) ; (omega_q = 2.726e-01*i)
WARNING, 6 imaginary frequencies at q = (-0.45,  0.35,  0.15) ; (omega_q = 4.511e-01*i)
WARNING, 6 imaginary frequencies at q = (-0.45,  0.35,  0.25) ; (omega_q = 4.974e-01*i)
WARNING, 5 imaginary frequencies at q = (-0.45,  0.35,  0.35) ; (omega_q = 4.346e-01*i)
WARNING, 3 imaginary frequencies at q = (-0.45,  0.35,  0.45) ; (omega_q = 2.465e-01*i)
WARNING, 4 imaginary frequencies at q = (-0.45,  0.45, -0.45) ; (omega_q = 2.638e-01*i)
WARNING, 6 imaginary frequencies at q = (-0.45,  0.45, -0.35) ; (omega_q = 4.481e-01*i)
WARNING, 6 imaginary frequencies at q = (-0.45,  0.45, -0.25) ; (omega_q = 5.093e-01*i)
WARNING, 5 imaginary frequencies at q = (-0.45,  0.45, -0.15) ; (omega_q = 4.307e-01*i)
WARNING, 3 imaginary frequencies at q = (-0.45,  0.45, -0.05) ; (omega_q = 1.896e-01*i)
WARNING, 4 imaginary frequencies at q = (-0.45,  0.45,  0.05) ; (omega_q = 2.574e-01*i)
WARNING, 6 imaginary frequencies at q = (-0.45,  0.45,  0.15) ; (omega_q = 4.513e-01*i)
WARNING, 6 imaginary frequencies at q = (-0.45,  0.45,  0.25) ; (omega_q = 5.084e-01*i)
WARNING, 6 imaginary frequencies at q = (-0.45,  0.45,  0.35) ; (omega_q = 4.317e-01*i)
WARNING, 3 imaginary frequencies at q = (-0.45,  0.45,  0.45) ; (omega_q = 2.171e-01*i)
WARNING, 5 imaginary frequencies at q = (-0.35, -0.45, -0.45) ; (omega_q = 4.201e-01*i)
WARNING, 6 imaginary frequencies at q = (-0.35, -0.45, -0.35) ; (omega_q = 4.807e-01*i)
WARNING, 7 imaginary frequencies at q = (-0.35, -0.45, -0.25) ; (omega_q = 4.851e-01*i)
WARNING, 6 imaginary frequencies at q = (-0.35, -0.45, -0.15) ; (omega_q = 4.198e-01*i)
WARNING, 5 imaginary frequencies at q = (-0.35, -0.45, -0.05) ; (omega_q = 3.606e-01*i)
WARNING, 5 imaginary frequencies at q = (-0.35, -0.45,  0.05) ; (omega_q = 4.184e-01*i)
WARNING, 7 imaginary frequencies at q = (-0.35, -0.45,  0.15) ; (omega_q = 4.847e-01*i)
WARNING, 7 imaginary frequencies at q = (-0.35, -0.45,  0.25) ; (omega_q = 4.892e-01*i)
WARNING, 6 imaginary frequencies at q = (-0.35, -0.45,  0.35) ; (omega_q = 4.371e-01*i)
WARNING, 5 imaginary frequencies at q = (-0.35, -0.45,  0.45) ; (omega_q = 3.705e-01*i)
WARNING, 6 imaginary frequencies at q = (-0.35, -0.35, -0.45) ; (omega_q = 4.209e-01*i)
WARNING, 7 imaginary frequencies at q = (-0.35, -0.35, -0.35) ; (omega_q = 4.781e-01*i)
WARNING, 7 imaginary frequencies at q = (-0.35, -0.35, -0.25) ; (omega_q = 4.832e-01*i)
WARNING, 6 imaginary frequencies at q = (-0.35, -0.35, -0.15) ; (omega_q = 4.232e-01*i)
WARNING, 5 imaginary frequencies at q = (-0.35, -0.35, -0.05) ; (omega_q = 3.790e-01*i)
WARNING, 5 imaginary frequencies at q = (-0.35, -0.35,  0.05) ; (omega_q = 4.238e-01*i)
WARNING, 7 imaginary frequencies at q = (-0.35, -0.35,  0.15) ; (omega_q = 4.764e-01*i)
WARNING, 7 imaginary frequencies at q = (-0.35, -0.35,  0.25) ; (omega_q = 4.786e-01*i)
WARNING, 6 imaginary frequencies at q = (-0.35, -0.35,  0.35) ; (omega_q = 4.321e-01*i)
WARNING, 5 imaginary frequencies at q = (-0.35, -0.35,  0.45) ; (omega_q = 3.802e-01*i)
WARNING, 5 imaginary frequencies at q = (-0.35, -0.25, -0.45) ; (omega_q = 4.154e-01*i)
WARNING, 6 imaginary frequencies at q = (-0.35, -0.25, -0.35) ; (omega_q = 4.702e-01*i)
WARNING, 7 imaginary frequencies at q = (-0.35, -0.25, -0.25) ; (omega_q = 4.868e-01*i)
WARNING, 6 imaginary frequencies at q = (-0.35, -0.25, -0.15) ; (omega_q = 4.292e-01*i)
WARNING, 5 imaginary frequencies at q = (-0.35, -0.25, -0.05) ; (omega_q = 3.725e-01*i)
WARNING, 5 imaginary frequencies at q = (-0.35, -0.25,  0.05) ; (omega_q = 4.055e-01*i)
WARNING, 7 imaginary frequencies at q = (-0.35, -0.25,  0.15) ; (omega_q = 4.561e-01*i)
WARNING, 7 imaginary frequencies at q = (-0.35, -0.25,  0.25) ; (omega_q = 4.791e-01*i)
WARNING, 7 imaginary frequencies at q = (-0.35, -0.25,  0.35) ; (omega_q = 4.362e-01*i)
WARNING, 5 imaginary frequencies at q = (-0.35, -0.25,  0.45) ; (omega_q = 3.779e-01*i)
WARNING, 5 imaginary frequencies at q = (-0.35, -0.15, -0.45) ; (omega_q = 4.095e-01*i)
WARNING, 6 imaginary frequencies at q = (-0.35, -0.15, -0.35) ; (omega_q = 4.648e-01*i)
WARNING, 7 imaginary frequencies at q = (-0.35, -0.15, -0.25) ; (omega_q = 4.900e-01*i)
WARNING, 7 imaginary frequencies at q = (-0.35, -0.15, -0.15) ; (omega_q = 4.289e-01*i)
WARNING, 5 imaginary frequencies at q = (-0.35, -0.15, -0.05) ; (omega_q = 3.536e-01*i)
WARNING, 5 imaginary frequencies at q = (-0.35, -0.15,  0.05) ; (omega_q = 3.977e-01*i)
WARNING, 7 imaginary frequencies at q = (-0.35, -0.15,  0.15) ; (omega_q = 4.581e-01*i)
WARNING, 7 imaginary frequencies at q = (-0.35, -0.15,  0.25) ; (omega_q = 4.873e-01*i)
WARNING, 6 imaginary frequencies at q = (-0.35, -0.15,  0.35) ; (omega_q = 4.409e-01*i)
WARNING, 5 imaginary frequencies at q = (-0.35, -0.15,  0.45) ; (omega_q = 3.682e-01*i)
WARNING, 5 imaginary frequencies at q = (-0.35, -0.05, -0.45) ; (omega_q = 4.106e-01*i)
WARNING, 6 imaginary frequencies at q = (-0.35, -0.05, -0.35) ; (omega_q = 4.673e-01*i)
WARNING, 7 imaginary frequencies at q = (-0.35, -0.05, -0.25) ; (omega_q = 4.920e-01*i)
WARNING, 7 imaginary frequencies at q = (-0.35, -0.05, -0.15) ; (omega_q = 4.232e-01*i)
WARNING, 5 imaginary frequencies at q = (-0.35, -0.05, -0.05) ; (omega_q = 3.505e-01*i)
WARNING, 5 imaginary frequencies at q = (-0.35, -0.05,  0.05) ; (omega_q = 4.092e-01*i)
WARNING, 6 imaginary frequencies at q = (-0.35, -0.05,  0.15) ; (omega_q = 4.711e-01*i)
WARNING, 6 imaginary frequencies at q = (-0.35, -0.05,  0.25) ; (omega_q = 4.962e-01*i)
WARNING, 6 imaginary frequencies at q = (-0.35, -0.05,  0.35) ; (omega_q = 4.383e-01*i)
WARNING, 4 imaginary frequencies at q = (-0.35, -0.05,  0.45) ; (omega_q = 3.628e-01*i)
WARNING, 5 imaginary frequencies at q = (-0.35,  0.05, -0.45) ; (omega_q = 4.210e-01*i)
WARNING, 6 imaginary frequencies at q = (-0.35,  0.05, -0.35) ; (omega_q = 4.752e-01*i)
WARNING, 7 imaginary frequencies at q = (-0.35,  0.05, -0.25) ; (omega_q = 4.871e-01*i)
WARNING, 6 imaginary frequencies at q = (-0.35,  0.05, -0.15) ; (omega_q = 4.158e-01*i)
WARNING, 5 imaginary frequencies at q = (-0.35,  0.05, -0.05) ; (omega_q = 3.638e-01*i)
WARNING, 5 imaginary frequencies at q = (-0.35,  0.05,  0.05) ; (omega_q = 4.255e-01*i)
WARNING, 6 imaginary frequencies at q = (-0.35,  0.05,  0.15) ; (omega_q = 4.849e-01*i)
WARNING, 6 imaginary frequencies at q = (-0.35,  0.05,  0.25) ; (omega_q = 4.964e-01*i)
WARNING, 6 imaginary frequencies at q = (-0.35,  0.05,  0.35) ; (omega_q = 4.308e-01*i)
WARNING, 4 imaginary frequencies at q = (-0.35,  0.05,  0.45) ; (omega_q = 3.678e-01*i)
WARNING, 6 imaginary frequencies at q = (-0.35,  0.15, -0.45) ; (omega_q = 4.268e-01*i)
WARNING, 6 imaginary frequencies at q = (-0.35,  0.15, -0.35) ; (omega_q = 4.696e-01*i)
WARNING, 6 imaginary frequencies at q = (-0.35,  0.15, -0.25) ; (omega_q = 4.771e-01*i)
WARNING, 6 imaginary frequencies at q = (-0.35,  0.15, -0.15) ; (omega_q = 4.221e-01*i)
WARNING, 5 imaginary frequencies at q = (-0.35,  0.15, -0.05) ; (omega_q = 3.746e-01*i)
WARNING, 5 imaginary frequencies at q = (-0.35,  0.15,  0.05) ; (omega_q = 4.311e-01*i)
WARNING, 6 imaginary frequencies at q = (-0.35,  0.15,  0.15) ; (omega_q = 4.835e-01*i)
WARNING, 6 imaginary frequencies at q = (-0.35,  0.15,  0.25) ; (omega_q = 4.870e-01*i)
WARNING, 6 imaginary frequencies at q = (-0.35,  0.15,  0.35) ; (omega_q = 4.321e-01*i)
WARNING, 4 imaginary frequencies at q = (-0.35,  0.15,  0.45) ; (omega_q = 3.844e-01*i)
WARNING, 6 imaginary frequencies at q = (-0.35,  0.25, -0.45) ; (omega_q = 4.224e-01*i)
WARNING, 6 imaginary frequencies at q = (-0.35,  0.25, -0.35) ; (omega_q = 4.616e-01*i)
WARNING, 7 imaginary frequencies at q = (-0.35,  0.25, -0.25) ; (omega_q = 4.791e-01*i)
WARNING, 7 imaginary frequencies at q = (-0.35,  0.25, -0.15) ; (omega_q = 4.282e-01*i)
WARNING, 5 imaginary frequencies at q = (-0.35,  0.25, -0.05) ; (omega_q = 3.664e-01*i)
WARNING, 5 imaginary frequencies at q = (-0.35,  0.25,  0.05) ; (omega_q = 4.210e-01*i)
WARNING, 6 imaginary frequencies at q = (-0.35,  0.25,  0.15) ; (omega_q = 4.710e-01*i)
WARNING, 7 imaginary frequencies at q = (-0.35,  0.25,  0.25) ; (omega_q = 4.800e-01*i)
WARNING, 6 imaginary frequencies at q = (-0.35,  0.25,  0.35) ; (omega_q = 4.422e-01*i)
WARNING, 5 imaginary frequencies at q = (-0.35,  0.25,  0.45) ; (omega_q = 3.891e-01*i)
WARNING, 6 imaginary frequencies at q = (-0.35,  0.35, -0.45) ; (omega_q = 4.133e-01*i)
WARNING, 6 imaginary frequencies at q = (-0.35,  0.35, -0.35) ; (omega_q = 4.593e-01*i)
WARNING, 7 imaginary frequencies at q = (-0.35,  0.35, -0.25) ; (omega_q = 4.804e-01*i)
WARNING, 6 imaginary frequencies at q = (-0.35,  0.35, -0.15) ; (omega_q = 4.267e-01*i)
WARNING, 5 imaginary frequencies at q = (-0.35,  0.35, -0.05) ; (omega_q = 3.487e-01*i)
WARNING, 5 imaginary frequencies at q = (-0.35,  0.35,  0.05) ; (omega_q = 4.075e-01*i)
WARNING, 7 imaginary frequencies at q = (-0.35,  0.35,  0.15) ; (omega_q = 4.636e-01*i)
WARNING, 7 imaginary frequencies at q = (-0.35,  0.35,  0.25) ; (omega_q = 4.835e-01*i)
WARNING, 6 imaginary frequencies at q = (-0.35,  0.35,  0.35) ; (omega_q = 4.476e-01*i)
WARNING, 5 imaginary frequencies at q = (-0.35,  0.35,  0.45) ; (omega_q = 3.786e-01*i)
WARNING, 5 imaginary frequencies at q = (-0.35,  0.45, -0.45) ; (omega_q = 4.127e-01*i)
WARNING, 7 imaginary frequencies at q = (-0.35,  0.45, -0.35) ; (omega_q = 4.675e-01*i)
WARNING, 7 imaginary frequencies at q = (-0.35,  0.45, -0.25) ; (omega_q = 4.839e-01*i)
WARNING, 6 imaginary frequencies at q = (-0.35,  0.45, -0.15) ; (omega_q = 4.236e-01*i)
WARNING, 5 imaginary frequencies at q = (-0.35,  0.45, -0.05) ; (omega_q = 3.441e-01*i)
WARNING, 5 imaginary frequencies at q = (-0.35,  0.45,  0.05) ; (omega_q = 4.052e-01*i)
WARNING, 7 imaginary frequencies at q = (-0.35,  0.45,  0.15) ; (omega_q = 4.707e-01*i)
WARNING, 7 imaginary frequencies at q = (-0.35,  0.45,  0.25) ; (omega_q = 4.904e-01*i)
WARNING, 6 imaginary frequencies at q = (-0.35,  0.45,  0.35) ; (omega_q = 4.453e-01*i)
WARNING, 5 imaginary frequencies at q = (-0.35,  0.45,  0.45) ; (omega_q = 3.688e-01*i)
WARNING, 6 imaginary frequencies at q = (-0.25, -0.45, -0.45) ; (omega_q = 4.409e-01*i)
WARNING, 7 imaginary frequencies at q = (-0.25, -0.45, -0.35) ; (omega_q = 4.557e-01*i)
WARNING, 7 imaginary frequencies at q = (-0.25, -0.45, -0.25) ; (omega_q = 4.779e-01*i)
WARNING, 7 imaginary frequencies at q = (-0.25, -0.45, -0.15) ; (omega_q = 4.591e-01*i)
WARNING, 5 imaginary frequencies at q = (-0.25, -0.45, -0.05) ; (omega_q = 4.361e-01*i)
WARNING, 6 imaginary frequencies at q = (-0.25, -0.45,  0.05) ; (omega_q = 4.380e-01*i)
WARNING, 7 imaginary frequencies at q = (-0.25, -0.45,  0.15) ; (omega_q = 4.524e-01*i)
WARNING, 7 imaginary frequencies at q = (-0.25, -0.45,  0.25) ; (omega_q = 4.891e-01*i)
WARNING, 6 imaginary frequencies at q = (-0.25, -0.45,  0.35) ; (omega_q = 4.809e-01*i)
WARNING, 5 imaginary frequencies at q = (-0.25, -0.45,  0.45) ; (omega_q = 4.466e-01*i)
WARNING, 6 imaginary frequencies at q = (-0.25, -0.35, -0.45) ; (omega_q = 4.490e-01*i)
WARNING, 7 imaginary frequencies at q = (-0.25, -0.35, -0.35) ; (omega_q = 4.633e-01*i)
WARNING, 7 imaginary frequencies at q = (-0.25, -0.35, -0.25) ; (omega_q = 4.797e-01*i)
WARNING, 6 imaginary frequencies at q = (-0.25, -0.35, -0.15) ; (omega_q = 4.610e-01*i)
WARNING, 5 imaginary frequencies at q = (-0.25, -0.35, -0.05) ; (omega_q = 4.398e-01*i)
WARNING, 6 imaginary frequencies at q = (-0.25, -0.35,  0.05) ; (omega_q = 4.393e-01*i)
WARNING, 7 imaginary frequencies at q = (-0.25, -0.35,  0.15) ; (omega_q = 4.563e-01*i)
WARNING, 8 imaginary frequencies at q = (-0.25, -0.35,  0.25) ; (omega_q = 4.874e-01*i)
WARNING, 6 imaginary frequencies at q = (-0.25, -0.35,  0.35) ; (omega_q = 4.772e-01*i)
WARNING, 6 imaginary frequencies at q = (-0.25, -0.35,  0.45) ; (omega_q = 4.502e-01*i)
WARNING, 6 imaginary frequencies at q = (-0.25, -0.25, -0.45) ; (omega_q = 4.541e-01*i)
WARNING, 7 imaginary frequencies at q = (-0.25, -0.25, -0.35) ; (omega_q = 4.674e-01*i)
WARNING, 7 imaginary frequencies at q = (-0.25, -0.25, -0.25) ; (omega_q = 4.827e-01*i)
WARNING, 7 imaginary frequencies at q = (-0.25, -0.25, -0.15) ; (omega_q = 4.624e-01*i)
WARNING, 5 imaginary frequencies at q = (-0.25, -0.25, -0.05) ; (omega_q = 4.349e-01*i)
WARNING, 6 imaginary frequencies at q = (-0.25, -0.25,  0.05) ; (omega_q = 4.364e-01*i)
WARNING, 7 imaginary frequencies at q = (-0.25, -0.25,  0.15) ; (omega_q = 4.580e-01*i)
WARNING, 7 imaginary frequencies at q = (-0.25, -0.25,  0.25) ; (omega_q = 4.891e-01*i)
WARNING, 7 imaginary frequencies at q = (-0.25, -0.25,  0.35) ; (omega_q = 4.778e-01*i)
WARNING, 6 imaginary frequencies at q = (-0.25, -0.25,  0.45) ; (omega_q = 4.510e-01*i)
WARNING, 6 imaginary frequencies at q = (-0.25, -0.15, -0.45) ; (omega_q = 4.505e-01*i)
WARNING, 7 imaginary frequencies at q = (-0.25, -0.15, -0.35) ; (omega_q = 4.611e-01*i)
WARNING, 7 imaginary frequencies at q = (-0.25, -0.15, -0.25) ; (omega_q = 4.797e-01*i)
WARNING, 7 imaginary frequencies at q = (-0.25, -0.15, -0.15) ; (omega_q = 4.605e-01*i)
WARNING, 5 imaginary frequencies at q = (-0.25, -0.15, -0.05) ; (omega_q = 4.353e-01*i)
WARNING, 6 imaginary frequencies at q = (-0.25, -0.15,  0.05) ; (omega_q = 4.375e-01*i)
WARNING, 7 imaginary frequencies at q = (-0.25, -0.15,  0.15) ; (omega_q = 4.554e-01*i)
WARNING, 7 imaginary frequencies at q = (-0.25, -0.15,  0.25) ; (omega_q = 4.923e-01*i)
WARNING, 7 imaginary frequencies at q = (-0.25, -0.15,  0.35) ; (omega_q = 4.797e-01*i)
WARNING, 6 imaginary frequencies at q = (-0.25, -0.15,  0.45) ; (omega_q = 4.498e-01*i)
WARNING, 6 imaginary frequencies at q = (-0.25, -0.05, -0.45) ; (omega_q = 4.421e-01*i)
WARNING, 7 imaginary frequencies at q = (-0.25, -0.05, -0.35) ; (omega_q = 4.534e-01*i)
WARNING, 7 imaginary frequencies at q = (-0.25, -0.05, -0.25) ; (omega_q = 4.782e-01*i)
WARNING, 7 imaginary frequencies at q = (-0.25, -0.05, -0.15) ; (omega_q = 4.581e-01*i)
WARNING, 5 imaginary frequencies at q = (-0.25, -0.05, -0.05) ; (omega_q = 4.399e-01*i)
WARNING, 6 imaginary frequencies at q = (-0.25, -0.05,  0.05) ; (omega_q = 4.412e-01*i)
WARNING, 6 imaginary frequencies at q = (-0.25, -0.05,  0.15) ; (omega_q = 4.522e-01*i)
WARNING, 7 imaginary frequencies at q = (-0.25, -0.05,  0.25) ; (omega_q = 4.946e-01*i)
WARNING, 7 imaginary frequencies at q = (-0.25, -0.05,  0.35) ; (omega_q = 4.776e-01*i)
WARNING, 6 imaginary frequencies at q = (-0.25, -0.05,  0.45) ; (omega_q = 4.444e-01*i)
WARNING, 6 imaginary frequencies at q = (-0.25,  0.05, -0.45) ; (omega_q = 4.477e-01*i)
WARNING, 6 imaginary frequencies at q = (-0.25,  0.05, -0.35) ; (omega_q = 4.565e-01*i)
WARNING, 7 imaginary frequencies at q = (-0.25,  0.05, -0.25) ; (omega_q = 4.759e-01*i)
WARNING, 6 imaginary frequencies at q = (-0.25,  0.05, -0.15) ; (omega_q = 4.579e-01*i)
WARNING, 5 imaginary frequencies at q = (-0.25,  0.05, -0.05) ; (omega_q = 4.421e-01*i)
WARNING, 6 imaginary frequencies at q = (-0.25,  0.05,  0.05) ; (omega_q = 4.453e-01*i)
WARNING, 7 imaginary frequencies at q = (-0.25,  0.05,  0.15) ; (omega_q = 4.521e-01*i)
WARNING, 7 imaginary frequencies at q = (-0.25,  0.05,  0.25) ; (omega_q = 4.918e-01*i)
WARNING, 7 imaginary frequencies at q = (-0.25,  0.05,  0.35) ; (omega_q = 4.742e-01*i)
WARNING, 6 imaginary frequencies at q = (-0.25,  0.05,  0.45) ; (omega_q = 4.460e-01*i)
WARNING, 6 imaginary frequencies at q = (-0.25,  0.15, -0.45) ; (omega_q = 4.569e-01*i)
WARNING, 7 imaginary frequencies at q = (-0.25,  0.15, -0.35) ; (omega_q = 4.680e-01*i)
WARNING, 7 imaginary frequencies at q = (-0.25,  0.15, -0.25) ; (omega_q = 4.776e-01*i)
WARNING, 7 imaginary frequencies at q = (-0.25,  0.15, -0.15) ; (omega_q = 4.636e-01*i)
WARNING, 6 imaginary frequencies at q = (-0.25,  0.15, -0.05) ; (omega_q = 4.396e-01*i)
WARNING, 6 imaginary frequencies at q = (-0.25,  0.15,  0.05) ; (omega_q = 4.445e-01*i)
WARNING, 7 imaginary frequencies at q = (-0.25,  0.15,  0.15) ; (omega_q = 4.507e-01*i)
WARNING, 7 imaginary frequencies at q = (-0.25,  0.15,  0.25) ; (omega_q = 4.853e-01*i)
WARNING, 6 imaginary frequencies at q = (-0.25,  0.15,  0.35) ; (omega_q = 4.777e-01*i)
WARNING, 6 imaginary frequencies at q = (-0.25,  0.15,  0.45) ; (omega_q = 4.565e-01*i)
WARNING, 6 imaginary frequencies at q = (-0.25,  0.25, -0.45) ; (omega_q = 4.592e-01*i)
WARNING, 7 imaginary frequencies at q = (-0.25,  0.25, -0.35) ; (omega_q = 4.711e-01*i)
WARNING, 7 imaginary frequencies at q = (-0.25,  0.25, -0.25) ; (omega_q = 4.802e-01*i)
WARNING, 7 imaginary frequencies at q = (-0.25,  0.25, -0.15) ; (omega_q = 4.661e-01*i)
WARNING, 6 imaginary frequencies at q = (-0.25,  0.25, -0.05) ; (omega_q = 4.327e-01*i)
WARNING, 6 imaginary frequencies at q = (-0.25,  0.25,  0.05) ; (omega_q = 4.386e-01*i)
WARNING, 7 imaginary frequencies at q = (-0.25,  0.25,  0.15) ; (omega_q = 4.494e-01*i)
WARNING, 7 imaginary frequencies at q = (-0.25,  0.25,  0.25) ; (omega_q = 4.855e-01*i)
WARNING, 6 imaginary frequencies at q = (-0.25,  0.25,  0.35) ; (omega_q = 4.852e-01*i)
WARNING, 6 imaginary frequencies at q = (-0.25,  0.25,  0.45) ; (omega_q = 4.601e-01*i)
WARNING, 6 imaginary frequencies at q = (-0.25,  0.35, -0.45) ; (omega_q = 4.512e-01*i)
WARNING, 7 imaginary frequencies at q = (-0.25,  0.35, -0.35) ; (omega_q = 4.608e-01*i)
WARNING, 6 imaginary frequencies at q = (-0.25,  0.35, -0.25) ; (omega_q = 4.777e-01*i)
WARNING, 7 imaginary frequencies at q = (-0.25,  0.35, -0.15) ; (omega_q = 4.646e-01*i)
WARNING, 5 imaginary frequencies at q = (-0.25,  0.35, -0.05) ; (omega_q = 4.267e-01*i)
WARNING, 6 imaginary frequencies at q = (-0.25,  0.35,  0.05) ; (omega_q = 4.327e-01*i)
WARNING, 7 imaginary frequencies at q = (-0.25,  0.35,  0.15) ; (omega_q = 4.496e-01*i)
WARNING, 7 imaginary frequencies at q = (-0.25,  0.35,  0.25) ; (omega_q = 4.888e-01*i)
WARNING, 6 imaginary frequencies at q = (-0.25,  0.35,  0.35) ; (omega_q = 4.878e-01*i)
WARNING, 5 imaginary frequencies at q = (-0.25,  0.35,  0.45) ; (omega_q = 4.547e-01*i)
WARNING, 6 imaginary frequencies at q = (-0.25,  0.45, -0.45) ; (omega_q = 4.406e-01*i)
WARNING, 7 imaginary frequencies at q = (-0.25,  0.45, -0.35) ; (omega_q = 4.524e-01*i)
WARNING, 7 imaginary frequencies at q = (-0.25,  0.45, -0.25) ; (omega_q = 4.784e-01*i)
WARNING, 7 imaginary frequencies at q = (-0.25,  0.45, -0.15) ; (omega_q = 4.620e-01*i)
WARNING, 5 imaginary frequencies at q = (-0.25,  0.45, -0.05) ; (omega_q = 4.280e-01*i)
WARNING, 6 imaginary frequencies at q = (-0.25,  0.45,  0.05) ; (omega_q = 4.318e-01*i)
WARNING, 7 imaginary frequencies at q = (-0.25,  0.45,  0.15) ; (omega_q = 4.496e-01*i)
WARNING, 6 imaginary frequencies at q = (-0.25,  0.45,  0.25) ; (omega_q = 4.901e-01*i)
WARNING, 6 imaginary frequencies at q = (-0.25,  0.45,  0.35) ; (omega_q = 4.855e-01*i)
WARNING, 5 imaginary frequencies at q = (-0.25,  0.45,  0.45) ; (omega_q = 4.449e-01*i)
WARNING, 5 imaginary frequencies at q = (-0.15, -0.45, -0.45) ; (omega_q = 3.744e-01*i)
WARNING, 7 imaginary frequencies at q = (-0.15, -0.45, -0.35) ; (omega_q = 3.973e-01*i)
WARNING, 7 imaginary frequencies at q = (-0.15, -0.45, -0.25) ; (omega_q = 4.887e-01*i)
WARNING, 7 imaginary frequencies at q = (-0.15, -0.45, -0.15) ; (omega_q = 4.799e-01*i)
WARNING, 5 imaginary frequencies at q = (-0.15, -0.45, -0.05) ; (omega_q = 4.167e-01*i)
WARNING, 6 imaginary frequencies at q = (-0.15, -0.45,  0.05) ; (omega_q = 3.673e-01*i)
WARNING, 6 imaginary frequencies at q = (-0.15, -0.45,  0.15) ; (omega_q = 4.008e-01*i)
WARNING, 6 imaginary frequencies at q = (-0.15, -0.45,  0.25) ; (omega_q = 4.898e-01*i)
WARNING, 6 imaginary frequencies at q = (-0.15, -0.45,  0.35) ; (omega_q = 4.850e-01*i)
WARNING, 6 imaginary frequencies at q = (-0.15, -0.45,  0.45) ; (omega_q = 4.256e-01*i)
WARNING, 6 imaginary frequencies at q = (-0.15, -0.35, -0.45) ; (omega_q = 3.847e-01*i)
WARNING, 7 imaginary frequencies at q = (-0.15, -0.35, -0.35) ; (omega_q = 4.078e-01*i)
WARNING, 7 imaginary frequencies at q = (-0.15, -0.35, -0.25) ; (omega_q = 4.847e-01*i)
WARNING, 7 imaginary frequencies at q = (-0.15, -0.35, -0.15) ; (omega_q = 4.780e-01*i)
WARNING, 5 imaginary frequencies at q = (-0.15, -0.35, -0.05) ; (omega_q = 4.129e-01*i)
WARNING, 6 imaginary frequencies at q = (-0.15, -0.35,  0.05) ; (omega_q = 3.739e-01*i)
WARNING, 6 imaginary frequencies at q = (-0.15, -0.35,  0.15) ; (omega_q = 4.097e-01*i)
WARNING, 7 imaginary frequencies at q = (-0.15, -0.35,  0.25) ; (omega_q = 4.857e-01*i)
WARNING, 6 imaginary frequencies at q = (-0.15, -0.35,  0.35) ; (omega_q = 4.815e-01*i)
WARNING, 6 imaginary frequencies at q = (-0.15, -0.35,  0.45) ; (omega_q = 4.242e-01*i)
WARNING, 6 imaginary frequencies at q = (-0.15, -0.25, -0.45) ; (omega_q = 3.964e-01*i)
WARNING, 7 imaginary frequencies at q = (-0.15, -0.25, -0.35) ; (omega_q = 4.181e-01*i)
WARNING, 7 imaginary frequencies at q = (-0.15, -0.25, -0.25) ; (omega_q = 4.861e-01*i)
WARNING, 7 imaginary frequencies at q = (-0.15, -0.25, -0.15) ; (omega_q = 4.805e-01*i)
WARNING, 6 imaginary frequencies at q = (-0.15, -0.25, -0.05) ; (omega_q = 4.141e-01*i)
WARNING, 6 imaginary frequencies at q = (-0.15, -0.25,  0.05) ; (omega_q = 3.833e-01*i)
WARNING, 7 imaginary frequencies at q = (-0.15, -0.25,  0.15) ; (omega_q = 4.171e-01*i)
WARNING, 7 imaginary frequencies at q = (-0.15, -0.25,  0.25) ; (omega_q = 4.875e-01*i)
WARNING, 6 imaginary frequencies at q = (-0.15, -0.25,  0.35) ; (omega_q = 4.840e-01*i)
WARNING, 6 imaginary frequencies at q = (-0.15, -0.25,  0.45) ; (omega_q = 4.272e-01*i)
WARNING, 5 imaginary frequencies at q = (-0.15, -0.15, -0.45) ; (omega_q = 3.931e-01*i)
WARNING, 7 imaginary frequencies at q = (-0.15, -0.15, -0.35) ; (omega_q = 4.125e-01*i)
WARNING, 7 imaginary frequencies at q = (-0.15, -0.15, -0.25) ; (omega_q = 4.895e-01*i)
WARNING, 7 imaginary frequencies at q = (-0.15, -0.15, -0.15) ; (omega_q = 4.857e-01*i)
WARNING, 5 imaginary frequencies at q = (-0.15, -0.15, -0.05) ; (omega_q = 4.240e-01*i)
WARNING, 6 imaginary frequencies at q = (-0.15, -0.15,  0.05) ; (omega_q = 3.839e-01*i)
WARNING, 7 imaginary frequencies at q = (-0.15, -0.15,  0.15) ; (omega_q = 4.121e-01*i)
WARNING, 7 imaginary frequencies at q = (-0.15, -0.15,  0.25) ; (omega_q = 4.918e-01*i)
WARNING, 7 imaginary frequencies at q = (-0.15, -0.15,  0.35) ; (omega_q = 4.896e-01*i)
WARNING, 6 imaginary frequencies at q = (-0.15, -0.15,  0.45) ; (omega_q = 4.299e-01*i)
WARNING, 6 imaginary frequencies at q = (-0.15, -0.05, -0.45) ; (omega_q = 3.803e-01*i)
WARNING, 7 imaginary frequencies at q = (-0.15, -0.05, -0.35) ; (omega_q = 4.022e-01*i)
WARNING, 7 imaginary frequencies at q = (-0.15, -0.05, -0.25) ; (omega_q = 4.930e-01*i)
WARNING, 7 imaginary frequencies at q = (-0.15, -0.05, -0.15) ; (omega_q = 4.907e-01*i)
WARNING, 5 imaginary frequencies at q = (-0.15, -0.05, -0.05) ; (omega_q = 4.265e-01*i)
WARNING, 5 imaginary frequencies at q = (-0.15, -0.05,  0.05) ; (omega_q = 3.731e-01*i)
WARNING, 7 imaginary frequencies at q = (-0.15, -0.05,  0.15) ; (omega_q = 4.025e-01*i)
WARNING, 7 imaginary frequencies at q = (-0.15, -0.05,  0.25) ; (omega_q = 4.948e-01*i)
WARNING, 7 imaginary frequencies at q = (-0.15, -0.05,  0.35) ; (omega_q = 4.934e-01*i)
WARNING, 6 imaginary frequencies at q = (-0.15, -0.05,  0.45) ; (omega_q = 4.299e-01*i)
WARNING, 6 imaginary frequencies at q = (-0.15,  0.05, -0.45) ; (omega_q = 3.777e-01*i)
WARNING, 7 imaginary frequencies at q = (-0.15,  0.05, -0.35) ; (omega_q = 4.019e-01*i)
WARNING, 7 imaginary frequencies at q = (-0.15,  0.05, -0.25) ; (omega_q = 4.945e-01*i)
WARNING, 7 imaginary frequencies at q = (-0.15,  0.05, -0.15) ; (omega_q = 4.933e-01*i)
WARNING, 5 imaginary frequencies at q = (-0.15,  0.05, -0.05) ; (omega_q = 4.226e-01*i)
WARNING, 5 imaginary frequencies at q = (-0.15,  0.05,  0.05) ; (omega_q = 3.635e-01*i)
WARNING, 7 imaginary frequencies at q = (-0.15,  0.05,  0.15) ; (omega_q = 4.035e-01*i)
WARNING, 7 imaginary frequencies at q = (-0.15,  0.05,  0.25) ; (omega_q = 4.942e-01*i)
WARNING, 6 imaginary frequencies at q = (-0.15,  0.05,  0.35) ; (omega_q = 4.952e-01*i)
WARNING, 6 imaginary frequencies at q = (-0.15,  0.05,  0.45) ; (omega_q = 4.307e-01*i)
WARNING, 6 imaginary frequencies at q = (-0.15,  0.15, -0.45) ; (omega_q = 3.889e-01*i)
WARNING, 6 imaginary frequencies at q = (-0.15,  0.15, -0.35) ; (omega_q = 4.143e-01*i)
WARNING, 7 imaginary frequencies at q = (-0.15,  0.15, -0.25) ; (omega_q = 4.958e-01*i)
WARNING, 6 imaginary frequencies at q = (-0.15,  0.15, -0.15) ; (omega_q = 4.931e-01*i)
WARNING, 6 imaginary frequencies at q = (-0.15,  0.15, -0.05) ; (omega_q = 4.160e-01*i)
WARNING, 6 imaginary frequencies at q = (-0.15,  0.15,  0.05) ; (omega_q = 3.611e-01*i)
WARNING, 7 imaginary frequencies at q = (-0.15,  0.15,  0.15) ; (omega_q = 4.044e-01*i)
WARNING, 7 imaginary frequencies at q = (-0.15,  0.15,  0.25) ; (omega_q = 4.936e-01*i)
WARNING, 6 imaginary frequencies at q = (-0.15,  0.15,  0.35) ; (omega_q = 4.960e-01*i)
WARNING, 6 imaginary frequencies at q = (-0.15,  0.15,  0.45) ; (omega_q = 4.317e-01*i)
WARNING, 6 imaginary frequencies at q = (-0.15,  0.25, -0.45) ; (omega_q = 3.992e-01*i)
WARNING, 6 imaginary frequencies at q = (-0.15,  0.25, -0.35) ; (omega_q = 4.220e-01*i)
WARNING, 7 imaginary frequencies at q = (-0.15,  0.25, -0.25) ; (omega_q = 4.964e-01*i)
WARNING, 6 imaginary frequencies at q = (-0.15,  0.25, -0.15) ; (omega_q = 4.907e-01*i)
WARNING, 6 imaginary frequencies at q = (-0.15,  0.25, -0.05) ; (omega_q = 4.107e-01*i)
WARNING, 6 imaginary frequencies at q = (-0.15,  0.25,  0.05) ; (omega_q = 3.651e-01*i)
WARNING, 6 imaginary frequencies at q = (-0.15,  0.25,  0.15) ; (omega_q = 4.102e-01*i)
WARNING, 6 imaginary frequencies at q = (-0.15,  0.25,  0.25) ; (omega_q = 4.950e-01*i)
WARNING, 6 imaginary frequencies at q = (-0.15,  0.25,  0.35) ; (omega_q = 4.967e-01*i)
WARNING, 6 imaginary frequencies at q = (-0.15,  0.25,  0.45) ; (omega_q = 4.348e-01*i)
WARNING, 6 imaginary frequencies at q = (-0.15,  0.35, -0.45) ; (omega_q = 3.916e-01*i)
WARNING, 6 imaginary frequencies at q = (-0.15,  0.35, -0.35) ; (omega_q = 4.115e-01*i)
WARNING, 7 imaginary frequencies at q = (-0.15,  0.35, -0.25) ; (omega_q = 4.956e-01*i)
WARNING, 7 imaginary frequencies at q = (-0.15,  0.35, -0.15) ; (omega_q = 4.873e-01*i)
WARNING, 6 imaginary frequencies at q = (-0.15,  0.35, -0.05) ; (omega_q = 4.116e-01*i)
WARNING, 5 imaginary frequencies at q = (-0.15,  0.35,  0.05) ; (omega_q = 3.666e-01*i)
WARNING, 6 imaginary frequencies at q = (-0.15,  0.35,  0.15) ; (omega_q = 4.084e-01*i)
WARNING, 6 imaginary frequencies at q = (-0.15,  0.35,  0.25) ; (omega_q = 4.961e-01*i)
WARNING, 6 imaginary frequencies at q = (-0.15,  0.35,  0.35) ; (omega_q = 4.956e-01*i)
WARNING, 6 imaginary frequencies at q = (-0.15,  0.35,  0.45) ; (omega_q = 4.325e-01*i)
WARNING, 5 imaginary frequencies at q = (-0.15,  0.45, -0.45) ; (omega_q = 3.771e-01*i)
WARNING, 6 imaginary frequencies at q = (-0.15,  0.45, -0.35) ; (omega_q = 3.992e-01*i)
WARNING, 7 imaginary frequencies at q = (-0.15,  0.45, -0.25) ; (omega_q = 4.937e-01*i)
WARNING, 7 imaginary frequencies at q = (-0.15,  0.45, -0.15) ; (omega_q = 4.837e-01*i)
WARNING, 5 imaginary frequencies at q = (-0.15,  0.45, -0.05) ; (omega_q = 4.156e-01*i)
WARNING, 5 imaginary frequencies at q = (-0.15,  0.45,  0.05) ; (omega_q = 3.649e-01*i)
WARNING, 6 imaginary frequencies at q = (-0.15,  0.45,  0.15) ; (omega_q = 3.985e-01*i)
WARNING, 6 imaginary frequencies at q = (-0.15,  0.45,  0.25) ; (omega_q = 4.949e-01*i)
WARNING, 6 imaginary frequencies at q = (-0.15,  0.45,  0.35) ; (omega_q = 4.911e-01*i)
WARNING, 5 imaginary frequencies at q = (-0.15,  0.45,  0.45) ; (omega_q = 4.277e-01*i)
WARNING, 4 imaginary frequencies at q = (-0.05, -0.45, -0.45) ; (omega_q = 1.688e-01*i)
WARNING, 6 imaginary frequencies at q = (-0.05, -0.45, -0.35) ; (omega_q = 4.134e-01*i)
WARNING, 6 imaginary frequencies at q = (-0.05, -0.45, -0.25) ; (omega_q = 5.056e-01*i)
WARNING, 6 imaginary frequencies at q = (-0.05, -0.45, -0.15) ; (omega_q = 4.699e-01*i)
WARNING, 5 imaginary frequencies at q = (-0.05, -0.45, -0.05) ; (omega_q = 2.833e-01*i)
WARNING, 4 imaginary frequencies at q = (-0.05, -0.45,  0.05) ; (omega_q = 1.927e-01*i)
WARNING, 6 imaginary frequencies at q = (-0.05, -0.45,  0.15) ; (omega_q = 4.134e-01*i)
WARNING, 6 imaginary frequencies at q = (-0.05, -0.45,  0.25) ; (omega_q = 5.049e-01*i)
WARNING, 6 imaginary frequencies at q = (-0.05, -0.45,  0.35) ; (omega_q = 4.696e-01*i)
WARNING, 5 imaginary frequencies at q = (-0.05, -0.45,  0.45) ; (omega_q = 2.844e-01*i)
WARNING, 5 imaginary frequencies at q = (-0.05, -0.35, -0.45) ; (omega_q = 2.196e-01*i)
WARNING, 6 imaginary frequencies at q = (-0.05, -0.35, -0.35) ; (omega_q = 4.079e-01*i)
WARNING, 6 imaginary frequencies at q = (-0.05, -0.35, -0.25) ; (omega_q = 5.070e-01*i)
WARNING, 6 imaginary frequencies at q = (-0.05, -0.35, -0.15) ; (omega_q = 4.724e-01*i)
WARNING, 5 imaginary frequencies at q = (-0.05, -0.35, -0.05) ; (omega_q = 2.847e-01*i)
WARNING, 5 imaginary frequencies at q = (-0.05, -0.35,  0.05) ; (omega_q = 2.353e-01*i)
WARNING, 6 imaginary frequencies at q = (-0.05, -0.35,  0.15) ; (omega_q = 4.074e-01*i)
WARNING, 6 imaginary frequencies at q = (-0.05, -0.35,  0.25) ; (omega_q = 5.060e-01*i)
WARNING, 6 imaginary frequencies at q = (-0.05, -0.35,  0.35) ; (omega_q = 4.723e-01*i)
WARNING, 5 imaginary frequencies at q = (-0.05, -0.35,  0.45) ; (omega_q = 2.868e-01*i)
WARNING, 5 imaginary frequencies at q = (-0.05, -0.25, -0.45) ; (omega_q = 2.546e-01*i)
WARNING, 6 imaginary frequencies at q = (-0.05, -0.25, -0.35) ; (omega_q = 4.040e-01*i)
WARNING, 6 imaginary frequencies at q = (-0.05, -0.25, -0.25) ; (omega_q = 5.130e-01*i)
WARNING, 6 imaginary frequencies at q = (-0.05, -0.25, -0.15) ; (omega_q = 4.767e-01*i)
WARNING, 5 imaginary frequencies at q = (-0.05, -0.25, -0.05) ; (omega_q = 3.040e-01*i)
WARNING, 5 imaginary frequencies at q = (-0.05, -0.25,  0.05) ; (omega_q = 2.676e-01*i)
WARNING, 6 imaginary frequencies at q = (-0.05, -0.25,  0.15) ; (omega_q = 4.023e-01*i)
WARNING, 6 imaginary frequencies at q = (-0.05, -0.25,  0.25) ; (omega_q = 5.117e-01*i)
WARNING, 6 imaginary frequencies at q = (-0.05, -0.25,  0.35) ; (omega_q = 4.767e-01*i)
WARNING, 6 imaginary frequencies at q = (-0.05, -0.25,  0.45) ; (omega_q = 3.013e-01*i)
WARNING, 5 imaginary frequencies at q = (-0.05, -0.15, -0.45) ; (omega_q = 2.337e-01*i)
WARNING, 6 imaginary frequencies at q = (-0.05, -0.15, -0.35) ; (omega_q = 4.084e-01*i)
WARNING, 6 imaginary frequencies at q = (-0.05, -0.15, -0.25) ; (omega_q = 5.197e-01*i)
WARNING, 7 imaginary frequencies at q = (-0.05, -0.15, -0.15) ; (omega_q = 4.816e-01*i)
WARNING, 5 imaginary frequencies at q = (-0.05, -0.15, -0.05) ; (omega_q = 3.003e-01*i)
WARNING, 5 imaginary frequencies at q = (-0.05, -0.15,  0.05) ; (omega_q = 2.468e-01*i)
WARNING, 6 imaginary frequencies at q = (-0.05, -0.15,  0.15) ; (omega_q = 4.057e-01*i)
WARNING, 6 imaginary frequencies at q = (-0.05, -0.15,  0.25) ; (omega_q = 5.183e-01*i)
WARNING, 6 imaginary frequencies at q = (-0.05, -0.15,  0.35) ; (omega_q = 4.813e-01*i)
WARNING, 5 imaginary frequencies at q = (-0.05, -0.15,  0.45) ; (omega_q = 3.006e-01*i)
WARNING, 4 imaginary frequencies at q = (-0.05, -0.05, -0.45) ; (omega_q = 1.829e-01*i)
WARNING, 6 imaginary frequencies at q = (-0.05, -0.05, -0.35) ; (omega_q = 4.156e-01*i)
WARNING, 7 imaginary frequencies at q = (-0.05, -0.05, -0.25) ; (omega_q = 5.251e-01*i)
WARNING, 7 imaginary frequencies at q = (-0.05, -0.05, -0.15) ; (omega_q = 4.841e-01*i)
WARNING, 5 imaginary frequencies at q = (-0.05, -0.05, -0.05) ; (omega_q = 2.924e-01*i)
WARNING, 5 imaginary frequencies at q = (-0.05, -0.05,  0.05) ; (omega_q = 1.794e-01*i)
WARNING, 6 imaginary frequencies at q = (-0.05, -0.05,  0.15) ; (omega_q = 4.127e-01*i)
WARNING, 7 imaginary frequencies at q = (-0.05, -0.05,  0.25) ; (omega_q = 5.235e-01*i)
WARNING, 6 imaginary frequencies at q = (-0.05, -0.05,  0.35) ; (omega_q = 4.834e-01*i)
WARNING, 5 imaginary frequencies at q = (-0.05, -0.05,  0.45) ; (omega_q = 2.952e-01*i)
WARNING, 5 imaginary frequencies at q = (-0.05,  0.05, -0.45) ; (omega_q = 1.944e-01*i)
WARNING, 6 imaginary frequencies at q = (-0.05,  0.05, -0.35) ; (omega_q = 4.215e-01*i)
WARNING, 7 imaginary frequencies at q = (-0.05,  0.05, -0.25) ; (omega_q = 5.267e-01*i)
WARNING, 6 imaginary frequencies at q = (-0.05,  0.05, -0.15) ; (omega_q = 4.829e-01*i)
WARNING, 5 imaginary frequencies at q = (-0.05,  0.05, -0.05) ; (omega_q = 2.869e-01*i)
WARNING, 5 imaginary frequencies at q = (-0.05,  0.05,  0.05) ; (omega_q = 1.718e-01*i)
WARNING, 7 imaginary frequencies at q = (-0.05,  0.05,  0.15) ; (omega_q = 4.183e-01*i)
WARNING, 7 imaginary frequencies at q = (-0.05,  0.05,  0.25) ; (omega_q = 5.250e-01*i)
WARNING, 6 imaginary frequencies at q = (-0.05,  0.05,  0.35) ; (omega_q = 4.821e-01*i)
WARNING, 5 imaginary frequencies at q = (-0.05,  0.05,  0.45) ; (omega_q = 2.911e-01*i)
WARNING, 5 imaginary frequencies at q = (-0.05,  0.15, -0.45) ; (omega_q = 2.469e-01*i)
WARNING, 6 imaginary frequencies at q = (-0.05,  0.15, -0.35) ; (omega_q = 4.236e-01*i)
WARNING, 6 imaginary frequencies at q = (-0.05,  0.15, -0.25) ; (omega_q = 5.248e-01*i)
WARNING, 6 imaginary frequencies at q = (-0.05,  0.15, -0.15) ; (omega_q = 4.792e-01*i)
WARNING, 5 imaginary frequencies at q = (-0.05,  0.15, -0.05) ; (omega_q = 2.818e-01*i)
WARNING, 5 imaginary frequencies at q = (-0.05,  0.15,  0.05) ; (omega_q = 2.389e-01*i)
WARNING, 6 imaginary frequencies at q = (-0.05,  0.15,  0.15) ; (omega_q = 4.202e-01*i)
WARNING, 6 imaginary frequencies at q = (-0.05,  0.15,  0.25) ; (omega_q = 5.231e-01*i)
WARNING, 6 imaginary frequencies at q = (-0.05,  0.15,  0.35) ; (omega_q = 4.786e-01*i)
WARNING, 5 imaginary frequencies at q = (-0.05,  0.15,  0.45) ; (omega_q = 2.910e-01*i)
WARNING, 5 imaginary frequencies at q = (-0.05,  0.25, -0.45) ; (omega_q = 2.730e-01*i)
WARNING, 6 imaginary frequencies at q = (-0.05,  0.25, -0.35) ; (omega_q = 4.223e-01*i)
WARNING, 6 imaginary frequencies at q = (-0.05,  0.25, -0.25) ; (omega_q = 5.209e-01*i)
WARNING, 6 imaginary frequencies at q = (-0.05,  0.25, -0.15) ; (omega_q = 4.746e-01*i)
WARNING, 5 imaginary frequencies at q = (-0.05,  0.25, -0.05) ; (omega_q = 2.808e-01*i)
WARNING, 5 imaginary frequencies at q = (-0.05,  0.25,  0.05) ; (omega_q = 2.738e-01*i)
WARNING, 6 imaginary frequencies at q = (-0.05,  0.25,  0.15) ; (omega_q = 4.191e-01*i)
WARNING, 6 imaginary frequencies at q = (-0.05,  0.25,  0.25) ; (omega_q = 5.194e-01*i)
WARNING, 6 imaginary frequencies at q = (-0.05,  0.25,  0.35) ; (omega_q = 4.744e-01*i)
WARNING, 5 imaginary frequencies at q = (-0.05,  0.25,  0.45) ; (omega_q = 3.031e-01*i)
WARNING, 5 imaginary frequencies at q = (-0.05,  0.35, -0.45) ; (omega_q = 2.475e-01*i)
WARNING, 6 imaginary frequencies at q = (-0.05,  0.35, -0.35) ; (omega_q = 4.194e-01*i)
WARNING, 6 imaginary frequencies at q = (-0.05,  0.35, -0.25) ; (omega_q = 5.165e-01*i)
WARNING, 6 imaginary frequencies at q = (-0.05,  0.35, -0.15) ; (omega_q = 4.707e-01*i)
WARNING, 5 imaginary frequencies at q = (-0.05,  0.35, -0.05) ; (omega_q = 2.844e-01*i)
WARNING, 5 imaginary frequencies at q = (-0.05,  0.35,  0.05) ; (omega_q = 2.524e-01*i)
WARNING, 6 imaginary frequencies at q = (-0.05,  0.35,  0.15) ; (omega_q = 4.176e-01*i)
WARNING, 6 imaginary frequencies at q = (-0.05,  0.35,  0.25) ; (omega_q = 5.154e-01*i)
WARNING, 6 imaginary frequencies at q = (-0.05,  0.35,  0.35) ; (omega_q = 4.707e-01*i)
WARNING, 5 imaginary frequencies at q = (-0.05,  0.35,  0.45) ; (omega_q = 2.957e-01*i)
WARNING, 5 imaginary frequencies at q = (-0.05,  0.45, -0.45) ; (omega_q = 1.901e-01*i)
WARNING, 6 imaginary frequencies at q = (-0.05,  0.45, -0.35) ; (omega_q = 4.169e-01*i)
WARNING, 6 imaginary frequencies at q = (-0.05,  0.45, -0.25) ; (omega_q = 5.113e-01*i)
WARNING, 6 imaginary frequencies at q = (-0.05,  0.45, -0.15) ; (omega_q = 4.690e-01*i)
WARNING, 5 imaginary frequencies at q = (-0.05,  0.45, -0.05) ; (omega_q = 2.846e-01*i)
WARNING, 4 imaginary frequencies at q = (-0.05,  0.45,  0.05) ; (omega_q = 1.966e-01*i)
WARNING, 5 imaginary frequencies at q = (-0.05,  0.45,  0.15) ; (omega_q = 4.164e-01*i)
WARNING, 6 imaginary frequencies at q = (-0.05,  0.45,  0.25) ; (omega_q = 5.106e-01*i)
WARNING, 6 imaginary frequencies at q = (-0.05,  0.45,  0.35) ; (omega_q = 4.688e-01*i)
WARNING, 5 imaginary frequencies at q = (-0.05,  0.45,  0.45) ; (omega_q = 2.864e-01*i)
WARNING, 5 imaginary frequencies at q = ( 0.05, -0.45, -0.45) ; (omega_q = 2.864e-01*i)
WARNING, 6 imaginary frequencies at q = ( 0.05, -0.45, -0.35) ; (omega_q = 4.688e-01*i)
WARNING, 6 imaginary frequencies at q = ( 0.05, -0.45, -0.25) ; (omega_q = 5.106e-01*i)
WARNING, 5 imaginary frequencies at q = ( 0.05, -0.45, -0.15) ; (omega_q = 4.164e-01*i)
WARNING, 4 imaginary frequencies at q = ( 0.05, -0.45, -0.05) ; (omega_q = 1.966e-01*i)
WARNING, 5 imaginary frequencies at q = ( 0.05, -0.45,  0.05) ; (omega_q = 2.846e-01*i)
WARNING, 6 imaginary frequencies at q = ( 0.05, -0.45,  0.15) ; (omega_q = 4.690e-01*i)
WARNING, 6 imaginary frequencies at q = ( 0.05, -0.45,  0.25) ; (omega_q = 5.113e-01*i)
WARNING, 6 imaginary frequencies at q = ( 0.05, -0.45,  0.35) ; (omega_q = 4.169e-01*i)
WARNING, 5 imaginary frequencies at q = ( 0.05, -0.45,  0.45) ; (omega_q = 1.901e-01*i)
WARNING, 5 imaginary frequencies at q = ( 0.05, -0.35, -0.45) ; (omega_q = 2.957e-01*i)
WARNING, 6 imaginary frequencies at q = ( 0.05, -0.35, -0.35) ; (omega_q = 4.707e-01*i)
WARNING, 6 imaginary frequencies at q = ( 0.05, -0.35, -0.25) ; (omega_q = 5.154e-01*i)
WARNING, 6 imaginary frequencies at q = ( 0.05, -0.35, -0.15) ; (omega_q = 4.176e-01*i)
WARNING, 5 imaginary frequencies at q = ( 0.05, -0.35, -0.05) ; (omega_q = 2.524e-01*i)
WARNING, 5 imaginary frequencies at q = ( 0.05, -0.35,  0.05) ; (omega_q = 2.844e-01*i)
WARNING, 6 imaginary frequencies at q = ( 0.05, -0.35,  0.15) ; (omega_q = 4.707e-01*i)
WARNING, 6 imaginary frequencies at q = ( 0.05, -0.35,  0.25) ; (omega_q = 5.165e-01*i)
WARNING, 6 imaginary frequencies at q = ( 0.05, -0.35,  0.35) ; (omega_q = 4.194e-01*i)
WARNING, 5 imaginary frequencies at q = ( 0.05, -0.35,  0.45) ; (omega_q = 2.475e-01*i)
WARNING, 5 imaginary frequencies at q = ( 0.05, -0.25, -0.45) ; (omega_q = 3.031e-01*i)
WARNING, 6 imaginary frequencies at q = ( 0.05, -0.25, -0.35) ; (omega_q = 4.744e-01*i)
WARNING, 6 imaginary frequencies at q = ( 0.05, -0.25, -0.25) ; (omega_q = 5.194e-01*i)
WARNING, 6 imaginary frequencies at q = ( 0.05, -0.25, -0.15) ; (omega_q = 4.191e-01*i)
WARNING, 5 imaginary frequencies at q = ( 0.05, -0.25, -0.05) ; (omega_q = 2.738e-01*i)
WARNING, 5 imaginary frequencies at q = ( 0.05, -0.25,  0.05) ; (omega_q = 2.808e-01*i)
WARNING, 6 imaginary frequencies at q = ( 0.05, -0.25,  0.15) ; (omega_q = 4.746e-01*i)
WARNING, 6 imaginary frequencies at q = ( 0.05, -0.25,  0.25) ; (omega_q = 5.209e-01*i)
WARNING, 6 imaginary frequencies at q = ( 0.05, -0.25,  0.35) ; (omega_q = 4.223e-01*i)
WARNING, 5 imaginary frequencies at q = ( 0.05, -0.25,  0.45) ; (omega_q = 2.730e-01*i)
WARNING, 5 imaginary frequencies at q = ( 0.05, -0.15, -0.45) ; (omega_q = 2.910e-01*i)
WARNING, 6 imaginary frequencies at q = ( 0.05, -0.15, -0.35) ; (omega_q = 4.786e-01*i)
WARNING, 6 imaginary frequencies at q = ( 0.05, -0.15, -0.25) ; (omega_q = 5.231e-01*i)
WARNING, 6 imaginary frequencies at q = ( 0.05, -0.15, -0.15) ; (omega_q = 4.202e-01*i)
WARNING, 5 imaginary frequencies at q = ( 0.05, -0.15, -0.05) ; (omega_q = 2.389e-01*i)
WARNING, 5 imaginary frequencies at q = ( 0.05, -0.15,  0.05) ; (omega_q = 2.818e-01*i)
WARNING, 6 imaginary frequencies at q = ( 0.05, -0.15,  0.15) ; (omega_q = 4.792e-01*i)
WARNING, 6 imaginary frequencies at q = ( 0.05, -0.15,  0.25) ; (omega_q = 5.248e-01*i)
WARNING, 6 imaginary frequencies at q = ( 0.05, -0.15,  0.35) ; (omega_q = 4.236e-01*i)
WARNING, 5 imaginary frequencies at q = ( 0.05, -0.15,  0.45) ; (omega_q = 2.469e-01*i)
WARNING, 5 imaginary frequencies at q = ( 0.05, -0.05, -0.45) ; (omega_q = 2.911e-01*i)
WARNING, 6 imaginary frequencies at q = ( 0.05, -0.05, -0.35) ; (omega_q = 4.821e-01*i)
WARNING, 7 imaginary frequencies at q = ( 0.05, -0.05, -0.25) ; (omega_q = 5.250e-01*i)
WARNING, 7 imaginary frequencies at q = ( 0.05, -0.05, -0.15) ; (omega_q = 4.183e-01*i)
WARNING, 5 imaginary frequencies at q = ( 0.05, -0.05, -0.05) ; (omega_q = 1.718e-01*i)
WARNING, 5 imaginary frequencies at q = ( 0.05, -0.05,  0.05) ; (omega_q = 2.869e-01*i)
WARNING, 6 imaginary frequencies at q = ( 0.05, -0.05,  0.15) ; (omega_q = 4.829e-01*i)
WARNING, 7 imaginary frequencies at q = ( 0.05, -0.05,  0.25) ; (omega_q = 5.267e-01*i)
WARNING, 6 imaginary frequencies at q = ( 0.05, -0.05,  0.35) ; (omega_q = 4.215e-01*i)
WARNING, 5 imaginary frequencies at q = ( 0.05, -0.05,  0.45) ; (omega_q = 1.944e-01*i)
WARNING, 5 imaginary frequencies at q = ( 0.05,  0.05, -0.45) ; (omega_q = 2.952e-01*i)
WARNING, 6 imaginary frequencies at q = ( 0.05,  0.05, -0.35) ; (omega_q = 4.834e-01*i)
WARNING, 7 imaginary frequencies at q = ( 0.05,  0.05, -0.25) ; (omega_q = 5.235e-01*i)
WARNING, 6 imaginary frequencies at q = ( 0.05,  0.05, -0.15) ; (omega_q = 4.127e-01*i)
WARNING, 5 imaginary frequencies at q = ( 0.05,  0.05, -0.05) ; (omega_q = 1.794e-01*i)
WARNING, 5 imaginary frequencies at q = ( 0.05,  0.05,  0.05) ; (omega_q = 2.924e-01*i)
WARNING, 7 imaginary frequencies at q = ( 0.05,  0.05,  0.15) ; (omega_q = 4.841e-01*i)
WARNING, 7 imaginary frequencies at q = ( 0.05,  0.05,  0.25) ; (omega_q = 5.251e-01*i)
WARNING, 6 imaginary frequencies at q = ( 0.05,  0.05,  0.35) ; (omega_q = 4.156e-01*i)
WARNING, 4 imaginary frequencies at q = ( 0.05,  0.05,  0.45) ; (omega_q = 1.829e-01*i)
WARNING, 5 imaginary frequencies at q = ( 0.05,  0.15, -0.45) ; (omega_q = 3.006e-01*i)
WARNING, 6 imaginary frequencies at q = ( 0.05,  0.15, -0.35) ; (omega_q = 4.813e-01*i)
WARNING, 6 imaginary frequencies at q = ( 0.05,  0.15, -0.25) ; (omega_q = 5.183e-01*i)
WARNING, 6 imaginary frequencies at q = ( 0.05,  0.15, -0.15) ; (omega_q = 4.057e-01*i)
WARNING, 5 imaginary frequencies at q = ( 0.05,  0.15, -0.05) ; (omega_q = 2.468e-01*i)
WARNING, 5 imaginary frequencies at q = ( 0.05,  0.15,  0.05) ; (omega_q = 3.003e-01*i)
WARNING, 7 imaginary frequencies at q = ( 0.05,  0.15,  0.15) ; (omega_q = 4.816e-01*i)
WARNING, 6 imaginary frequencies at q = ( 0.05,  0.15,  0.25) ; (omega_q = 5.197e-01*i)
WARNING, 6 imaginary frequencies at q = ( 0.05,  0.15,  0.35) ; (omega_q = 4.084e-01*i)
WARNING, 5 imaginary frequencies at q = ( 0.05,  0.15,  0.45) ; (omega_q = 2.337e-01*i)
WARNING, 6 imaginary frequencies at q = ( 0.05,  0.25, -0.45) ; (omega_q = 3.013e-01*i)
WARNING, 6 imaginary frequencies at q = ( 0.05,  0.25, -0.35) ; (omega_q = 4.767e-01*i)
WARNING, 6 imaginary frequencies at q = ( 0.05,  0.25, -0.25) ; (omega_q = 5.117e-01*i)
WARNING, 6 imaginary frequencies at q = ( 0.05,  0.25, -0.15) ; (omega_q = 4.023e-01*i)
WARNING, 5 imaginary frequencies at q = ( 0.05,  0.25, -0.05) ; (omega_q = 2.676e-01*i)
WARNING, 5 imaginary frequencies at q = ( 0.05,  0.25,  0.05) ; (omega_q = 3.040e-01*i)
WARNING, 6 imaginary frequencies at q = ( 0.05,  0.25,  0.15) ; (omega_q = 4.767e-01*i)
WARNING, 6 imaginary frequencies at q = ( 0.05,  0.25,  0.25) ; (omega_q = 5.130e-01*i)
WARNING, 6 imaginary frequencies at q = ( 0.05,  0.25,  0.35) ; (omega_q = 4.040e-01*i)
WARNING, 5 imaginary frequencies at q = ( 0.05,  0.25,  0.45) ; (omega_q = 2.546e-01*i)
WARNING, 5 imaginary frequencies at q = ( 0.05,  0.35, -0.45) ; (omega_q = 2.868e-01*i)
WARNING, 6 imaginary frequencies at q = ( 0.05,  0.35, -0.35) ; (omega_q = 4.723e-01*i)
WARNING, 6 imaginary frequencies at q = ( 0.05,  0.35, -0.25) ; (omega_q = 5.060e-01*i)
WARNING, 6 imaginary frequencies at q = ( 0.05,  0.35, -0.15) ; (omega_q = 4.074e-01*i)
WARNING, 5 imaginary frequencies at q = ( 0.05,  0.35, -0.05) ; (omega_q = 2.353e-01*i)
WARNING, 5 imaginary frequencies at q = ( 0.05,  0.35,  0.05) ; (omega_q = 2.847e-01*i)
WARNING, 6 imaginary frequencies at q = ( 0.05,  0.35,  0.15) ; (omega_q = 4.724e-01*i)
WARNING, 6 imaginary frequencies at q = ( 0.05,  0.35,  0.25) ; (omega_q = 5.070e-01*i)
WARNING, 6 imaginary frequencies at q = ( 0.05,  0.35,  0.35) ; (omega_q = 4.079e-01*i)
WARNING, 5 imaginary frequencies at q = ( 0.05,  0.35,  0.45) ; (omega_q = 2.196e-01*i)
WARNING, 5 imaginary frequencies at q = ( 0.05,  0.45, -0.45) ; (omega_q = 2.844e-01*i)
WARNING, 6 imaginary frequencies at q = ( 0.05,  0.45, -0.35) ; (omega_q = 4.696e-01*i)
WARNING, 6 imaginary frequencies at q = ( 0.05,  0.45, -0.25) ; (omega_q = 5.049e-01*i)
WARNING, 6 imaginary frequencies at q = ( 0.05,  0.45, -0.15) ; (omega_q = 4.134e-01*i)
WARNING, 4 imaginary frequencies at q = ( 0.05,  0.45, -0.05) ; (omega_q = 1.927e-01*i)
WARNING, 5 imaginary frequencies at q = ( 0.05,  0.45,  0.05) ; (omega_q = 2.833e-01*i)
WARNING, 6 imaginary frequencies at q = ( 0.05,  0.45,  0.15) ; (omega_q = 4.699e-01*i)
WARNING, 6 imaginary frequencies at q = ( 0.05,  0.45,  0.25) ; (omega_q = 5.056e-01*i)
WARNING, 6 imaginary frequencies at q = ( 0.05,  0.45,  0.35) ; (omega_q = 4.134e-01*i)
WARNING, 4 imaginary frequencies at q = ( 0.05,  0.45,  0.45) ; (omega_q = 1.688e-01*i)
WARNING, 5 imaginary frequencies at q = ( 0.15, -0.45, -0.45) ; (omega_q = 4.277e-01*i)
WARNING, 6 imaginary frequencies at q = ( 0.15, -0.45, -0.35) ; (omega_q = 4.911e-01*i)
WARNING, 6 imaginary frequencies at q = ( 0.15, -0.45, -0.25) ; (omega_q = 4.949e-01*i)
WARNING, 6 imaginary frequencies at q = ( 0.15, -0.45, -0.15) ; (omega_q = 3.985e-01*i)
WARNING, 5 imaginary frequencies at q = ( 0.15, -0.45, -0.05) ; (omega_q = 3.649e-01*i)
WARNING, 5 imaginary frequencies at q = ( 0.15, -0.45,  0.05) ; (omega_q = 4.156e-01*i)
WARNING, 7 imaginary frequencies at q = ( 0.15, -0.45,  0.15) ; (omega_q = 4.837e-01*i)
WARNING, 7 imaginary frequencies at q = ( 0.15, -0.45,  0.25) ; (omega_q = 4.937e-01*i)
WARNING, 6 imaginary frequencies at q = ( 0.15, -0.45,  0.35) ; (omega_q = 3.992e-01*i)
WARNING, 5 imaginary frequencies at q = ( 0.15, -0.45,  0.45) ; (omega_q = 3.771e-01*i)
WARNING, 6 imaginary frequencies at q = ( 0.15, -0.35, -0.45) ; (omega_q = 4.325e-01*i)
WARNING, 6 imaginary frequencies at q = ( 0.15, -0.35, -0.35) ; (omega_q = 4.956e-01*i)
WARNING, 6 imaginary frequencies at q = ( 0.15, -0.35, -0.25) ; (omega_q = 4.961e-01*i)
WARNING, 6 imaginary frequencies at q = ( 0.15, -0.35, -0.15) ; (omega_q = 4.084e-01*i)
WARNING, 5 imaginary frequencies at q = ( 0.15, -0.35, -0.05) ; (omega_q = 3.666e-01*i)
WARNING, 6 imaginary frequencies at q = ( 0.15, -0.35,  0.05) ; (omega_q = 4.116e-01*i)
WARNING, 7 imaginary frequencies at q = ( 0.15, -0.35,  0.15) ; (omega_q = 4.873e-01*i)
WARNING, 7 imaginary frequencies at q = ( 0.15, -0.35,  0.25) ; (omega_q = 4.956e-01*i)
WARNING, 6 imaginary frequencies at q = ( 0.15, -0.35,  0.35) ; (omega_q = 4.115e-01*i)
WARNING, 6 imaginary frequencies at q = ( 0.15, -0.35,  0.45) ; (omega_q = 3.916e-01*i)
WARNING, 6 imaginary frequencies at q = ( 0.15, -0.25, -0.45) ; (omega_q = 4.348e-01*i)
WARNING, 6 imaginary frequencies at q = ( 0.15, -0.25, -0.35) ; (omega_q = 4.967e-01*i)
WARNING, 6 imaginary frequencies at q = ( 0.15, -0.25, -0.25) ; (omega_q = 4.950e-01*i)
WARNING, 6 imaginary frequencies at q = ( 0.15, -0.25, -0.15) ; (omega_q = 4.102e-01*i)
WARNING, 6 imaginary frequencies at q = ( 0.15, -0.25, -0.05) ; (omega_q = 3.651e-01*i)
WARNING, 6 imaginary frequencies at q = ( 0.15, -0.25,  0.05) ; (omega_q = 4.107e-01*i)
WARNING, 6 imaginary frequencies at q = ( 0.15, -0.25,  0.15) ; (omega_q = 4.907e-01*i)
WARNING, 7 imaginary frequencies at q = ( 0.15, -0.25,  0.25) ; (omega_q = 4.964e-01*i)
WARNING, 6 imaginary frequencies at q = ( 0.15, -0.25,  0.35) ; (omega_q = 4.220e-01*i)
WARNING, 6 imaginary frequencies at q = ( 0.15, -0.25,  0.45) ; (omega_q = 3.992e-01*i)
WARNING, 6 imaginary frequencies at q = ( 0.15, -0.15, -0.45) ; (omega_q = 4.317e-01*i)
WARNING, 6 imaginary frequencies at q = ( 0.15, -0.15, -0.35) ; (omega_q = 4.960e-01*i)
WARNING, 7 imaginary frequencies at q = ( 0.15, -0.15, -0.25) ; (omega_q = 4.936e-01*i)
WARNING, 7 imaginary frequencies at q = ( 0.15, -0.15, -0.15) ; (omega_q = 4.044e-01*i)
WARNING, 6 imaginary frequencies at q = ( 0.15, -0.15, -0.05) ; (omega_q = 3.611e-01*i)
WARNING, 6 imaginary frequencies at q = ( 0.15, -0.15,  0.05) ; (omega_q = 4.160e-01*i)
WARNING, 6 imaginary frequencies at q = ( 0.15, -0.15,  0.15) ; (omega_q = 4.931e-01*i)
WARNING, 7 imaginary frequencies at q = ( 0.15, -0.15,  0.25) ; (omega_q = 4.958e-01*i)
WARNING, 6 imaginary frequencies at q = ( 0.15, -0.15,  0.35) ; (omega_q = 4.143e-01*i)
WARNING, 6 imaginary frequencies at q = ( 0.15, -0.15,  0.45) ; (omega_q = 3.889e-01*i)
WARNING, 6 imaginary frequencies at q = ( 0.15, -0.05, -0.45) ; (omega_q = 4.307e-01*i)
WARNING, 6 imaginary frequencies at q = ( 0.15, -0.05, -0.35) ; (omega_q = 4.952e-01*i)
WARNING, 7 imaginary frequencies at q = ( 0.15, -0.05, -0.25) ; (omega_q = 4.942e-01*i)
WARNING, 7 imaginary frequencies at q = ( 0.15, -0.05, -0.15) ; (omega_q = 4.035e-01*i)
WARNING, 5 imaginary frequencies at q = ( 0.15, -0.05, -0.05) ; (omega_q = 3.635e-01*i)
WARNING, 5 imaginary frequencies at q = ( 0.15, -0.05,  0.05) ; (omega_q = 4.226e-01*i)
WARNING, 7 imaginary frequencies at q = ( 0.15, -0.05,  0.15) ; (omega_q = 4.933e-01*i)
WARNING, 7 imaginary frequencies at q = ( 0.15, -0.05,  0.25) ; (omega_q = 4.945e-01*i)
WARNING, 7 imaginary frequencies at q = ( 0.15, -0.05,  0.35) ; (omega_q = 4.019e-01*i)
WARNING, 6 imaginary frequencies at q = ( 0.15, -0.05,  0.45) ; (omega_q = 3.777e-01*i)
WARNING, 6 imaginary frequencies at q = ( 0.15,  0.05, -0.45) ; (omega_q = 4.299e-01*i)
WARNING, 7 imaginary frequencies at q = ( 0.15,  0.05, -0.35) ; (omega_q = 4.934e-01*i)
WARNING, 7 imaginary frequencies at q = ( 0.15,  0.05, -0.25) ; (omega_q = 4.948e-01*i)
WARNING, 7 imaginary frequencies at q = ( 0.15,  0.05, -0.15) ; (omega_q = 4.025e-01*i)
WARNING, 5 imaginary frequencies at q = ( 0.15,  0.05, -0.05) ; (omega_q = 3.731e-01*i)
WARNING, 5 imaginary frequencies at q = ( 0.15,  0.05,  0.05) ; (omega_q = 4.265e-01*i)
WARNING, 7 imaginary frequencies at q = ( 0.15,  0.05,  0.15) ; (omega_q = 4.907e-01*i)
WARNING, 7 imaginary frequencies at q = ( 0.15,  0.05,  0.25) ; (omega_q = 4.930e-01*i)
WARNING, 7 imaginary frequencies at q = ( 0.15,  0.05,  0.35) ; (omega_q = 4.022e-01*i)
WARNING, 6 imaginary frequencies at q = ( 0.15,  0.05,  0.45) ; (omega_q = 3.803e-01*i)
WARNING, 6 imaginary frequencies at q = ( 0.15,  0.15, -0.45) ; (omega_q = 4.299e-01*i)
WARNING, 7 imaginary frequencies at q = ( 0.15,  0.15, -0.35) ; (omega_q = 4.896e-01*i)
WARNING, 7 imaginary frequencies at q = ( 0.15,  0.15, -0.25) ; (omega_q = 4.918e-01*i)
WARNING, 7 imaginary frequencies at q = ( 0.15,  0.15, -0.15) ; (omega_q = 4.121e-01*i)
WARNING, 6 imaginary frequencies at q = ( 0.15,  0.15, -0.05) ; (omega_q = 3.839e-01*i)
WARNING, 5 imaginary frequencies at q = ( 0.15,  0.15,  0.05) ; (omega_q = 4.240e-01*i)
WARNING, 7 imaginary frequencies at q = ( 0.15,  0.15,  0.15) ; (omega_q = 4.857e-01*i)
WARNING, 7 imaginary frequencies at q = ( 0.15,  0.15,  0.25) ; (omega_q = 4.895e-01*i)
WARNING, 7 imaginary frequencies at q = ( 0.15,  0.15,  0.35) ; (omega_q = 4.125e-01*i)
WARNING, 5 imaginary frequencies at q = ( 0.15,  0.15,  0.45) ; (omega_q = 3.931e-01*i)
WARNING, 6 imaginary frequencies at q = ( 0.15,  0.25, -0.45) ; (omega_q = 4.272e-01*i)
WARNING, 6 imaginary frequencies at q = ( 0.15,  0.25, -0.35) ; (omega_q = 4.840e-01*i)
WARNING, 7 imaginary frequencies at q = ( 0.15,  0.25, -0.25) ; (omega_q = 4.875e-01*i)
WARNING, 7 imaginary frequencies at q = ( 0.15,  0.25, -0.15) ; (omega_q = 4.171e-01*i)
WARNING, 6 imaginary frequencies at q = ( 0.15,  0.25, -0.05) ; (omega_q = 3.833e-01*i)
WARNING, 6 imaginary frequencies at q = ( 0.15,  0.25,  0.05) ; (omega_q = 4.141e-01*i)
WARNING, 7 imaginary frequencies at q = ( 0.15,  0.25,  0.15) ; (omega_q = 4.805e-01*i)
WARNING, 7 imaginary frequencies at q = ( 0.15,  0.25,  0.25) ; (omega_q = 4.861e-01*i)
WARNING, 7 imaginary frequencies at q = ( 0.15,  0.25,  0.35) ; (omega_q = 4.181e-01*i)
WARNING, 6 imaginary frequencies at q = ( 0.15,  0.25,  0.45) ; (omega_q = 3.964e-01*i)
WARNING, 6 imaginary frequencies at q = ( 0.15,  0.35, -0.45) ; (omega_q = 4.242e-01*i)
WARNING, 6 imaginary frequencies at q = ( 0.15,  0.35, -0.35) ; (omega_q = 4.815e-01*i)
WARNING, 7 imaginary frequencies at q = ( 0.15,  0.35, -0.25) ; (omega_q = 4.857e-01*i)
WARNING, 6 imaginary frequencies at q = ( 0.15,  0.35, -0.15) ; (omega_q = 4.097e-01*i)
WARNING, 6 imaginary frequencies at q = ( 0.15,  0.35, -0.05) ; (omega_q = 3.739e-01*i)
WARNING, 5 imaginary frequencies at q = ( 0.15,  0.35,  0.05) ; (omega_q = 4.129e-01*i)
WARNING, 7 imaginary frequencies at q = ( 0.15,  0.35,  0.15) ; (omega_q = 4.780e-01*i)
WARNING, 7 imaginary frequencies at q = ( 0.15,  0.35,  0.25) ; (omega_q = 4.847e-01*i)
WARNING, 7 imaginary frequencies at q = ( 0.15,  0.35,  0.35) ; (omega_q = 4.078e-01*i)
WARNING, 6 imaginary frequencies at q = ( 0.15,  0.35,  0.45) ; (omega_q = 3.847e-01*i)
WARNING, 6 imaginary frequencies at q = ( 0.15,  0.45, -0.45) ; (omega_q = 4.256e-01*i)
WARNING, 6 imaginary frequencies at q = ( 0.15,  0.45, -0.35) ; (omega_q = 4.850e-01*i)
WARNING, 6 imaginary frequencies at q = ( 0.15,  0.45, -0.25) ; (omega_q = 4.898e-01*i)
WARNING, 6 imaginary frequencies at q = ( 0.15,  0.45, -0.15) ; (omega_q = 4.008e-01*i)
WARNING, 6 imaginary frequencies at q = ( 0.15,  0.45, -0.05) ; (omega_q = 3.673e-01*i)
WARNING, 5 imaginary frequencies at q = ( 0.15,  0.45,  0.05) ; (omega_q = 4.167e-01*i)
WARNING, 7 imaginary frequencies at q = ( 0.15,  0.45,  0.15) ; (omega_q = 4.799e-01*i)
WARNING, 7 imaginary frequencies at q = ( 0.15,  0.45,  0.25) ; (omega_q = 4.887e-01*i)
WARNING, 7 imaginary frequencies at q = ( 0.15,  0.45,  0.35) ; (omega_q = 3.973e-01*i)
WARNING, 5 imaginary frequencies at q = ( 0.15,  0.45,  0.45) ; (omega_q = 3.744e-01*i)
WARNING, 5 imaginary frequencies at q = ( 0.25, -0.45, -0.45) ; (omega_q = 4.449e-01*i)
WARNING, 6 imaginary frequencies at q = ( 0.25, -0.45, -0.35) ; (omega_q = 4.855e-01*i)
WARNING, 6 imaginary frequencies at q = ( 0.25, -0.45, -0.25) ; (omega_q = 4.901e-01*i)
WARNING, 7 imaginary frequencies at q = ( 0.25, -0.45, -0.15) ; (omega_q = 4.496e-01*i)
WARNING, 6 imaginary frequencies at q = ( 0.25, -0.45, -0.05) ; (omega_q = 4.318e-01*i)
WARNING, 5 imaginary frequencies at q = ( 0.25, -0.45,  0.05) ; (omega_q = 4.280e-01*i)
WARNING, 7 imaginary frequencies at q = ( 0.25, -0.45,  0.15) ; (omega_q = 4.620e-01*i)
WARNING, 7 imaginary frequencies at q = ( 0.25, -0.45,  0.25) ; (omega_q = 4.784e-01*i)
WARNING, 7 imaginary frequencies at q = ( 0.25, -0.45,  0.35) ; (omega_q = 4.524e-01*i)
WARNING, 6 imaginary frequencies at q = ( 0.25, -0.45,  0.45) ; (omega_q = 4.406e-01*i)
WARNING, 5 imaginary frequencies at q = ( 0.25, -0.35, -0.45) ; (omega_q = 4.547e-01*i)
WARNING, 6 imaginary frequencies at q = ( 0.25, -0.35, -0.35) ; (omega_q = 4.878e-01*i)
WARNING, 7 imaginary frequencies at q = ( 0.25, -0.35, -0.25) ; (omega_q = 4.888e-01*i)
WARNING, 7 imaginary frequencies at q = ( 0.25, -0.35, -0.15) ; (omega_q = 4.496e-01*i)
WARNING, 6 imaginary frequencies at q = ( 0.25, -0.35, -0.05) ; (omega_q = 4.327e-01*i)
WARNING, 5 imaginary frequencies at q = ( 0.25, -0.35,  0.05) ; (omega_q = 4.267e-01*i)
WARNING, 7 imaginary frequencies at q = ( 0.25, -0.35,  0.15) ; (omega_q = 4.646e-01*i)
WARNING, 6 imaginary frequencies at q = ( 0.25, -0.35,  0.25) ; (omega_q = 4.777e-01*i)
WARNING, 7 imaginary frequencies at q = ( 0.25, -0.35,  0.35) ; (omega_q = 4.608e-01*i)
WARNING, 6 imaginary frequencies at q = ( 0.25, -0.35,  0.45) ; (omega_q = 4.512e-01*i)
WARNING, 6 imaginary frequencies at q = ( 0.25, -0.25, -0.45) ; (omega_q = 4.601e-01*i)
WARNING, 6 imaginary frequencies at q = ( 0.25, -0.25, -0.35) ; (omega_q = 4.852e-01*i)
WARNING, 7 imaginary frequencies at q = ( 0.25, -0.25, -0.25) ; (omega_q = 4.855e-01*i)
WARNING, 7 imaginary frequencies at q = ( 0.25, -0.25, -0.15) ; (omega_q = 4.494e-01*i)
WARNING, 6 imaginary frequencies at q = ( 0.25, -0.25, -0.05) ; (omega_q = 4.386e-01*i)
WARNING, 6 imaginary frequencies at q = ( 0.25, -0.25,  0.05) ; (omega_q = 4.327e-01*i)
WARNING, 7 imaginary frequencies at q = ( 0.25, -0.25,  0.15) ; (omega_q = 4.661e-01*i)
WARNING, 7 imaginary frequencies at q = ( 0.25, -0.25,  0.25) ; (omega_q = 4.802e-01*i)
WARNING, 7 imaginary frequencies at q = ( 0.25, -0.25,  0.35) ; (omega_q = 4.711e-01*i)
WARNING, 6 imaginary frequencies at q = ( 0.25, -0.25,  0.45) ; (omega_q = 4.592e-01*i)
WARNING, 6 imaginary frequencies at q = ( 0.25, -0.15, -0.45) ; (omega_q = 4.565e-01*i)
WARNING, 6 imaginary frequencies at q = ( 0.25, -0.15, -0.35) ; (omega_q = 4.777e-01*i)
WARNING, 7 imaginary frequencies at q = ( 0.25, -0.15, -0.25) ; (omega_q = 4.853e-01*i)
WARNING, 7 imaginary frequencies at q = ( 0.25, -0.15, -0.15) ; (omega_q = 4.507e-01*i)
WARNING, 6 imaginary frequencies at q = ( 0.25, -0.15, -0.05) ; (omega_q = 4.445e-01*i)
WARNING, 6 imaginary frequencies at q = ( 0.25, -0.15,  0.05) ; (omega_q = 4.396e-01*i)
WARNING, 7 imaginary frequencies at q = ( 0.25, -0.15,  0.15) ; (omega_q = 4.636e-01*i)
WARNING, 7 imaginary frequencies at q = ( 0.25, -0.15,  0.25) ; (omega_q = 4.776e-01*i)
WARNING, 7 imaginary frequencies at q = ( 0.25, -0.15,  0.35) ; (omega_q = 4.680e-01*i)
WARNING, 6 imaginary frequencies at q = ( 0.25, -0.15,  0.45) ; (omega_q = 4.569e-01*i)
WARNING, 6 imaginary frequencies at q = ( 0.25, -0.05, -0.45) ; (omega_q = 4.460e-01*i)
WARNING, 7 imaginary frequencies at q = ( 0.25, -0.05, -0.35) ; (omega_q = 4.742e-01*i)
WARNING, 7 imaginary frequencies at q = ( 0.25, -0.05, -0.25) ; (omega_q = 4.918e-01*i)
WARNING, 7 imaginary frequencies at q = ( 0.25, -0.05, -0.15) ; (omega_q = 4.521e-01*i)
WARNING, 6 imaginary frequencies at q = ( 0.25, -0.05, -0.05) ; (omega_q = 4.453e-01*i)
WARNING, 5 imaginary frequencies at q = ( 0.25, -0.05,  0.05) ; (omega_q = 4.421e-01*i)
WARNING, 6 imaginary frequencies at q = ( 0.25, -0.05,  0.15) ; (omega_q = 4.579e-01*i)
WARNING, 7 imaginary frequencies at q = ( 0.25, -0.05,  0.25) ; (omega_q = 4.759e-01*i)
WARNING, 6 imaginary frequencies at q = ( 0.25, -0.05,  0.35) ; (omega_q = 4.565e-01*i)
WARNING, 6 imaginary frequencies at q = ( 0.25, -0.05,  0.45) ; (omega_q = 4.477e-01*i)
WARNING, 6 imaginary frequencies at q = ( 0.25,  0.05, -0.45) ; (omega_q = 4.444e-01*i)
WARNING, 7 imaginary frequencies at q = ( 0.25,  0.05, -0.35) ; (omega_q = 4.776e-01*i)
WARNING, 7 imaginary frequencies at q = ( 0.25,  0.05, -0.25) ; (omega_q = 4.946e-01*i)
WARNING, 6 imaginary frequencies at q = ( 0.25,  0.05, -0.15) ; (omega_q = 4.522e-01*i)
WARNING, 6 imaginary frequencies at q = ( 0.25,  0.05, -0.05) ; (omega_q = 4.412e-01*i)
WARNING, 5 imaginary frequencies at q = ( 0.25,  0.05,  0.05) ; (omega_q = 4.399e-01*i)
WARNING, 7 imaginary frequencies at q = ( 0.25,  0.05,  0.15) ; (omega_q = 4.581e-01*i)
WARNING, 7 imaginary frequencies at q = ( 0.25,  0.05,  0.25) ; (omega_q = 4.782e-01*i)
WARNING, 7 imaginary frequencies at q = ( 0.25,  0.05,  0.35) ; (omega_q = 4.534e-01*i)
WARNING, 6 imaginary frequencies at q = ( 0.25,  0.05,  0.45) ; (omega_q = 4.421e-01*i)
WARNING, 6 imaginary frequencies at q = ( 0.25,  0.15, -0.45) ; (omega_q = 4.498e-01*i)
WARNING, 7 imaginary frequencies at q = ( 0.25,  0.15, -0.35) ; (omega_q = 4.797e-01*i)
WARNING, 7 imaginary frequencies at q = ( 0.25,  0.15, -0.25) ; (omega_q = 4.923e-01*i)
WARNING, 7 imaginary frequencies at q = ( 0.25,  0.15, -0.15) ; (omega_q = 4.554e-01*i)
WARNING, 6 imaginary frequencies at q = ( 0.25,  0.15, -0.05) ; (omega_q = 4.375e-01*i)
WARNING, 5 imaginary frequencies at q = ( 0.25,  0.15,  0.05) ; (omega_q = 4.353e-01*i)
WARNING, 7 imaginary frequencies at q = ( 0.25,  0.15,  0.15) ; (omega_q = 4.605e-01*i)
WARNING, 7 imaginary frequencies at q = ( 0.25,  0.15,  0.25) ; (omega_q = 4.797e-01*i)
WARNING, 7 imaginary frequencies at q = ( 0.25,  0.15,  0.35) ; (omega_q = 4.611e-01*i)
WARNING, 6 imaginary frequencies at q = ( 0.25,  0.15,  0.45) ; (omega_q = 4.505e-01*i)
WARNING, 6 imaginary frequencies at q = ( 0.25,  0.25, -0.45) ; (omega_q = 4.510e-01*i)
WARNING, 7 imaginary frequencies at q = ( 0.25,  0.25, -0.35) ; (omega_q = 4.778e-01*i)
WARNING, 7 imaginary frequencies at q = ( 0.25,  0.25, -0.25) ; (omega_q = 4.891e-01*i)
WARNING, 7 imaginary frequencies at q = ( 0.25,  0.25, -0.15) ; (omega_q = 4.580e-01*i)
WARNING, 6 imaginary frequencies at q = ( 0.25,  0.25, -0.05) ; (omega_q = 4.364e-01*i)
WARNING, 5 imaginary frequencies at q = ( 0.25,  0.25,  0.05) ; (omega_q = 4.349e-01*i)
WARNING, 7 imaginary frequencies at q = ( 0.25,  0.25,  0.15) ; (omega_q = 4.624e-01*i)
WARNING, 7 imaginary frequencies at q = ( 0.25,  0.25,  0.25) ; (omega_q = 4.827e-01*i)
WARNING, 7 imaginary frequencies at q = ( 0.25,  0.25,  0.35) ; (omega_q = 4.674e-01*i)
WARNING, 6 imaginary frequencies at q = ( 0.25,  0.25,  0.45) ; (omega_q = 4.541e-01*i)
WARNING, 6 imaginary frequencies at q = ( 0.25,  0.35, -0.45) ; (omega_q = 4.502e-01*i)
WARNING, 6 imaginary frequencies at q = ( 0.25,  0.35, -0.35) ; (omega_q = 4.772e-01*i)
WARNING, 8 imaginary frequencies at q = ( 0.25,  0.35, -0.25) ; (omega_q = 4.874e-01*i)
WARNING, 7 imaginary frequencies at q = ( 0.25,  0.35, -0.15) ; (omega_q = 4.563e-01*i)
WARNING, 6 imaginary frequencies at q = ( 0.25,  0.35, -0.05) ; (omega_q = 4.393e-01*i)
WARNING, 5 imaginary frequencies at q = ( 0.25,  0.35,  0.05) ; (omega_q = 4.398e-01*i)
WARNING, 6 imaginary frequencies at q = ( 0.25,  0.35,  0.15) ; (omega_q = 4.610e-01*i)
WARNING, 7 imaginary frequencies at q = ( 0.25,  0.35,  0.25) ; (omega_q = 4.797e-01*i)
WARNING, 7 imaginary frequencies at q = ( 0.25,  0.35,  0.35) ; (omega_q = 4.633e-01*i)
WARNING, 6 imaginary frequencies at q = ( 0.25,  0.35,  0.45) ; (omega_q = 4.490e-01*i)
WARNING, 5 imaginary frequencies at q = ( 0.25,  0.45, -0.45) ; (omega_q = 4.466e-01*i)
WARNING, 6 imaginary frequencies at q = ( 0.25,  0.45, -0.35) ; (omega_q = 4.809e-01*i)
WARNING, 7 imaginary frequencies at q = ( 0.25,  0.45, -0.25) ; (omega_q = 4.891e-01*i)
WARNING, 7 imaginary frequencies at q = ( 0.25,  0.45, -0.15) ; (omega_q = 4.524e-01*i)
WARNING, 6 imaginary frequencies at q = ( 0.25,  0.45, -0.05) ; (omega_q = 4.380e-01*i)
WARNING, 5 imaginary frequencies at q = ( 0.25,  0.45,  0.05) ; (omega_q = 4.361e-01*i)
WARNING, 7 imaginary frequencies at q = ( 0.25,  0.45,  0.15) ; (omega_q = 4.591e-01*i)
WARNING, 7 imaginary frequencies at q = ( 0.25,  0.45,  0.25) ; (omega_q = 4.779e-01*i)
WARNING, 7 imaginary frequencies at q = ( 0.25,  0.45,  0.35) ; (omega_q = 4.557e-01*i)
WARNING, 6 imaginary frequencies at q = ( 0.25,  0.45,  0.45) ; (omega_q = 4.409e-01*i)
WARNING, 5 imaginary frequencies at q = ( 0.35, -0.45, -0.45) ; (omega_q = 3.688e-01*i)
WARNING, 6 imaginary frequencies at q = ( 0.35, -0.45, -0.35) ; (omega_q = 4.453e-01*i)
WARNING, 7 imaginary frequencies at q = ( 0.35, -0.45, -0.25) ; (omega_q = 4.904e-01*i)
WARNING, 7 imaginary frequencies at q = ( 0.35, -0.45, -0.15) ; (omega_q = 4.707e-01*i)
WARNING, 5 imaginary frequencies at q = ( 0.35, -0.45, -0.05) ; (omega_q = 4.052e-01*i)
WARNING, 5 imaginary frequencies at q = ( 0.35, -0.45,  0.05) ; (omega_q = 3.441e-01*i)
WARNING, 6 imaginary frequencies at q = ( 0.35, -0.45,  0.15) ; (omega_q = 4.236e-01*i)
WARNING, 7 imaginary frequencies at q = ( 0.35, -0.45,  0.25) ; (omega_q = 4.839e-01*i)
WARNING, 7 imaginary frequencies at q = ( 0.35, -0.45,  0.35) ; (omega_q = 4.675e-01*i)
WARNING, 5 imaginary frequencies at q = ( 0.35, -0.45,  0.45) ; (omega_q = 4.127e-01*i)
WARNING, 5 imaginary frequencies at q = ( 0.35, -0.35, -0.45) ; (omega_q = 3.786e-01*i)
WARNING, 6 imaginary frequencies at q = ( 0.35, -0.35, -0.35) ; (omega_q = 4.476e-01*i)
WARNING, 7 imaginary frequencies at q = ( 0.35, -0.35, -0.25) ; (omega_q = 4.835e-01*i)
WARNING, 7 imaginary frequencies at q = ( 0.35, -0.35, -0.15) ; (omega_q = 4.636e-01*i)
WARNING, 5 imaginary frequencies at q = ( 0.35, -0.35, -0.05) ; (omega_q = 4.075e-01*i)
WARNING, 5 imaginary frequencies at q = ( 0.35, -0.35,  0.05) ; (omega_q = 3.487e-01*i)
WARNING, 6 imaginary frequencies at q = ( 0.35, -0.35,  0.15) ; (omega_q = 4.267e-01*i)
WARNING, 7 imaginary frequencies at q = ( 0.35, -0.35,  0.25) ; (omega_q = 4.804e-01*i)
WARNING, 6 imaginary frequencies at q = ( 0.35, -0.35,  0.35) ; (omega_q = 4.593e-01*i)
WARNING, 6 imaginary frequencies at q = ( 0.35, -0.35,  0.45) ; (omega_q = 4.133e-01*i)
WARNING, 5 imaginary frequencies at q = ( 0.35, -0.25, -0.45) ; (omega_q = 3.891e-01*i)
WARNING, 6 imaginary frequencies at q = ( 0.35, -0.25, -0.35) ; (omega_q = 4.422e-01*i)
WARNING, 7 imaginary frequencies at q = ( 0.35, -0.25, -0.25) ; (omega_q = 4.800e-01*i)
WARNING, 6 imaginary frequencies at q = ( 0.35, -0.25, -0.15) ; (omega_q = 4.710e-01*i)
WARNING, 5 imaginary frequencies at q = ( 0.35, -0.25, -0.05) ; (omega_q = 4.210e-01*i)
WARNING, 5 imaginary frequencies at q = ( 0.35, -0.25,  0.05) ; (omega_q = 3.664e-01*i)
WARNING, 7 imaginary frequencies at q = ( 0.35, -0.25,  0.15) ; (omega_q = 4.282e-01*i)
WARNING, 7 imaginary frequencies at q = ( 0.35, -0.25,  0.25) ; (omega_q = 4.791e-01*i)
WARNING, 6 imaginary frequencies at q = ( 0.35, -0.25,  0.35) ; (omega_q = 4.616e-01*i)
WARNING, 6 imaginary frequencies at q = ( 0.35, -0.25,  0.45) ; (omega_q = 4.224e-01*i)
WARNING, 4 imaginary frequencies at q = ( 0.35, -0.15, -0.45) ; (omega_q = 3.844e-01*i)
WARNING, 6 imaginary frequencies at q = ( 0.35, -0.15, -0.35) ; (omega_q = 4.321e-01*i)
WARNING, 6 imaginary frequencies at q = ( 0.35, -0.15, -0.25) ; (omega_q = 4.870e-01*i)
WARNING, 6 imaginary frequencies at q = ( 0.35, -0.15, -0.15) ; (omega_q = 4.835e-01*i)
WARNING, 5 imaginary frequencies at q = ( 0.35, -0.15, -0.05) ; (omega_q = 4.311e-01*i)
WARNING, 5 imaginary frequencies at q = ( 0.35, -0.15,  0.05) ; (omega_q = 3.746e-01*i)
WARNING, 6 imaginary frequencies at q = ( 0.35, -0.15,  0.15) ; (omega_q = 4.221e-01*i)
WARNING, 6 imaginary frequencies at q = ( 0.35, -0.15,  0.25) ; (omega_q = 4.771e-01*i)
WARNING, 6 imaginary frequencies at q = ( 0.35, -0.15,  0.35) ; (omega_q = 4.696e-01*i)
WARNING, 6 imaginary frequencies at q = ( 0.35, -0.15,  0.45) ; (omega_q = 4.268e-01*i)
WARNING, 4 imaginary frequencies at q = ( 0.35, -0.05, -0.45) ; (omega_q = 3.678e-01*i)
WARNING, 6 imaginary frequencies at q = ( 0.35, -0.05, -0.35) ; (omega_q = 4.308e-01*i)
WARNING, 6 imaginary frequencies at q = ( 0.35, -0.05, -0.25) ; (omega_q = 4.964e-01*i)
WARNING, 6 imaginary frequencies at q = ( 0.35, -0.05, -0.15) ; (omega_q = 4.849e-01*i)
WARNING, 5 imaginary frequencies at q = ( 0.35, -0.05, -0.05) ; (omega_q = 4.255e-01*i)
WARNING, 5 imaginary frequencies at q = ( 0.35, -0.05,  0.05) ; (omega_q = 3.638e-01*i)
WARNING, 6 imaginary frequencies at q = ( 0.35, -0.05,  0.15) ; (omega_q = 4.158e-01*i)
WARNING, 7 imaginary frequencies at q = ( 0.35, -0.05,  0.25) ; (omega_q = 4.871e-01*i)
WARNING, 6 imaginary frequencies at q = ( 0.35, -0.05,  0.35) ; (omega_q = 4.752e-01*i)
WARNING, 5 imaginary frequencies at q = ( 0.35, -0.05,  0.45) ; (omega_q = 4.210e-01*i)
WARNING, 4 imaginary frequencies at q = ( 0.35,  0.05, -0.45) ; (omega_q = 3.628e-01*i)
WARNING, 6 imaginary frequencies at q = ( 0.35,  0.05, -0.35) ; (omega_q = 4.383e-01*i)
WARNING, 6 imaginary frequencies at q = ( 0.35,  0.05, -0.25) ; (omega_q = 4.962e-01*i)
WARNING, 6 imaginary frequencies at q = ( 0.35,  0.05, -0.15) ; (omega_q = 4.711e-01*i)
WARNING, 5 imaginary frequencies at q = ( 0.35,  0.05, -0.05) ; (omega_q = 4.092e-01*i)
WARNING, 5 imaginary frequencies at q = ( 0.35,  0.05,  0.05) ; (omega_q = 3.505e-01*i)
WARNING, 7 imaginary frequencies at q = ( 0.35,  0.05,  0.15) ; (omega_q = 4.232e-01*i)
WARNING, 7 imaginary frequencies at q = ( 0.35,  0.05,  0.25) ; (omega_q = 4.920e-01*i)
WARNING, 6 imaginary frequencies at q = ( 0.35,  0.05,  0.35) ; (omega_q = 4.673e-01*i)
WARNING, 5 imaginary frequencies at q = ( 0.35,  0.05,  0.45) ; (omega_q = 4.106e-01*i)
WARNING, 5 imaginary frequencies at q = ( 0.35,  0.15, -0.45) ; (omega_q = 3.682e-01*i)
WARNING, 6 imaginary frequencies at q = ( 0.35,  0.15, -0.35) ; (omega_q = 4.409e-01*i)
WARNING, 7 imaginary frequencies at q = ( 0.35,  0.15, -0.25) ; (omega_q = 4.873e-01*i)
WARNING, 7 imaginary frequencies at q = ( 0.35,  0.15, -0.15) ; (omega_q = 4.581e-01*i)
WARNING, 5 imaginary frequencies at q = ( 0.35,  0.15, -0.05) ; (omega_q = 3.977e-01*i)
WARNING, 5 imaginary frequencies at q = ( 0.35,  0.15,  0.05) ; (omega_q = 3.536e-01*i)
WARNING, 7 imaginary frequencies at q = ( 0.35,  0.15,  0.15) ; (omega_q = 4.289e-01*i)
WARNING, 7 imaginary frequencies at q = ( 0.35,  0.15,  0.25) ; (omega_q = 4.900e-01*i)
WARNING, 6 imaginary frequencies at q = ( 0.35,  0.15,  0.35) ; (omega_q = 4.648e-01*i)
WARNING, 5 imaginary frequencies at q = ( 0.35,  0.15,  0.45) ; (omega_q = 4.095e-01*i)
WARNING, 5 imaginary frequencies at q = ( 0.35,  0.25, -0.45) ; (omega_q = 3.779e-01*i)
WARNING, 7 imaginary frequencies at q = ( 0.35,  0.25, -0.35) ; (omega_q = 4.362e-01*i)
WARNING, 7 imaginary frequencies at q = ( 0.35,  0.25, -0.25) ; (omega_q = 4.791e-01*i)
WARNING, 7 imaginary frequencies at q = ( 0.35,  0.25, -0.15) ; (omega_q = 4.561e-01*i)
WARNING, 5 imaginary frequencies at q = ( 0.35,  0.25, -0.05) ; (omega_q = 4.055e-01*i)
WARNING, 5 imaginary frequencies at q = ( 0.35,  0.25,  0.05) ; (omega_q = 3.725e-01*i)
WARNING, 6 imaginary frequencies at q = ( 0.35,  0.25,  0.15) ; (omega_q = 4.292e-01*i)
WARNING, 7 imaginary frequencies at q = ( 0.35,  0.25,  0.25) ; (omega_q = 4.868e-01*i)
WARNING, 6 imaginary frequencies at q = ( 0.35,  0.25,  0.35) ; (omega_q = 4.702e-01*i)
WARNING, 5 imaginary frequencies at q = ( 0.35,  0.25,  0.45) ; (omega_q = 4.154e-01*i)
WARNING, 5 imaginary frequencies at q = ( 0.35,  0.35, -0.45) ; (omega_q = 3.802e-01*i)
WARNING, 6 imaginary frequencies at q = ( 0.35,  0.35, -0.35) ; (omega_q = 4.321e-01*i)
WARNING, 7 imaginary frequencies at q = ( 0.35,  0.35, -0.25) ; (omega_q = 4.786e-01*i)
WARNING, 7 imaginary frequencies at q = ( 0.35,  0.35, -0.15) ; (omega_q = 4.764e-01*i)
WARNING, 5 imaginary frequencies at q = ( 0.35,  0.35, -0.05) ; (omega_q = 4.238e-01*i)
WARNING, 5 imaginary frequencies at q = ( 0.35,  0.35,  0.05) ; (omega_q = 3.790e-01*i)
WARNING, 6 imaginary frequencies at q = ( 0.35,  0.35,  0.15) ; (omega_q = 4.232e-01*i)
WARNING, 7 imaginary frequencies at q = ( 0.35,  0.35,  0.25) ; (omega_q = 4.832e-01*i)
WARNING, 7 imaginary frequencies at q = ( 0.35,  0.35,  0.35) ; (omega_q = 4.781e-01*i)
WARNING, 6 imaginary frequencies at q = ( 0.35,  0.35,  0.45) ; (omega_q = 4.209e-01*i)
WARNING, 5 imaginary frequencies at q = ( 0.35,  0.45, -0.45) ; (omega_q = 3.705e-01*i)
WARNING, 6 imaginary frequencies at q = ( 0.35,  0.45, -0.35) ; (omega_q = 4.371e-01*i)
WARNING, 7 imaginary frequencies at q = ( 0.35,  0.45, -0.25) ; (omega_q = 4.892e-01*i)
WARNING, 7 imaginary frequencies at q = ( 0.35,  0.45, -0.15) ; (omega_q = 4.847e-01*i)
WARNING, 5 imaginary frequencies at q = ( 0.35,  0.45, -0.05) ; (omega_q = 4.184e-01*i)
WARNING, 5 imaginary frequencies at q = ( 0.35,  0.45,  0.05) ; (omega_q = 3.606e-01*i)
WARNING, 6 imaginary frequencies at q = ( 0.35,  0.45,  0.15) ; (omega_q = 4.198e-01*i)
WARNING, 7 imaginary frequencies at q = ( 0.35,  0.45,  0.25) ; (omega_q = 4.851e-01*i)
WARNING, 6 imaginary frequencies at q = ( 0.35,  0.45,  0.35) ; (omega_q = 4.807e-01*i)
WARNING, 5 imaginary frequencies at q = ( 0.35,  0.45,  0.45) ; (omega_q = 4.201e-01*i)
WARNING, 3 imaginary frequencies at q = ( 0.45, -0.45, -0.45) ; (omega_q = 2.171e-01*i)
WARNING, 6 imaginary frequencies at q = ( 0.45, -0.45, -0.35) ; (omega_q = 4.317e-01*i)
WARNING, 6 imaginary frequencies at q = ( 0.45, -0.45, -0.25) ; (omega_q = 5.084e-01*i)
WARNING, 6 imaginary frequencies at q = ( 0.45, -0.45, -0.15) ; (omega_q = 4.513e-01*i)
WARNING, 4 imaginary frequencies at q = ( 0.45, -0.45, -0.05) ; (omega_q = 2.574e-01*i)
WARNING, 3 imaginary frequencies at q = ( 0.45, -0.45,  0.05) ; (omega_q = 1.896e-01*i)
WARNING, 5 imaginary frequencies at q = ( 0.45, -0.45,  0.15) ; (omega_q = 4.307e-01*i)
WARNING, 6 imaginary frequencies at q = ( 0.45, -0.45,  0.25) ; (omega_q = 5.093e-01*i)
WARNING, 6 imaginary frequencies at q = ( 0.45, -0.45,  0.35) ; (omega_q = 4.481e-01*i)
WARNING, 4 imaginary frequencies at q = ( 0.45, -0.45,  0.45) ; (omega_q = 2.638e-01*i)
WARNING, 3 imaginary frequencies at q = ( 0.45, -0.35, -0.45) ; (omega_q = 2.465e-01*i)
WARNING, 5 imaginary frequencies at q = ( 0.45, -0.35, -0.35) ; (omega_q = 4.346e-01*i)
WARNING, 6 imaginary frequencies at q = ( 0.45, -0.35, -0.25) ; (omega_q = 4.974e-01*i)
WARNING, 6 imaginary frequencies at q = ( 0.45, -0.35, -0.15) ; (omega_q = 4.511e-01*i)
WARNING, 3 imaginary frequencies at q = ( 0.45, -0.35, -0.05) ; (omega_q = 2.726e-01*i)
WARNING, 3 imaginary frequencies at q = ( 0.45, -0.35,  0.05) ; (omega_q = 2.298e-01*i)
WARNING, 6 imaginary frequencies at q = ( 0.45, -0.35,  0.15) ; (omega_q = 4.383e-01*i)
WARNING, 6 imaginary frequencies at q = ( 0.45, -0.35,  0.25) ; (omega_q = 5.031e-01*i)
WARNING, 6 imaginary frequencies at q = ( 0.45, -0.35,  0.35) ; (omega_q = 4.470e-01*i)
WARNING, 4 imaginary frequencies at q = ( 0.45, -0.35,  0.45) ; (omega_q = 2.693e-01*i)
WARNING, 3 imaginary frequencies at q = ( 0.45, -0.25, -0.45) ; (omega_q = 2.576e-01*i)
WARNING, 5 imaginary frequencies at q = ( 0.45, -0.25, -0.35) ; (omega_q = 4.212e-01*i)
WARNING, 6 imaginary frequencies at q = ( 0.45, -0.25, -0.25) ; (omega_q = 4.957e-01*i)
WARNING, 6 imaginary frequencies at q = ( 0.45, -0.25, -0.15) ; (omega_q = 4.661e-01*i)
WARNING, 4 imaginary frequencies at q = ( 0.45, -0.25, -0.05) ; (omega_q = 3.041e-01*i)
WARNING, 3 imaginary frequencies at q = ( 0.45, -0.25,  0.05) ; (omega_q = 2.393e-01*i)
WARNING, 5 imaginary frequencies at q = ( 0.45, -0.25,  0.15) ; (omega_q = 4.266e-01*i)
WARNING, 6 imaginary frequencies at q = ( 0.45, -0.25,  0.25) ; (omega_q = 4.956e-01*i)
WARNING, 6 imaginary frequencies at q = ( 0.45, -0.25,  0.35) ; (omega_q = 4.591e-01*i)
WARNING, 5 imaginary frequencies at q = ( 0.45, -0.25,  0.45) ; (omega_q = 2.879e-01*i)
WARNING, 3 imaginary frequencies at q = ( 0.45, -0.15, -0.45) ; (omega_q = 2.321e-01*i)
WARNING, 6 imaginary frequencies at q = ( 0.45, -0.15, -0.35) ; (omega_q = 4.072e-01*i)
WARNING, 6 imaginary frequencies at q = ( 0.45, -0.15, -0.25) ; (omega_q = 5.073e-01*i)
WARNING, 6 imaginary frequencies at q = ( 0.45, -0.15, -0.15) ; (omega_q = 4.837e-01*i)
WARNING, 4 imaginary frequencies at q = ( 0.45, -0.15, -0.05) ; (omega_q = 3.174e-01*i)
WARNING, 2 imaginary frequencies at q = ( 0.45, -0.15,  0.05) ; (omega_q = 2.207e-01*i)
WARNING, 5 imaginary frequencies at q = ( 0.45, -0.15,  0.15) ; (omega_q = 4.089e-01*i)
WARNING, 6 imaginary frequencies at q = ( 0.45, -0.15,  0.25) ; (omega_q = 5.023e-01*i)
WARNING, 6 imaginary frequencies at q = ( 0.45, -0.15,  0.35) ; (omega_q = 4.760e-01*i)
WARNING, 5 imaginary frequencies at q = ( 0.45, -0.15,  0.45) ; (omega_q = 2.994e-01*i)
WARNING, 3 imaginary frequencies at q = ( 0.45, -0.05, -0.45) ; (omega_q = 1.832e-01*i)
WARNING, 6 imaginary frequencies at q = ( 0.45, -0.05, -0.35) ; (omega_q = 4.156e-01*i)
WARNING, 6 imaginary frequencies at q = ( 0.45, -0.05, -0.25) ; (omega_q = 5.192e-01*i)
WARNING, 6 imaginary frequencies at q = ( 0.45, -0.05, -0.15) ; (omega_q = 4.812e-01*i)
WARNING, 4 imaginary frequencies at q = ( 0.45, -0.05, -0.05) ; (omega_q = 2.912e-01*i)
WARNING, 2 imaginary frequencies at q = ( 0.45, -0.05,  0.05) ; (omega_q = 1.558e-01*i)
WARNING, 5 imaginary frequencies at q = ( 0.45, -0.05,  0.15) ; (omega_q = 4.175e-01*i)
WARNING, 6 imaginary frequencies at q = ( 0.45, -0.05,  0.25) ; (omega_q = 5.179e-01*i)
WARNING, 5 imaginary frequencies at q = ( 0.45, -0.05,  0.35) ; (omega_q = 4.764e-01*i)
WARNING, 4 imaginary frequencies at q = ( 0.45, -0.05,  0.45) ; (omega_q = 2.792e-01*i)
WARNING, 3 imaginary frequencies at q = ( 0.45,  0.05, -0.45) ; (omega_q = 1.905e-01*i)
WARNING, 5 imaginary frequencies at q = ( 0.45,  0.05, -0.35) ; (omega_q = 4.357e-01*i)
WARNING, 5 imaginary frequencies at q = ( 0.45,  0.05, -0.25) ; (omega_q = 5.179e-01*i)
WARNING, 5 imaginary frequencies at q = ( 0.45,  0.05, -0.15) ; (omega_q = 4.609e-01*i)
WARNING, 3 imaginary frequencies at q = ( 0.45,  0.05, -0.05) ; (omega_q = 2.587e-01*i)
WARNING, 2 imaginary frequencies at q = ( 0.45,  0.05,  0.05) ; (omega_q = 1.772e-01*i)
WARNING, 5 imaginary frequencies at q = ( 0.45,  0.05,  0.15) ; (omega_q = 4.414e-01*i)
WARNING, 5 imaginary frequencies at q = ( 0.45,  0.05,  0.25) ; (omega_q = 5.220e-01*i)
WARNING, 5 imaginary frequencies at q = ( 0.45,  0.05,  0.35) ; (omega_q = 4.615e-01*i)
WARNING, 3 imaginary frequencies at q = ( 0.45,  0.05,  0.45) ; (omega_q = 2.570e-01*i)
WARNING, 4 imaginary frequencies at q = ( 0.45,  0.15, -0.45) ; (omega_q = 2.239e-01*i)
WARNING, 5 imaginary frequencies at q = ( 0.45,  0.15, -0.35) ; (omega_q = 4.401e-01*i)
WARNING, 6 imaginary frequencies at q = ( 0.45,  0.15, -0.25) ; (omega_q = 5.045e-01*i)
WARNING, 5 imaginary frequencies at q = ( 0.45,  0.15, -0.15) ; (omega_q = 4.459e-01*i)
WARNING, 3 imaginary frequencies at q = ( 0.45,  0.15, -0.05) ; (omega_q = 2.621e-01*i)
WARNING, 3 imaginary frequencies at q = ( 0.45,  0.15,  0.05) ; (omega_q = 2.201e-01*i)
WARNING, 5 imaginary frequencies at q = ( 0.45,  0.15,  0.15) ; (omega_q = 4.491e-01*i)
WARNING, 6 imaginary frequencies at q = ( 0.45,  0.15,  0.25) ; (omega_q = 5.136e-01*i)
WARNING, 5 imaginary frequencies at q = ( 0.45,  0.15,  0.35) ; (omega_q = 4.506e-01*i)
WARNING, 4 imaginary frequencies at q = ( 0.45,  0.15,  0.45) ; (omega_q = 2.646e-01*i)
WARNING, 4 imaginary frequencies at q = ( 0.45,  0.25, -0.45) ; (omega_q = 2.427e-01*i)
WARNING, 5 imaginary frequencies at q = ( 0.45,  0.25, -0.35) ; (omega_q = 4.255e-01*i)
WARNING, 6 imaginary frequencies at q = ( 0.45,  0.25, -0.25) ; (omega_q = 4.954e-01*i)
WARNING, 6 imaginary frequencies at q = ( 0.45,  0.25, -0.15) ; (omega_q = 4.520e-01*i)
WARNING, 4 imaginary frequencies at q = ( 0.45,  0.25, -0.05) ; (omega_q = 3.051e-01*i)
WARNING, 4 imaginary frequencies at q = ( 0.45,  0.25,  0.05) ; (omega_q = 2.404e-01*i)
WARNING, 5 imaginary frequencies at q = ( 0.45,  0.25,  0.15) ; (omega_q = 4.350e-01*i)
WARNING, 6 imaginary frequencies at q = ( 0.45,  0.25,  0.25) ; (omega_q = 5.020e-01*i)
WARNING, 5 imaginary frequencies at q = ( 0.45,  0.25,  0.35) ; (omega_q = 4.524e-01*i)
WARNING, 5 imaginary frequencies at q = ( 0.45,  0.25,  0.45) ; (omega_q = 2.841e-01*i)
WARNING, 4 imaginary frequencies at q = ( 0.45,  0.35, -0.45) ; (omega_q = 2.280e-01*i)
WARNING, 5 imaginary frequencies at q = ( 0.45,  0.35, -0.35) ; (omega_q = 4.122e-01*i)
WARNING, 6 imaginary frequencies at q = ( 0.45,  0.35, -0.25) ; (omega_q = 5.022e-01*i)
WARNING, 6 imaginary frequencies at q = ( 0.45,  0.35, -0.15) ; (omega_q = 4.769e-01*i)
WARNING, 4 imaginary frequencies at q = ( 0.45,  0.35, -0.05) ; (omega_q = 3.265e-01*i)
WARNING, 3 imaginary frequencies at q = ( 0.45,  0.35,  0.05) ; (omega_q = 2.310e-01*i)
WARNING, 5 imaginary frequencies at q = ( 0.45,  0.35,  0.15) ; (omega_q = 4.118e-01*i)
WARNING, 6 imaginary frequencies at q = ( 0.45,  0.35,  0.25) ; (omega_q = 4.994e-01*i)
WARNING, 5 imaginary frequencies at q = ( 0.45,  0.35,  0.35) ; (omega_q = 4.664e-01*i)
WARNING, 5 imaginary frequencies at q = ( 0.45,  0.35,  0.45) ; (omega_q = 3.013e-01*i)
WARNING, 4 imaginary frequencies at q = ( 0.45,  0.45, -0.45) ; (omega_q = 1.922e-01*i)
WARNING, 5 imaginary frequencies at q = ( 0.45,  0.45, -0.35) ; (omega_q = 4.173e-01*i)
WARNING, 6 imaginary frequencies at q = ( 0.45,  0.45, -0.25) ; (omega_q = 5.112e-01*i)
WARNING, 6 imaginary frequencies at q = ( 0.45,  0.45, -0.15) ; (omega_q = 4.744e-01*i)
WARNING, 4 imaginary frequencies at q = ( 0.45,  0.45, -0.05) ; (omega_q = 2.911e-01*i)
WARNING, 3 imaginary frequencies at q = ( 0.45,  0.45,  0.05) ; (omega_q = 1.644e-01*i)
WARNING, 5 imaginary frequencies at q = ( 0.45,  0.45,  0.15) ; (omega_q = 4.120e-01*i)
WARNING, 5 imaginary frequencies at q = ( 0.45,  0.45,  0.25) ; (omega_q = 5.071e-01*i)
WARNING, 5 imaginary frequencies at q = ( 0.45,  0.45,  0.35) ; (omega_q = 4.661e-01*i)
WARNING, 4 imaginary frequencies at q = ( 0.45,  0.45,  0.45) ; (omega_q = 2.829e-01*i)
Traceback (most recent call last):
  File "/ibiscostorage/mmollo/99_diario/2024-01-30/01_ice_xi_phonons/03_run_tweak_displacement/02_phonons.py", line 40, in <module>
    fig = plt.figure(1, figsize=(7, 5))
          ^^^
NameError: name 'plt' is not defined
FINISHED!!!
