Starging at Sun Mar 10 22:28:19 CET 2024
:: initializing oneAPI environment ...
   BASH version = 4.2.46(2)-release
:: dev-utilities -- latest
:: tbb -- latest
:: compiler -- latest
:: dpl -- latest
:: mkl -- latest
:: ipp -- latest
:: mpi -- latest
:: ccl -- latest
:: vtune -- latest
:: dpcpp-ct -- latest
:: dal -- latest
:: intelpython -- latest
:: ippcp -- latest
:: debugger -- latest
:: inspector -- latest
:: clck -- latest
:: itac -- latest
:: oneAPI environment initialized ::
     using /nfsexports/SOFTWARE/intel/oneapi/mpi/2021.1.1/bin/mpirun
Using Python 3.11.5
Python path: /lustre/home/mmollo/.cache/pypoetry/virtualenvs/tesi-magistrale-jxuYGkd5-py3.11/bin/python
/lustre/home/mmollo/.cache/pypoetry/virtualenvs/tesi-magistrale-jxuYGkd5-py3.11/lib/python3.11/site-packages/torch_dftd/torch_dftd3_calculator.py:98: UserWarning: Creating a tensor from a list of numpy.ndarrays is extremely slow. Please consider converting the list to a single numpy.ndarray with numpy.array() before converting to a tensor. (Triggered internally at ../torch/csrc/utils/tensor_new.cpp:275.)
  cell: Optional[Tensor] = torch.tensor(
spglib: Attempt 0 tolerance = 1.000000e-05 failed(line 800, /project/src/spacegroup.c).
spglib: No point group was found (line 405, /project/src/pointgroup.c).
spglib: Attempt 1 tolerance = 9.500000e-06 failed(line 800, /project/src/spacegroup.c).
spglib: Attempt 0 tolerance = 1.000000e-05 failed(line 800, /project/src/spacegroup.c).
spglib: No point group was found (line 405, /project/src/pointgroup.c).
spglib: Attempt 1 tolerance = 9.500000e-06 failed(line 800, /project/src/spacegroup.c).
spglib: Attempt 0 tolerance = 1.000000e-05 failed(line 800, /project/src/spacegroup.c).
spglib: No point group was found (line 405, /project/src/pointgroup.c).
spglib: Attempt 1 tolerance = 9.500000e-06 failed(line 800, /project/src/spacegroup.c).
Using Materials Project MACE for MACECalculator with /lustre/home/mmollo/.cache/mace/5yyxdm76
Using float64 for MACECalculator, which is slower but more accurate. Recommended for geometry optimization.
Using TorchDFTD3Calculator for D3 dispersion corrections (see https://github.com/pfnet-research/torch-dftd)
optimisation started at 2024-03-10 22:28:26.321507
phonons optimization finished after 0:00:44.434408
phonons displacements started at 2024-03-10 22:29:10.756095
phonons displacements finished after 0:00:00.084443
phonons forces started at 2024-03-10 22:29:10.840549
phonons forces finished after 0:00:50.528909
phonons force constants started at 2024-03-10 22:30:01.369492
phonons force constants finished after 0:00:00.297178
phonons thermal started at 2024-03-10 22:30:01.666686
phonons thermal finished after 0:00:02.882793
phonons save started at 2024-03-10 22:30:04.549491
phonons save finished after 0:00:01.110515
phonons band auto started at 2024-03-10 22:30:05.660042
phonons band auto finished after 0:00:02.995663
phonons save cv started at 2024-03-10 22:30:08.655720
phonons save cv&co finished after 0:00:00.005672
Sun Mar 10 22:30:09 CET 2024
FINISHED!!!
