Starging at Tue Mar 26 00:04:36 CET 2024
:: initializing oneAPI environment ...
   BASH version = 4.2.46(2)-release
:: dev-utilities -- latest
:: tbb -- latest
:: compiler -- latest
:: dpl -- latest
:: mkl -- latest
:: ipp -- latest
:: mpi -- latest
:: ccl -- latest
:: vtune -- latest
:: dpcpp-ct -- latest
:: dal -- latest
:: intelpython -- latest
:: ippcp -- latest
:: debugger -- latest
:: inspector -- latest
:: clck -- latest
:: itac -- latest
:: oneAPI environment initialized ::
     using /nfsexports/SOFTWARE/intel/oneapi/mpi/2021.1.1/bin/mpirun
Using Python 3.11.8
Python path: /lustre/home/mmollo/.cache/pypoetry/virtualenvs/tesi-magistrale-jxuYGkd5-py3.11/bin/python
Default dtype float64 does not match model dtype float32, converting models to float64.
Optimization started at 2024-03-26 00:05:40.798451
Optimization finished after 0:01:35.403238
Displacements started at 2024-03-26 00:07:16.202599
Displacements finished after 0:00:00.839206
Forces calculation started at 2024-03-26 00:07:17.041845
Forces calculation finished after 0:00:27.976425
Force constants calculation started at 2024-03-26 00:07:45.018317
Force constants calculation finished after 0:00:00.735257
Goodbye from Python!
Tue Mar 26 00:08:02 CET 2024
FINISHED!!!
