Starging at Thu Mar 14 02:06:14 CET 2024
:: initializing oneAPI environment ...
   BASH version = 4.2.46(2)-release
:: dev-utilities -- latest
:: tbb -- latest
:: compiler -- latest
:: dpl -- latest
:: mkl -- latest
:: ipp -- latest
:: mpi -- latest
:: ccl -- latest
:: vtune -- latest
:: dpcpp-ct -- latest
:: dal -- latest
:: intelpython -- latest
:: ippcp -- latest
:: debugger -- latest
:: inspector -- latest
:: clck -- latest
:: itac -- latest
:: oneAPI environment initialized ::
     using /nfsexports/SOFTWARE/intel/oneapi/mpi/2021.1.1/bin/mpirun
Using Python 3.11.8
Python path: /lustre/home/mmollo/.cache/pypoetry/virtualenvs/tesi-magistrale-jxuYGkd5-py3.11/bin/python
/lustre/home/mmollo/.cache/pypoetry/virtualenvs/tesi-magistrale-jxuYGkd5-py3.11/lib/python3.11/site-packages/torch_dftd/torch_dftd3_calculator.py:98: UserWarning: Creating a tensor from a list of numpy.ndarrays is extremely slow. Please consider converting the list to a single numpy.ndarray with numpy.array() before converting to a tensor. (Triggered internally at ../torch/csrc/utils/tensor_new.cpp:275.)
  cell: Optional[Tensor] = torch.tensor(
spglib: Attempt 0 tolerance = 1.000000e-05 failed(line 800, /project/src/spacegroup.c).
spglib: No point group was found (line 405, /project/src/pointgroup.c).
spglib: Attempt 1 tolerance = 9.500000e-06 failed(line 800, /project/src/spacegroup.c).
spglib: Attempt 0 tolerance = 1.000000e-05 failed(line 800, /project/src/spacegroup.c).
spglib: No point group was found (line 405, /project/src/pointgroup.c).
spglib: Attempt 1 tolerance = 9.500000e-06 failed(line 800, /project/src/spacegroup.c).
spglib: Attempt 0 tolerance = 1.000000e-05 failed(line 800, /project/src/spacegroup.c).
spglib: No point group was found (line 405, /project/src/pointgroup.c).
spglib: Attempt 1 tolerance = 9.500000e-06 failed(line 800, /project/src/spacegroup.c).
Using Materials Project MACE for MACECalculator with /lustre/home/mmollo/.cache/mace/5yyxdm76
Using float64 for MACECalculator, which is slower but more accurate. Recommended for geometry optimization.
Using TorchDFTD3Calculator for D3 dispersion corrections (see https://github.com/pfnet-research/torch-dftd)
optimisation started at 2024-03-14 02:06:23.010451
phonons optimization finished after 0:01:10.220157
phonons displacements started at 2024-03-14 02:07:33.230934
phonons displacements finished after 0:00:00.114435
phonons forces started at 2024-03-14 02:07:33.345400
phonons forces finished after 0:00:53.184106
phonons force constants started at 2024-03-14 02:08:26.529568
phonons force constants finished after 0:00:00.309118
phonons thermal started at 2024-03-14 02:08:26.838718
phonons thermal finished after 0:00:02.844902
phonons save started at 2024-03-14 02:08:29.683658
phonons save finished after 0:00:02.594939
phonons band auto started at 2024-03-14 02:08:32.278640
phonons band auto finished after 0:00:03.482386
phonons save cv started at 2024-03-14 02:08:35.761057
phonons save cv&co finished after 0:00:00.011815
phonons dos started at 2024-03-14 02:08:35.772906
phonons dos finished after 0:00:02.417663
phonons pdos started at 2024-03-14 02:08:38.190599
phonons pdos finished after 0:00:07.428538
Python calculations since optimization start finished after 0:02:22.608729
Thu Mar 14 02:08:48 CET 2024
FINISHED!!!
